2024-05-30 16:55:43.547 [info] Extension host with pid 13616 started
2024-05-30 16:55:43.547 [info] Skipping acquiring lock for /home/peter/.config/Code - OSS/User/workspaceStorage/ce3eb1f3dd618668ce32481f621b35a5.
2024-05-30 16:55:43.787 [info] ExtensionService#_doActivateExtension vscode.git-base, startup: true, activationEvent: '*'
2024-05-30 16:55:43.883 [info] ExtensionService#_doActivateExtension vscode.github, startup: true, activationEvent: '*'
2024-05-30 16:55:43.959 [info] Eager extensions activated
2024-05-30 16:55:44.207 [info] ExtensionService#_doActivateExtension vscode.debug-auto-launch, startup: false, activationEvent: 'onStartupFinished'
2024-05-30 16:55:44.213 [info] ExtensionService#_doActivateExtension vscode.merge-conflict, startup: false, activationEvent: 'onStartupFinished'
2024-05-30 16:55:46.485 [info] ExtensionService#_doActivateExtension vscode.git, startup: false, activationEvent: 'api', root cause: vscode.github
2024-05-30 16:55:46.920 [info] ExtensionService#_doActivateExtension vscode.github-authentication, startup: false, activationEvent: 'onAuthenticationRequest:github'
2024-05-30 16:57:26.853 [info] ExtensionService#_doActivateExtension vscode.emmet, startup: false, activationEvent: 'onLanguage'
2024-05-30 16:57:55.376 [info] ExtensionService#_doActivateExtension mhutchie.git-graph, startup: false, activationEvent: '*'
2024-05-30 16:57:55.419 [info] ExtensionService#_doActivateExtension felipecaputo.git-project-manager, startup: false, activationEvent: 'onStartupFinished'
2024-05-30 16:57:55.465 [info] ExtensionService#_doActivateExtension eamodio.gitlens, startup: false, activationEvent: 'onStartupFinished'
2024-05-30 16:58:39.830 [info] Extension host terminating: renderer closed the MessagePort
2024-05-30 16:58:39.870 [error] An error occurred when deactivating the subscriptions for extension 'eamodio.gitlens':
2024-05-30 16:58:39.873 [error] TypeError: I.dispose is not a function
	at a (/usr/lib/code/out/vs/workbench/api/node/extensionHostProcess.js:30:744)
	at f.eb (/usr/lib/code/out/vs/workbench/api/node/extensionHostProcess.js:159:9975)
	at /usr/lib/code/out/vs/workbench/api/node/extensionHostProcess.js:159:7824
	at Array.map (<anonymous>)
	at f.$ (/usr/lib/code/out/vs/workbench/api/node/extensionHostProcess.js:159:7811)
	at f.terminate (/usr/lib/code/out/vs/workbench/api/node/extensionHostProcess.js:159:8085)
	at a.terminate (/usr/lib/code/out/vs/workbench/api/node/extensionHostProcess.js:163:1513)
	at t (/usr/lib/code/out/vs/workbench/api/node/extensionHostProcess.js:176:9922)
	at MessagePortMain.<anonymous> (/usr/lib/code/out/vs/workbench/api/node/extensionHostProcess.js:176:6347)
	at MessagePortMain.emit (node:events:517:28)
	at MessagePortMain._internalPort.emit (node:electron/js2c/utility_init:2:2285)
2024-05-30 16:58:39.879 [error] Canceled: Canceled
	at new O (/usr/lib/code/out/vs/workbench/api/node/extensionHostProcess.js:143:47131)
	at c.U (/usr/lib/code/out/vs/workbench/api/node/extensionHostProcess.js:150:5542)
	at F.<computed>.z.charCodeAt.F.<computed> (/usr/lib/code/out/vs/workbench/api/node/extensionHostProcess.js:150:2993)
	at r.g (/usr/lib/code/out/vs/workbench/api/node/extensionHostProcess.js:153:188926)
	at r.executeCommand (/usr/lib/code/out/vs/workbench/api/node/extensionHostProcess.js:153:188364)
	at k.registerCommand.description (/usr/lib/code/out/vs/workbench/api/node/extensionHostProcess.js:153:187688)
	at r.h (/usr/lib/code/out/vs/workbench/api/node/extensionHostProcess.js:153:189465)
	at r.g (/usr/lib/code/out/vs/workbench/api/node/extensionHostProcess.js:153:188457)
	at r.executeCommand (/usr/lib/code/out/vs/workbench/api/node/extensionHostProcess.js:153:188364)
	at Object.executeCommand (/usr/lib/code/out/vs/workbench/api/node/extensionHostProcess.js:163:22673)
	at a.O [as value] (/usr/lib/code/extensions/git/dist/main.js:2:945138)
	at o.y (/usr/lib/code/out/vs/workbench/api/node/extensionHostProcess.js:82:660)
	at o.z (/usr/lib/code/out/vs/workbench/api/node/extensionHostProcess.js:82:730)
	at o.fire (/usr/lib/code/out/vs/workbench/api/node/extensionHostProcess.js:82:946)
	at Object.p [as dispose] (/usr/lib/code/extensions/git/dist/main.js:2:964222)
	at /usr/lib/code/extensions/git/dist/main.js:2:970260
	at Array.forEach (<anonymous>)
	at f.dispose (/usr/lib/code/extensions/git/dist/main.js:2:970246)
	at h.<anonymous> (/usr/lib/code/out/vs/workbench/api/node/extensionHostProcess.js:151:3955)
	at h.dispose (/usr/lib/code/out/vs/workbench/api/node/extensionHostProcess.js:151:4052)
	at h.<anonymous> (/usr/lib/code/extensions/git/dist/main.js:2:947395)
	at h.dispose (/usr/lib/code/out/vs/workbench/api/node/extensionHostProcess.js:151:4052)
	at a (/usr/lib/code/out/vs/workbench/api/node/extensionHostProcess.js:30:744)
	at f.eb (/usr/lib/code/out/vs/workbench/api/node/extensionHostProcess.js:159:9975)
	at /usr/lib/code/out/vs/workbench/api/node/extensionHostProcess.js:159:7824
	at Array.map (<anonymous>)
	at f.$ (/usr/lib/code/out/vs/workbench/api/node/extensionHostProcess.js:159:7811)
	at f.terminate (/usr/lib/code/out/vs/workbench/api/node/extensionHostProcess.js:159:8085)
	at a.terminate (/usr/lib/code/out/vs/workbench/api/node/extensionHostProcess.js:163:1513)
	at t (/usr/lib/code/out/vs/workbench/api/node/extensionHostProcess.js:176:9922)
	at MessagePortMain.<anonymous> (/usr/lib/code/out/vs/workbench/api/node/extensionHostProcess.js:176:6347)
	at MessagePortMain.emit (node:events:517:28)
	at MessagePortMain._internalPort.emit (node:electron/js2c/utility_init:2:2285) setContext undefined
2024-05-30 16:58:39.880 [error] Canceled: Canceled
	at new O (/usr/lib/code/out/vs/workbench/api/node/extensionHostProcess.js:143:47131)
	at c.U (/usr/lib/code/out/vs/workbench/api/node/extensionHostProcess.js:150:5542)
	at F.<computed>.z.charCodeAt.F.<computed> (/usr/lib/code/out/vs/workbench/api/node/extensionHostProcess.js:150:2993)
	at r.g (/usr/lib/code/out/vs/workbench/api/node/extensionHostProcess.js:153:188926)
	at r.executeCommand (/usr/lib/code/out/vs/workbench/api/node/extensionHostProcess.js:153:188364)
	at k.registerCommand.description (/usr/lib/code/out/vs/workbench/api/node/extensionHostProcess.js:153:187688)
	at r.h (/usr/lib/code/out/vs/workbench/api/node/extensionHostProcess.js:153:189465)
	at r.g (/usr/lib/code/out/vs/workbench/api/node/extensionHostProcess.js:153:188457)
	at r.executeCommand (/usr/lib/code/out/vs/workbench/api/node/extensionHostProcess.js:153:188364)
	at Object.executeCommand (/usr/lib/code/out/vs/workbench/api/node/extensionHostProcess.js:163:22673)
	at set hasGitHubRepositories [as hasGitHubRepositories] (/usr/lib/code/extensions/github/dist/extension.js:2:322969)
	at /usr/lib/code/extensions/github/dist/extension.js:2:323928
	at a.value (/usr/lib/code/extensions/git/dist/main.js:2:1050711)
	at o.y (/usr/lib/code/out/vs/workbench/api/node/extensionHostProcess.js:82:660)
	at o.z (/usr/lib/code/out/vs/workbench/api/node/extensionHostProcess.js:82:730)
	at o.fire (/usr/lib/code/out/vs/workbench/api/node/extensionHostProcess.js:82:946)
	at Object.p [as dispose] (/usr/lib/code/extensions/git/dist/main.js:2:964222)
	at /usr/lib/code/extensions/git/dist/main.js:2:970260
	at Array.forEach (<anonymous>)
	at f.dispose (/usr/lib/code/extensions/git/dist/main.js:2:970246)
	at h.<anonymous> (/usr/lib/code/out/vs/workbench/api/node/extensionHostProcess.js:151:3955)
	at h.dispose (/usr/lib/code/out/vs/workbench/api/node/extensionHostProcess.js:151:4052)
	at h.<anonymous> (/usr/lib/code/extensions/git/dist/main.js:2:947395)
	at h.dispose (/usr/lib/code/out/vs/workbench/api/node/extensionHostProcess.js:151:4052)
	at a (/usr/lib/code/out/vs/workbench/api/node/extensionHostProcess.js:30:744)
	at f.eb (/usr/lib/code/out/vs/workbench/api/node/extensionHostProcess.js:159:9975)
	at /usr/lib/code/out/vs/workbench/api/node/extensionHostProcess.js:159:7824
	at Array.map (<anonymous>)
	at f.$ (/usr/lib/code/out/vs/workbench/api/node/extensionHostProcess.js:159:7811)
	at f.terminate (/usr/lib/code/out/vs/workbench/api/node/extensionHostProcess.js:159:8085)
	at a.terminate (/usr/lib/code/out/vs/workbench/api/node/extensionHostProcess.js:163:1513)
	at t (/usr/lib/code/out/vs/workbench/api/node/extensionHostProcess.js:176:9922)
	at MessagePortMain.<anonymous> (/usr/lib/code/out/vs/workbench/api/node/extensionHostProcess.js:176:6347)
	at MessagePortMain.emit (node:events:517:28)
	at MessagePortMain._internalPort.emit (node:electron/js2c/utility_init:2:2285) setContext undefined
2024-05-30 16:58:39.883 [error] Canceled: Canceled
	at new O (/usr/lib/code/out/vs/workbench/api/node/extensionHostProcess.js:143:47131)
	at c.U (/usr/lib/code/out/vs/workbench/api/node/extensionHostProcess.js:150:5542)
	at F.<computed>.z.charCodeAt.F.<computed> (/usr/lib/code/out/vs/workbench/api/node/extensionHostProcess.js:150:2993)
	at r.g (/usr/lib/code/out/vs/workbench/api/node/extensionHostProcess.js:153:188926)
	at r.executeCommand (/usr/lib/code/out/vs/workbench/api/node/extensionHostProcess.js:153:188364)
	at k.registerCommand.description (/usr/lib/code/out/vs/workbench/api/node/extensionHostProcess.js:153:187688)
	at r.h (/usr/lib/code/out/vs/workbench/api/node/extensionHostProcess.js:153:189465)
	at r.g (/usr/lib/code/out/vs/workbench/api/node/extensionHostProcess.js:153:188457)
	at r.executeCommand (/usr/lib/code/out/vs/workbench/api/node/extensionHostProcess.js:153:188364)
	at Object.executeCommand (/usr/lib/code/out/vs/workbench/api/node/extensionHostProcess.js:163:22673)
	at w (/home/peter/.vscode-oss/extensions/eamodio.gitlens-15.0.4-universal/dist/gitlens.js:1453:42298)
	at h (/home/peter/.vscode-oss/extensions/eamodio.gitlens-15.0.4-universal/dist/gitlens.js:1453:47337)
	at ActionRunners._updateContextKeys (/home/peter/.vscode-oss/extensions/eamodio.gitlens-15.0.4-universal/dist/gitlens.js:1099:18425)
	at s (/home/peter/.vscode-oss/extensions/eamodio.gitlens-15.0.4-universal/dist/gitlens.js:1099:16869)
	at RegisteredActionRunner.unregister (/home/peter/.vscode-oss/extensions/eamodio.gitlens-15.0.4-universal/dist/gitlens.js:1099:17012)
	at RegisteredActionRunner.dispose (/home/peter/.vscode-oss/extensions/eamodio.gitlens-15.0.4-universal/dist/gitlens.js:1099:15665)
	at ActionRunners.dispose (/home/peter/.vscode-oss/extensions/eamodio.gitlens-15.0.4-universal/dist/gitlens.js:1099:16452)
	at /home/peter/.vscode-oss/extensions/eamodio.gitlens-15.0.4-universal/dist/gitlens.js:1412:20105
	at Array.forEach (<anonymous>)
	at Object.dispose (/home/peter/.vscode-oss/extensions/eamodio.gitlens-15.0.4-universal/dist/gitlens.js:1412:20087)
	at a (/usr/lib/code/out/vs/workbench/api/node/extensionHostProcess.js:30:744)
	at f.eb (/usr/lib/code/out/vs/workbench/api/node/extensionHostProcess.js:159:9975)
	at /usr/lib/code/out/vs/workbench/api/node/extensionHostProcess.js:159:7824
	at Array.map (<anonymous>)
	at f.$ (/usr/lib/code/out/vs/workbench/api/node/extensionHostProcess.js:159:7811)
	at f.terminate (/usr/lib/code/out/vs/workbench/api/node/extensionHostProcess.js:159:8085)
	at a.terminate (/usr/lib/code/out/vs/workbench/api/node/extensionHostProcess.js:163:1513)
	at t (/usr/lib/code/out/vs/workbench/api/node/extensionHostProcess.js:176:9922)
	at MessagePortMain.<anonymous> (/usr/lib/code/out/vs/workbench/api/node/extensionHostProcess.js:176:6347)
	at MessagePortMain.emit (node:events:517:28)
	at MessagePortMain._internalPort.emit (node:electron/js2c/utility_init:2:2285) setContext undefined
2024-05-30 16:58:39.884 [error] Canceled: Canceled
	at new O (/usr/lib/code/out/vs/workbench/api/node/extensionHostProcess.js:143:47131)
	at c.U (/usr/lib/code/out/vs/workbench/api/node/extensionHostProcess.js:150:5542)
	at F.<computed>.z.charCodeAt.F.<computed> (/usr/lib/code/out/vs/workbench/api/node/extensionHostProcess.js:150:2993)
	at r.g (/usr/lib/code/out/vs/workbench/api/node/extensionHostProcess.js:153:188926)
	at r.executeCommand (/usr/lib/code/out/vs/workbench/api/node/extensionHostProcess.js:153:188364)
	at k.registerCommand.description (/usr/lib/code/out/vs/workbench/api/node/extensionHostProcess.js:153:187688)
	at r.h (/usr/lib/code/out/vs/workbench/api/node/extensionHostProcess.js:153:189465)
	at r.g (/usr/lib/code/out/vs/workbench/api/node/extensionHostProcess.js:153:188457)
	at r.executeCommand (/usr/lib/code/out/vs/workbench/api/node/extensionHostProcess.js:153:188364)
	at Object.executeCommand (/usr/lib/code/out/vs/workbench/api/node/extensionHostProcess.js:163:22673)
	at w (/home/peter/.vscode-oss/extensions/eamodio.gitlens-15.0.4-universal/dist/gitlens.js:1453:42298)
	at h (/home/peter/.vscode-oss/extensions/eamodio.gitlens-15.0.4-universal/dist/gitlens.js:1453:47337)
	at ActionRunners._updateContextKeys (/home/peter/.vscode-oss/extensions/eamodio.gitlens-15.0.4-universal/dist/gitlens.js:1099:18425)
	at s (/home/peter/.vscode-oss/extensions/eamodio.gitlens-15.0.4-universal/dist/gitlens.js:1099:16869)
	at RegisteredActionRunner.unregister (/home/peter/.vscode-oss/extensions/eamodio.gitlens-15.0.4-universal/dist/gitlens.js:1099:17012)
	at RegisteredActionRunner.dispose (/home/peter/.vscode-oss/extensions/eamodio.gitlens-15.0.4-universal/dist/gitlens.js:1099:15665)
	at ActionRunners.dispose (/home/peter/.vscode-oss/extensions/eamodio.gitlens-15.0.4-universal/dist/gitlens.js:1099:16452)
	at /home/peter/.vscode-oss/extensions/eamodio.gitlens-15.0.4-universal/dist/gitlens.js:1412:20105
	at Array.forEach (<anonymous>)
	at Object.dispose (/home/peter/.vscode-oss/extensions/eamodio.gitlens-15.0.4-universal/dist/gitlens.js:1412:20087)
	at a (/usr/lib/code/out/vs/workbench/api/node/extensionHostProcess.js:30:744)
	at f.eb (/usr/lib/code/out/vs/workbench/api/node/extensionHostProcess.js:159:9975)
	at /usr/lib/code/out/vs/workbench/api/node/extensionHostProcess.js:159:7824
	at Array.map (<anonymous>)
	at f.$ (/usr/lib/code/out/vs/workbench/api/node/extensionHostProcess.js:159:7811)
	at f.terminate (/usr/lib/code/out/vs/workbench/api/node/extensionHostProcess.js:159:8085)
	at a.terminate (/usr/lib/code/out/vs/workbench/api/node/extensionHostProcess.js:163:1513)
	at t (/usr/lib/code/out/vs/workbench/api/node/extensionHostProcess.js:176:9922)
	at MessagePortMain.<anonymous> (/usr/lib/code/out/vs/workbench/api/node/extensionHostProcess.js:176:6347)
	at MessagePortMain.emit (node:events:517:28)
	at MessagePortMain._internalPort.emit (node:electron/js2c/utility_init:2:2285) setContext undefined
2024-05-30 16:58:39.884 [error] Canceled: Canceled
	at new O (/usr/lib/code/out/vs/workbench/api/node/extensionHostProcess.js:143:47131)
	at c.U (/usr/lib/code/out/vs/workbench/api/node/extensionHostProcess.js:150:5542)
	at F.<computed>.z.charCodeAt.F.<computed> (/usr/lib/code/out/vs/workbench/api/node/extensionHostProcess.js:150:2993)
	at r.g (/usr/lib/code/out/vs/workbench/api/node/extensionHostProcess.js:153:188926)
	at r.executeCommand (/usr/lib/code/out/vs/workbench/api/node/extensionHostProcess.js:153:188364)
	at k.registerCommand.description (/usr/lib/code/out/vs/workbench/api/node/extensionHostProcess.js:153:187688)
	at r.h (/usr/lib/code/out/vs/workbench/api/node/extensionHostProcess.js:153:189465)
	at r.g (/usr/lib/code/out/vs/workbench/api/node/extensionHostProcess.js:153:188457)
	at r.executeCommand (/usr/lib/code/out/vs/workbench/api/node/extensionHostProcess.js:153:188364)
	at Object.executeCommand (/usr/lib/code/out/vs/workbench/api/node/extensionHostProcess.js:163:22673)
	at w (/home/peter/.vscode-oss/extensions/eamodio.gitlens-15.0.4-universal/dist/gitlens.js:1453:42298)
	at h (/home/peter/.vscode-oss/extensions/eamodio.gitlens-15.0.4-universal/dist/gitlens.js:1453:47337)
	at ActionRunners._updateContextKeys (/home/peter/.vscode-oss/extensions/eamodio.gitlens-15.0.4-universal/dist/gitlens.js:1099:18425)
	at s (/home/peter/.vscode-oss/extensions/eamodio.gitlens-15.0.4-universal/dist/gitlens.js:1099:16869)
	at RegisteredActionRunner.unregister (/home/peter/.vscode-oss/extensions/eamodio.gitlens-15.0.4-universal/dist/gitlens.js:1099:17012)
	at RegisteredActionRunner.dispose (/home/peter/.vscode-oss/extensions/eamodio.gitlens-15.0.4-universal/dist/gitlens.js:1099:15665)
	at ActionRunners.dispose (/home/peter/.vscode-oss/extensions/eamodio.gitlens-15.0.4-universal/dist/gitlens.js:1099:16452)
	at /home/peter/.vscode-oss/extensions/eamodio.gitlens-15.0.4-universal/dist/gitlens.js:1412:20105
	at Array.forEach (<anonymous>)
	at Object.dispose (/home/peter/.vscode-oss/extensions/eamodio.gitlens-15.0.4-universal/dist/gitlens.js:1412:20087)
	at a (/usr/lib/code/out/vs/workbench/api/node/extensionHostProcess.js:30:744)
	at f.eb (/usr/lib/code/out/vs/workbench/api/node/extensionHostProcess.js:159:9975)
	at /usr/lib/code/out/vs/workbench/api/node/extensionHostProcess.js:159:7824
	at Array.map (<anonymous>)
	at f.$ (/usr/lib/code/out/vs/workbench/api/node/extensionHostProcess.js:159:7811)
	at f.terminate (/usr/lib/code/out/vs/workbench/api/node/extensionHostProcess.js:159:8085)
	at a.terminate (/usr/lib/code/out/vs/workbench/api/node/extensionHostProcess.js:163:1513)
	at t (/usr/lib/code/out/vs/workbench/api/node/extensionHostProcess.js:176:9922)
	at MessagePortMain.<anonymous> (/usr/lib/code/out/vs/workbench/api/node/extensionHostProcess.js:176:6347)
	at MessagePortMain.emit (node:events:517:28)
	at MessagePortMain._internalPort.emit (node:electron/js2c/utility_init:2:2285) setContext undefined
2024-05-30 16:58:39.884 [info] Extension host with pid 13616 exiting with code 0
2024-05-30 16:58:40.673 [info] Extension host with pid 13905 started
2024-05-30 16:58:40.673 [info] Skipping acquiring lock for /home/peter/.config/Code - OSS/User/workspaceStorage/ce3eb1f3dd618668ce32481f621b35a5.
2024-05-30 16:58:40.679 [info] ExtensionService#_doActivateExtension vscode.github-authentication, startup: false, activationEvent: 'onAuthenticationRequest:github'
2024-05-30 16:58:40.696 [info] ExtensionService#_doActivateExtension vscode.git-base, startup: false, activationEvent: 'onCommand:git.sync', root cause: vscode.git
2024-05-30 16:58:40.702 [info] ExtensionService#_doActivateExtension vscode.emmet, startup: false, activationEvent: 'onLanguage'
2024-05-30 16:58:40.730 [info] ExtensionService#_doActivateExtension vscode.git, startup: false, activationEvent: 'onCommand:git.sync'
2024-05-30 16:58:40.826 [info] ExtensionService#_doActivateExtension vscode.github, startup: true, activationEvent: '*'
2024-05-30 16:58:40.915 [info] Eager extensions activated
2024-05-30 16:58:40.931 [info] ExtensionService#_doActivateExtension vscode.debug-auto-launch, startup: false, activationEvent: 'onStartupFinished'
2024-05-30 16:58:40.938 [info] ExtensionService#_doActivateExtension vscode.merge-conflict, startup: false, activationEvent: 'onStartupFinished'
2024-05-30 17:42:19.609 [info] Extension host terminating: renderer closed the MessagePort
2024-05-30 17:42:19.632 [error] Canceled: Canceled
	at new O (/usr/lib/code/out/vs/workbench/api/node/extensionHostProcess.js:143:47131)
	at c.U (/usr/lib/code/out/vs/workbench/api/node/extensionHostProcess.js:150:5542)
	at F.<computed>.z.charCodeAt.F.<computed> (/usr/lib/code/out/vs/workbench/api/node/extensionHostProcess.js:150:2993)
	at r.g (/usr/lib/code/out/vs/workbench/api/node/extensionHostProcess.js:153:188926)
	at r.executeCommand (/usr/lib/code/out/vs/workbench/api/node/extensionHostProcess.js:153:188364)
	at k.registerCommand.description (/usr/lib/code/out/vs/workbench/api/node/extensionHostProcess.js:153:187688)
	at r.h (/usr/lib/code/out/vs/workbench/api/node/extensionHostProcess.js:153:189465)
	at r.g (/usr/lib/code/out/vs/workbench/api/node/extensionHostProcess.js:153:188457)
	at r.executeCommand (/usr/lib/code/out/vs/workbench/api/node/extensionHostProcess.js:153:188364)
	at Object.executeCommand (/usr/lib/code/out/vs/workbench/api/node/extensionHostProcess.js:163:22673)
	at a.O [as value] (/usr/lib/code/extensions/git/dist/main.js:2:945138)
	at o.y (/usr/lib/code/out/vs/workbench/api/node/extensionHostProcess.js:82:660)
	at o.z (/usr/lib/code/out/vs/workbench/api/node/extensionHostProcess.js:82:730)
	at o.fire (/usr/lib/code/out/vs/workbench/api/node/extensionHostProcess.js:82:946)
	at Object.p [as dispose] (/usr/lib/code/extensions/git/dist/main.js:2:964222)
	at /usr/lib/code/extensions/git/dist/main.js:2:970260
	at Array.forEach (<anonymous>)
	at f.dispose (/usr/lib/code/extensions/git/dist/main.js:2:970246)
	at h.<anonymous> (/usr/lib/code/out/vs/workbench/api/node/extensionHostProcess.js:151:3955)
	at h.dispose (/usr/lib/code/out/vs/workbench/api/node/extensionHostProcess.js:151:4052)
	at h.<anonymous> (/usr/lib/code/extensions/git/dist/main.js:2:947395)
	at h.dispose (/usr/lib/code/out/vs/workbench/api/node/extensionHostProcess.js:151:4052)
	at a (/usr/lib/code/out/vs/workbench/api/node/extensionHostProcess.js:30:744)
	at f.eb (/usr/lib/code/out/vs/workbench/api/node/extensionHostProcess.js:159:9975)
	at /usr/lib/code/out/vs/workbench/api/node/extensionHostProcess.js:159:7824
	at Array.map (<anonymous>)
	at f.$ (/usr/lib/code/out/vs/workbench/api/node/extensionHostProcess.js:159:7811)
	at f.terminate (/usr/lib/code/out/vs/workbench/api/node/extensionHostProcess.js:159:8085)
	at a.terminate (/usr/lib/code/out/vs/workbench/api/node/extensionHostProcess.js:163:1513)
	at t (/usr/lib/code/out/vs/workbench/api/node/extensionHostProcess.js:176:9922)
	at MessagePortMain.<anonymous> (/usr/lib/code/out/vs/workbench/api/node/extensionHostProcess.js:176:6347)
	at MessagePortMain.emit (node:events:517:28)
	at MessagePortMain._internalPort.emit (node:electron/js2c/utility_init:2:2285) setContext undefined
2024-05-30 17:42:19.634 [error] Canceled: Canceled
	at new O (/usr/lib/code/out/vs/workbench/api/node/extensionHostProcess.js:143:47131)
	at c.U (/usr/lib/code/out/vs/workbench/api/node/extensionHostProcess.js:150:5542)
	at F.<computed>.z.charCodeAt.F.<computed> (/usr/lib/code/out/vs/workbench/api/node/extensionHostProcess.js:150:2993)
	at r.g (/usr/lib/code/out/vs/workbench/api/node/extensionHostProcess.js:153:188926)
	at r.executeCommand (/usr/lib/code/out/vs/workbench/api/node/extensionHostProcess.js:153:188364)
	at k.registerCommand.description (/usr/lib/code/out/vs/workbench/api/node/extensionHostProcess.js:153:187688)
	at r.h (/usr/lib/code/out/vs/workbench/api/node/extensionHostProcess.js:153:189465)
	at r.g (/usr/lib/code/out/vs/workbench/api/node/extensionHostProcess.js:153:188457)
	at r.executeCommand (/usr/lib/code/out/vs/workbench/api/node/extensionHostProcess.js:153:188364)
	at Object.executeCommand (/usr/lib/code/out/vs/workbench/api/node/extensionHostProcess.js:163:22673)
	at set hasGitHubRepositories [as hasGitHubRepositories] (/usr/lib/code/extensions/github/dist/extension.js:2:322969)
	at /usr/lib/code/extensions/github/dist/extension.js:2:323928
	at a.value (/usr/lib/code/extensions/git/dist/main.js:2:1050711)
	at o.y (/usr/lib/code/out/vs/workbench/api/node/extensionHostProcess.js:82:660)
	at o.z (/usr/lib/code/out/vs/workbench/api/node/extensionHostProcess.js:82:730)
	at o.fire (/usr/lib/code/out/vs/workbench/api/node/extensionHostProcess.js:82:946)
	at Object.p [as dispose] (/usr/lib/code/extensions/git/dist/main.js:2:964222)
	at /usr/lib/code/extensions/git/dist/main.js:2:970260
	at Array.forEach (<anonymous>)
	at f.dispose (/usr/lib/code/extensions/git/dist/main.js:2:970246)
	at h.<anonymous> (/usr/lib/code/out/vs/workbench/api/node/extensionHostProcess.js:151:3955)
	at h.dispose (/usr/lib/code/out/vs/workbench/api/node/extensionHostProcess.js:151:4052)
	at h.<anonymous> (/usr/lib/code/extensions/git/dist/main.js:2:947395)
	at h.dispose (/usr/lib/code/out/vs/workbench/api/node/extensionHostProcess.js:151:4052)
	at a (/usr/lib/code/out/vs/workbench/api/node/extensionHostProcess.js:30:744)
	at f.eb (/usr/lib/code/out/vs/workbench/api/node/extensionHostProcess.js:159:9975)
	at /usr/lib/code/out/vs/workbench/api/node/extensionHostProcess.js:159:7824
	at Array.map (<anonymous>)
	at f.$ (/usr/lib/code/out/vs/workbench/api/node/extensionHostProcess.js:159:7811)
	at f.terminate (/usr/lib/code/out/vs/workbench/api/node/extensionHostProcess.js:159:8085)
	at a.terminate (/usr/lib/code/out/vs/workbench/api/node/extensionHostProcess.js:163:1513)
	at t (/usr/lib/code/out/vs/workbench/api/node/extensionHostProcess.js:176:9922)
	at MessagePortMain.<anonymous> (/usr/lib/code/out/vs/workbench/api/node/extensionHostProcess.js:176:6347)
	at MessagePortMain.emit (node:events:517:28)
	at MessagePortMain._internalPort.emit (node:electron/js2c/utility_init:2:2285) setContext undefined
2024-05-30 17:42:19.635 [info] Extension host with pid 13905 exiting with code 0
