2024-05-30 16:55:46.755 [info] Log level: Info
2024-05-30 16:55:46.755 [info] Validating found git in: "git"
2024-05-30 16:55:46.755 [info] Using git "2.45.1" from "git"
2024-05-30 16:55:46.755 [info] > git rev-parse --show-toplevel [13ms]
2024-05-30 16:55:46.755 [info] > git rev-parse --git-dir --git-common-dir [3ms]
2024-05-30 16:55:46.755 [info] Open repository: /home/peter/Documents/elte/react-bead-jubhunter-starter-kit
2024-05-30 16:55:46.774 [info] > git rev-parse --show-toplevel [6ms]
2024-05-30 16:55:46.777 [info] > git config --get commit.template [14ms]
2024-05-30 16:55:46.802 [info] > git rev-parse --show-toplevel [12ms]
2024-05-30 16:55:46.809 [info] > git for-each-ref --format=%(refname)%00%(upstream:short)%00%(objectname)%00%(upstream:track)%00%(upstream:remotename)%00%(upstream:remoteref) refs/heads/main refs/remotes/main [13ms]
2024-05-30 16:55:46.817 [warning] ENOENT: no such file or directory, open '/home/peter/Documents/elte/react-bead-jubhunter-starter-kit/.git/refs/remotes/origin/main'
2024-05-30 16:55:46.820 [info] > git rev-parse --show-toplevel [11ms]
2024-05-30 16:55:46.822 [info] > git rev-parse refs/remotes/origin/main [6ms]
2024-05-30 16:55:46.850 [info] > git status -z -uall [17ms]
2024-05-30 16:55:46.883 [info] > git merge-base refs/heads/main refs/remotes/origin/main [21ms]
2024-05-30 16:55:46.896 [info] > git config --get commit.template [14ms]
2024-05-30 16:55:46.900 [info] > git rev-list --count --left-right refs/heads/main...refs/remotes/origin/main [7ms]
2024-05-30 16:55:46.919 [info] > git diff --name-status -z --diff-filter=ADMR f10ae8731de7d5393d5b659d51264ae3850841d7...refs/remotes/origin/main [9ms]
2024-05-30 16:55:46.979 [info] > git for-each-ref --format=%(refname)%00%(upstream:short)%00%(objectname)%00%(upstream:track)%00%(upstream:remotename)%00%(upstream:remoteref) refs/heads/main refs/remotes/main [62ms]
2024-05-30 16:55:46.990 [warning] ENOENT: no such file or directory, open '/home/peter/Documents/elte/react-bead-jubhunter-starter-kit/.git/refs/remotes/origin/main'
2024-05-30 16:55:46.993 [info] > git rev-parse refs/remotes/origin/main [3ms]
2024-05-30 16:55:47.012 [info] > git status -z -uall [13ms]
2024-05-30 16:55:47.290 [info] > git check-ignore -v -z --stdin [2ms]
2024-05-30 16:56:07.141 [info] > git log --oneline --cherry main...main@{upstream} -- [2ms]
2024-05-30 16:56:07.510 [info] > git pull --tags origin main [360ms]
2024-05-30 16:56:07.510 [info] From https://github.com/nagybrandy/react-bead-jubhunter-starter-kit
 * branch            main       -> FETCH_HEAD
2024-05-30 16:56:07.521 [info] > git config --get commit.template [5ms]
2024-05-30 16:56:07.522 [info] > git for-each-ref --format=%(refname)%00%(upstream:short)%00%(objectname)%00%(upstream:track)%00%(upstream:remotename)%00%(upstream:remoteref) refs/heads/main refs/remotes/main [1ms]
2024-05-30 16:56:07.527 [warning] ENOENT: no such file or directory, open '/home/peter/Documents/elte/react-bead-jubhunter-starter-kit/.git/refs/remotes/origin/main'
2024-05-30 16:56:07.528 [info] > git rev-parse refs/remotes/origin/main [1ms]
2024-05-30 16:56:07.545 [info] > git status -z -uall [11ms]
2024-05-30 16:56:08.660 [info] > git config --get commit.template [9ms]
2024-05-30 16:56:08.662 [info] > git for-each-ref --format=%(refname)%00%(upstream:short)%00%(objectname)%00%(upstream:track)%00%(upstream:remotename)%00%(upstream:remoteref) refs/heads/main refs/remotes/main [1ms]
2024-05-30 16:56:08.666 [warning] ENOENT: no such file or directory, open '/home/peter/Documents/elte/react-bead-jubhunter-starter-kit/.git/refs/remotes/origin/main'
2024-05-30 16:56:08.668 [info] > git rev-parse refs/remotes/origin/main [2ms]
2024-05-30 16:56:08.682 [info] > git status -z -uall [10ms]
2024-05-30 16:58:40.843 [info] Log level: Info
2024-05-30 16:58:40.843 [info] Validating found git in: "git"
2024-05-30 16:58:40.843 [info] Using git "2.45.1" from "git"
2024-05-30 16:58:40.843 [info] > git rev-parse --show-toplevel [9ms]
2024-05-30 16:58:40.868 [info] > git rev-parse --git-dir --git-common-dir [17ms]
2024-05-30 16:58:40.879 [info] Open repository: /home/peter/Documents/elte/react-bead-jubhunter-starter-kit
2024-05-30 16:58:40.895 [info] > git rev-parse --show-toplevel [4ms]
2024-05-30 16:58:40.896 [info] > git config --get commit.template [9ms]
2024-05-30 16:58:40.912 [info] > git for-each-ref --format=%(refname)%00%(upstream:short)%00%(objectname)%00%(upstream:track)%00%(upstream:remotename)%00%(upstream:remoteref) refs/heads/main refs/remotes/main [4ms]
2024-05-30 16:58:40.912 [info] > git rev-parse --show-toplevel [10ms]
2024-05-30 16:58:40.924 [warning] ENOENT: no such file or directory, open '/home/peter/Documents/elte/react-bead-jubhunter-starter-kit/.git/refs/remotes/origin/main'
2024-05-30 16:58:40.946 [info] > git rev-parse --show-toplevel [17ms]
2024-05-30 16:58:40.947 [info] > git rev-parse refs/remotes/origin/main [23ms]
2024-05-30 16:58:40.968 [info] > git status -z -uall [15ms]
2024-05-30 16:58:40.993 [info] > git merge-base refs/heads/main refs/remotes/origin/main [18ms]
2024-05-30 16:58:41.003 [info] > git config --get commit.template [11ms]
2024-05-30 16:58:41.007 [info] > git rev-list --count --left-right refs/heads/main...refs/remotes/origin/main [8ms]
2024-05-30 16:58:41.024 [info] > git diff --name-status -z --diff-filter=ADMR f10ae8731de7d5393d5b659d51264ae3850841d7...refs/remotes/origin/main [9ms]
2024-05-30 16:58:41.025 [info] > git for-each-ref --format=%(refname)%00%(upstream:short)%00%(objectname)%00%(upstream:track)%00%(upstream:remotename)%00%(upstream:remoteref) refs/heads/main refs/remotes/main [3ms]
2024-05-30 16:58:41.030 [warning] ENOENT: no such file or directory, open '/home/peter/Documents/elte/react-bead-jubhunter-starter-kit/.git/refs/remotes/origin/main'
2024-05-30 16:58:41.032 [info] > git rev-parse refs/remotes/origin/main [2ms]
2024-05-30 16:58:41.049 [info] > git status -z -uall [12ms]
