2024-05-30 16:50:38.266 [info] Getting Manifest... dart-code.dart-code
2024-05-30 16:50:38.277 [info] Getting Manifest... dart-code.flutter
2024-05-30 16:50:38.935 [info] Installing extension: dart-code.flutter
2024-05-30 16:50:39.043 [info] Installing extension: dart-code.dart-code
2024-05-30 16:50:39.238 [info] Getting Manifest... dart-code.dart-code
2024-05-30 16:50:39.338 [info] Waiting for already requested installing extension dart-code.dart-code dart-code.flutter
2024-05-30 16:50:39.820 [error] Could not load vsce-sign module Cannot find module '@vscode/vsce-sign'
Require stack:
- /usr/share/vscodium/resources/app/out/bootstrap-amd.js
- /usr/share/vscodium/resources/app/out/bootstrap-fork.js
2024-05-30 16:50:39.822 [info] Extension signature verification is not done: dart-code.flutter
2024-05-30 16:50:39.853 [info] Extracted extension to file:///home/peter/.vscode-oss/extensions/dart-code.flutter-3.90.0-universal: dart-code.flutter
2024-05-30 16:50:39.858 [info] Renamed to /home/peter/.vscode-oss/extensions/dart-code.flutter-3.90.0-universal
2024-05-30 16:50:39.860 [info] Extracting extension completed. dart-code.flutter
2024-05-30 16:50:39.877 [info] Marked extension as uninstalled dart-code.flutter-3.88.0-universal
2024-05-30 16:50:39.948 [error] [uncaught exception in sharedProcess]: Error: ENOENT: no such file or directory, stat '/home/peter/.vscode-oss/extensions/extensions.json.vsctmp': EntryNotFound (FileSystemError): Error: ENOENT: no such file or directory, stat '/home/peter/.vscode-oss/extensions/extensions.json.vsctmp'
    at a.create (/usr/share/vscodium/resources/app/out/vs/code/node/sharedProcess/sharedProcessMain.js:53:35240)
    at y (/usr/share/vscodium/resources/app/out/vs/code/node/sharedProcess/sharedProcessMain.js:53:35371)
    at t.toFileSystemProviderError (/usr/share/vscodium/resources/app/out/vs/code/node/sharedProcess/sharedProcessMain.js:58:48350)
    at t.stat (/usr/share/vscodium/resources/app/out/vs/code/node/sharedProcess/sharedProcessMain.js:58:38945)
    at async S.stat (/usr/share/vscodium/resources/app/out/vs/code/node/sharedProcess/sharedProcessMain.js:58:21449)
    at async H.onDidFilesChange (/usr/share/vscodium/resources/app/out/vs/code/node/sharedProcess/sharedProcessMain.js:104:135201)
2024-05-30 16:50:43.064 [error] Could not load vsce-sign module Cannot find module '@vscode/vsce-sign'
Require stack:
- /usr/share/vscodium/resources/app/out/bootstrap-amd.js
- /usr/share/vscodium/resources/app/out/bootstrap-fork.js
2024-05-30 16:50:43.064 [info] Extension signature verification is not done: dart-code.dart-code
2024-05-30 16:50:54.969 [info] Extracted extension to file:///home/peter/.vscode-oss/extensions/dart-code.dart-code-3.90.0-universal: dart-code.dart-code
2024-05-30 16:50:54.983 [info] Renamed to /home/peter/.vscode-oss/extensions/dart-code.dart-code-3.90.0-universal
2024-05-30 16:50:54.986 [info] Extracting extension completed. dart-code.dart-code
2024-05-30 16:50:55.001 [info] Extension installed successfully: dart-code.dart-code
2024-05-30 16:50:55.001 [info] Finished waiting for already requested installing extension dart-code.dart-code dart-code.flutter
2024-05-30 16:50:55.002 [info] Extension installed successfully: dart-code.flutter
2024-05-30 16:50:55.009 [info] Marked extension as uninstalled dart-code.dart-code-3.88.1-universal
2024-05-30 16:50:55.074 [error] [uncaught exception in sharedProcess]: Error: ENOENT: no such file or directory, stat '/home/peter/.vscode-oss/extensions/extensions.json.vsctmp': EntryNotFound (FileSystemError): Error: ENOENT: no such file or directory, stat '/home/peter/.vscode-oss/extensions/extensions.json.vsctmp'
    at a.create (/usr/share/vscodium/resources/app/out/vs/code/node/sharedProcess/sharedProcessMain.js:53:35240)
    at y (/usr/share/vscodium/resources/app/out/vs/code/node/sharedProcess/sharedProcessMain.js:53:35371)
    at t.toFileSystemProviderError (/usr/share/vscodium/resources/app/out/vs/code/node/sharedProcess/sharedProcessMain.js:58:48350)
    at t.stat (/usr/share/vscodium/resources/app/out/vs/code/node/sharedProcess/sharedProcessMain.js:58:38945)
    at async S.stat (/usr/share/vscodium/resources/app/out/vs/code/node/sharedProcess/sharedProcessMain.js:58:21449)
    at async H.onDidFilesChange (/usr/share/vscodium/resources/app/out/vs/code/node/sharedProcess/sharedProcessMain.js:104:135201)
2024-05-30 16:52:40.740 [info] Getting Manifest... shan.code-settings-sync
2024-05-30 16:52:40.905 [info] Installing extension: shan.code-settings-sync
2024-05-30 16:52:42.166 [error] Could not load vsce-sign module Cannot find module '@vscode/vsce-sign'
Require stack:
- /usr/share/vscodium/resources/app/out/bootstrap-amd.js
- /usr/share/vscodium/resources/app/out/bootstrap-fork.js
2024-05-30 16:52:42.166 [info] Extension signature verification is not done: shan.code-settings-sync
2024-05-30 16:52:42.259 [info] Extracted extension to file:///home/peter/.vscode-oss/extensions/shan.code-settings-sync-3.4.3-universal: shan.code-settings-sync
2024-05-30 16:52:42.265 [info] Renamed to /home/peter/.vscode-oss/extensions/shan.code-settings-sync-3.4.3-universal
2024-05-30 16:52:42.270 [info] Extracting extension completed. shan.code-settings-sync
2024-05-30 16:52:42.283 [info] Extension installed successfully: shan.code-settings-sync
2024-05-30 16:52:42.354 [error] [uncaught exception in sharedProcess]: Error: ENOENT: no such file or directory, stat '/home/peter/.vscode-oss/extensions/extensions.json.vsctmp': EntryNotFound (FileSystemError): Error: ENOENT: no such file or directory, stat '/home/peter/.vscode-oss/extensions/extensions.json.vsctmp'
    at a.create (/usr/share/vscodium/resources/app/out/vs/code/node/sharedProcess/sharedProcessMain.js:53:35240)
    at y (/usr/share/vscodium/resources/app/out/vs/code/node/sharedProcess/sharedProcessMain.js:53:35371)
    at t.toFileSystemProviderError (/usr/share/vscodium/resources/app/out/vs/code/node/sharedProcess/sharedProcessMain.js:58:48350)
    at t.stat (/usr/share/vscodium/resources/app/out/vs/code/node/sharedProcess/sharedProcessMain.js:58:38945)
    at async S.stat (/usr/share/vscodium/resources/app/out/vs/code/node/sharedProcess/sharedProcessMain.js:58:21449)
    at async H.onDidFilesChange (/usr/share/vscodium/resources/app/out/vs/code/node/sharedProcess/sharedProcessMain.js:104:135201)
2024-05-30 16:54:28.471 [info] Uninstalling extension from the profile: shan.code-settings-sync@3.4.3 vscode-userdata:/home/peter/.vscode-oss/extensions/extensions.json
2024-05-30 16:54:28.511 [info] Marked extension as uninstalled shan.code-settings-sync-3.4.3-universal
2024-05-30 16:54:28.575 [error] [uncaught exception in sharedProcess]: Error: ENOENT: no such file or directory, stat '/home/peter/.vscode-oss/extensions/extensions.json.vsctmp': EntryNotFound (FileSystemError): Error: ENOENT: no such file or directory, stat '/home/peter/.vscode-oss/extensions/extensions.json.vsctmp'
    at a.create (/usr/share/vscodium/resources/app/out/vs/code/node/sharedProcess/sharedProcessMain.js:53:35240)
    at y (/usr/share/vscodium/resources/app/out/vs/code/node/sharedProcess/sharedProcessMain.js:53:35371)
    at t.toFileSystemProviderError (/usr/share/vscodium/resources/app/out/vs/code/node/sharedProcess/sharedProcessMain.js:58:48350)
    at t.stat (/usr/share/vscodium/resources/app/out/vs/code/node/sharedProcess/sharedProcessMain.js:58:38945)
    at async S.stat (/usr/share/vscodium/resources/app/out/vs/code/node/sharedProcess/sharedProcessMain.js:58:21449)
    at async H.onDidFilesChange (/usr/share/vscodium/resources/app/out/vs/code/node/sharedProcess/sharedProcessMain.js:104:135201)
2024-05-30 16:54:29.024 [info] Successfully uninstalled extension from the profile shan.code-settings-sync@3.4.3 vscode-userdata:/home/peter/.vscode-oss/extensions/extensions.json
