2024-05-30 16:55:47.004 [info] Reading sessions from keychain...
2024-05-30 16:55:47.004 [info] Getting sessions for all scopes...
2024-05-30 16:55:47.004 [info] Got 0 sessions for ...
2024-05-30 16:55:47.004 [info] Getting sessions for read:user,repo,user:email,workflow...
2024-05-30 16:55:47.004 [info] Got 0 sessions for read:user,repo,user:email,workflow...
2024-05-30 16:55:47.004 [info] Getting sessions for all scopes...
2024-05-30 16:55:47.004 [info] Got 0 sessions for ...
2024-05-30 16:56:59.774 [info] Getting sessions for all scopes...
2024-05-30 16:56:59.774 [info] Got 0 sessions for ...
2024-05-30 16:57:55.988 [info] Getting sessions for read:user,repo,user:email...
2024-05-30 16:57:55.989 [info] Got 0 sessions for read:user,repo,user:email...
2024-05-30 16:57:56.217 [info] Getting sessions for all scopes...
2024-05-30 16:57:56.217 [info] Got 0 sessions for ...
2024-05-30 16:58:40.799 [info] Reading sessions from keychain...
2024-05-30 16:58:40.799 [info] Getting sessions for all scopes...
2024-05-30 16:58:40.799 [info] Got 0 sessions for ...
2024-05-30 16:58:40.799 [info] Getting sessions for all scopes...
2024-05-30 16:58:40.799 [info] Got 0 sessions for ...
2024-05-30 16:58:41.023 [info] Getting sessions for read:user,repo,user:email,workflow...
2024-05-30 16:58:41.023 [info] Got 0 sessions for read:user,repo,user:email,workflow...
