2024-06-01 11:24:22.638 [info] Log level: Info
2024-06-01 11:24:22.638 [info] Validating found git in: "git"
2024-06-01 11:24:22.638 [info] Using git "2.45.1" from "git"
2024-06-01 11:24:22.638 [info] > git rev-parse --show-toplevel [13ms]
2024-06-01 11:24:22.638 [info] fatal: not a git repository (or any parent up to mount point /)
Stopping at filesystem boundary (GIT_DISCOVERY_ACROSS_FILESYSTEM not set).
2024-06-01 11:24:22.638 [info] > git rev-parse --show-toplevel [3ms]
2024-06-01 11:24:22.638 [info] fatal: not a git repository (or any parent up to mount point /)
Stopping at filesystem boundary (GIT_DISCOVERY_ACROSS_FILESYSTEM not set).
2024-06-01 11:24:22.639 [info] > git rev-parse --show-toplevel [2ms]
2024-06-01 11:24:22.639 [info] fatal: not a git repository (or any parent up to mount point /)
Stopping at filesystem boundary (GIT_DISCOVERY_ACROSS_FILESYSTEM not set).
2024-06-01 11:24:28.507 [info] > git rev-parse --show-toplevel [2ms]
2024-06-01 11:24:28.507 [info] fatal: not a git repository (or any parent up to mount point /)
Stopping at filesystem boundary (GIT_DISCOVERY_ACROSS_FILESYSTEM not set).
2024-06-01 11:25:00.037 [info] > git rev-parse --show-toplevel [2ms]
2024-06-01 11:25:00.038 [info] fatal: not a git repository (or any parent up to mount point /)
Stopping at filesystem boundary (GIT_DISCOVERY_ACROSS_FILESYSTEM not set).
2024-06-01 11:25:55.235 [info] > git rev-parse --show-toplevel [2ms]
2024-06-01 11:25:55.235 [info] fatal: not a git repository (or any parent up to mount point /)
Stopping at filesystem boundary (GIT_DISCOVERY_ACROSS_FILESYSTEM not set).
2024-06-01 11:27:44.548 [info] > git rev-parse --show-toplevel [3ms]
2024-06-01 11:27:44.548 [info] fatal: not a git repository (or any parent up to mount point /)
Stopping at filesystem boundary (GIT_DISCOVERY_ACROSS_FILESYSTEM not set).
2024-06-01 11:33:56.376 [info] > git rev-parse --show-toplevel [2ms]
2024-06-01 11:33:56.376 [info] fatal: not a git repository (or any parent up to mount point /)
Stopping at filesystem boundary (GIT_DISCOVERY_ACROSS_FILESYSTEM not set).
2024-06-01 11:40:18.747 [info] > git rev-parse --show-toplevel [2ms]
2024-06-01 11:40:18.747 [info] fatal: not a git repository (or any parent up to mount point /)
Stopping at filesystem boundary (GIT_DISCOVERY_ACROSS_FILESYSTEM not set).
2024-06-01 11:40:26.003 [info] > git rev-parse --show-toplevel [2ms]
2024-06-01 11:40:26.003 [info] fatal: not a git repository (or any parent up to mount point /)
Stopping at filesystem boundary (GIT_DISCOVERY_ACROSS_FILESYSTEM not set).
2024-06-01 11:40:32.752 [info] > git rev-parse --show-toplevel [2ms]
2024-06-01 11:40:32.752 [info] fatal: not a git repository (or any parent up to mount point /)
Stopping at filesystem boundary (GIT_DISCOVERY_ACROSS_FILESYSTEM not set).
2024-06-01 11:40:35.053 [info] > git rev-parse --show-toplevel [2ms]
2024-06-01 11:40:35.053 [info] fatal: not a git repository (or any parent up to mount point /)
Stopping at filesystem boundary (GIT_DISCOVERY_ACROSS_FILESYSTEM not set).
2024-06-01 11:40:35.566 [info] > git rev-parse --show-toplevel [3ms]
2024-06-01 11:40:35.566 [info] fatal: not a git repository (or any parent up to mount point /)
Stopping at filesystem boundary (GIT_DISCOVERY_ACROSS_FILESYSTEM not set).
2024-06-01 11:40:35.979 [info] > git rev-parse --show-toplevel [2ms]
2024-06-01 11:40:35.979 [info] fatal: not a git repository (or any parent up to mount point /)
Stopping at filesystem boundary (GIT_DISCOVERY_ACROSS_FILESYSTEM not set).
2024-06-01 11:43:00.694 [info] > git rev-parse --show-toplevel [1ms]
2024-06-01 11:43:00.694 [info] fatal: not a git repository (or any parent up to mount point /)
Stopping at filesystem boundary (GIT_DISCOVERY_ACROSS_FILESYSTEM not set).
2024-06-01 11:43:38.857 [info] > git rev-parse --show-toplevel [3ms]
2024-06-01 11:43:38.858 [info] fatal: not a git repository (or any parent up to mount point /)
Stopping at filesystem boundary (GIT_DISCOVERY_ACROSS_FILESYSTEM not set).
2024-06-01 11:44:32.172 [info] > git rev-parse --show-toplevel [3ms]
2024-06-01 11:44:32.172 [info] fatal: not a git repository (or any parent up to mount point /)
Stopping at filesystem boundary (GIT_DISCOVERY_ACROSS_FILESYSTEM not set).
2024-06-01 11:48:12.855 [info] > git rev-parse --show-toplevel [2ms]
2024-06-01 11:48:12.855 [info] fatal: not a git repository (or any parent up to mount point /)
Stopping at filesystem boundary (GIT_DISCOVERY_ACROSS_FILESYSTEM not set).
2024-06-01 11:48:51.016 [info] > git rev-parse --show-toplevel [2ms]
2024-06-01 11:48:51.016 [info] fatal: not a git repository (or any parent up to mount point /)
Stopping at filesystem boundary (GIT_DISCOVERY_ACROSS_FILESYSTEM not set).
2024-06-01 11:51:37.634 [info] > git rev-parse --show-toplevel [3ms]
2024-06-01 11:51:37.634 [info] fatal: not a git repository (or any parent up to mount point /)
Stopping at filesystem boundary (GIT_DISCOVERY_ACROSS_FILESYSTEM not set).
2024-06-01 11:52:36.763 [info] > git rev-parse --show-toplevel [2ms]
2024-06-01 11:52:36.763 [info] fatal: not a git repository (or any parent up to mount point /)
Stopping at filesystem boundary (GIT_DISCOVERY_ACROSS_FILESYSTEM not set).
2024-06-01 11:54:11.325 [info] > git rev-parse --show-toplevel [3ms]
2024-06-01 11:54:11.325 [info] fatal: not a git repository (or any parent up to mount point /)
Stopping at filesystem boundary (GIT_DISCOVERY_ACROSS_FILESYSTEM not set).
2024-06-01 11:54:53.834 [info] > git rev-parse --show-toplevel [4ms]
2024-06-01 11:54:53.834 [info] fatal: not a git repository (or any parent up to mount point /)
Stopping at filesystem boundary (GIT_DISCOVERY_ACROSS_FILESYSTEM not set).
2024-06-01 11:56:50.668 [info] > git rev-parse --show-toplevel [3ms]
2024-06-01 11:56:50.668 [info] fatal: not a git repository (or any parent up to mount point /)
Stopping at filesystem boundary (GIT_DISCOVERY_ACROSS_FILESYSTEM not set).
2024-06-01 11:57:00.107 [info] > git rev-parse --show-toplevel [3ms]
2024-06-01 11:57:00.107 [info] fatal: not a git repository (or any parent up to mount point /)
Stopping at filesystem boundary (GIT_DISCOVERY_ACROSS_FILESYSTEM not set).
2024-06-01 11:57:55.107 [info] > git rev-parse --show-toplevel [2ms]
2024-06-01 11:57:55.107 [info] fatal: not a git repository (or any parent up to mount point /)
Stopping at filesystem boundary (GIT_DISCOVERY_ACROSS_FILESYSTEM not set).
2024-06-01 11:58:57.380 [info] > git rev-parse --show-toplevel [13ms]
2024-06-01 11:58:57.380 [info] fatal: not a git repository (or any parent up to mount point /)
Stopping at filesystem boundary (GIT_DISCOVERY_ACROSS_FILESYSTEM not set).
2024-06-01 12:06:26.027 [info] > git rev-parse --show-toplevel [1ms]
2024-06-01 12:06:26.027 [info] fatal: not a git repository (or any parent up to mount point /)
Stopping at filesystem boundary (GIT_DISCOVERY_ACROSS_FILESYSTEM not set).
2024-06-01 12:06:42.327 [info] > git rev-parse --show-toplevel [3ms]
2024-06-01 12:06:42.327 [info] fatal: not a git repository (or any parent up to mount point /)
Stopping at filesystem boundary (GIT_DISCOVERY_ACROSS_FILESYSTEM not set).
2024-06-01 12:06:48.511 [info] > git rev-parse --show-toplevel [3ms]
2024-06-01 12:06:48.511 [info] fatal: not a git repository (or any parent up to mount point /)
Stopping at filesystem boundary (GIT_DISCOVERY_ACROSS_FILESYSTEM not set).
2024-06-01 12:07:51.783 [info] > git rev-parse --show-toplevel [3ms]
2024-06-01 12:07:51.783 [info] fatal: not a git repository (or any parent up to mount point /)
Stopping at filesystem boundary (GIT_DISCOVERY_ACROSS_FILESYSTEM not set).
2024-06-01 12:07:56.080 [info] > git rev-parse --show-toplevel [2ms]
2024-06-01 12:07:56.080 [info] fatal: not a git repository (or any parent up to mount point /)
Stopping at filesystem boundary (GIT_DISCOVERY_ACROSS_FILESYSTEM not set).
2024-06-01 12:07:57.992 [info] > git rev-parse --show-toplevel [2ms]
2024-06-01 12:07:57.992 [info] fatal: not a git repository (or any parent up to mount point /)
Stopping at filesystem boundary (GIT_DISCOVERY_ACROSS_FILESYSTEM not set).
2024-06-01 12:09:19.374 [info] > git rev-parse --show-toplevel [6ms]
2024-06-01 12:09:19.374 [info] fatal: not a git repository (or any parent up to mount point /)
Stopping at filesystem boundary (GIT_DISCOVERY_ACROSS_FILESYSTEM not set).
2024-06-01 12:10:58.499 [info] > git rev-parse --show-toplevel [3ms]
2024-06-01 12:10:58.499 [info] fatal: not a git repository (or any parent up to mount point /)
Stopping at filesystem boundary (GIT_DISCOVERY_ACROSS_FILESYSTEM not set).
2024-06-01 12:11:02.064 [info] > git rev-parse --show-toplevel [2ms]
2024-06-01 12:11:02.064 [info] fatal: not a git repository (or any parent up to mount point /)
Stopping at filesystem boundary (GIT_DISCOVERY_ACROSS_FILESYSTEM not set).
2024-06-01 12:11:10.906 [info] > git rev-parse --show-toplevel [3ms]
2024-06-01 12:11:10.906 [info] fatal: not a git repository (or any parent up to mount point /)
Stopping at filesystem boundary (GIT_DISCOVERY_ACROSS_FILESYSTEM not set).
2024-06-01 12:11:25.284 [info] > git rev-parse --show-toplevel [3ms]
2024-06-01 12:11:25.284 [info] fatal: not a git repository (or any parent up to mount point /)
Stopping at filesystem boundary (GIT_DISCOVERY_ACROSS_FILESYSTEM not set).
2024-06-01 12:11:53.567 [info] > git rev-parse --show-toplevel [2ms]
2024-06-01 12:11:53.567 [info] fatal: not a git repository (or any parent up to mount point /)
Stopping at filesystem boundary (GIT_DISCOVERY_ACROSS_FILESYSTEM not set).
2024-06-01 13:31:56.376 [info] > git rev-parse --show-toplevel [2ms]
2024-06-01 13:31:56.376 [info] fatal: not a git repository (or any parent up to mount point /)
Stopping at filesystem boundary (GIT_DISCOVERY_ACROSS_FILESYSTEM not set).
2024-06-01 13:32:01.838 [info] > git rev-parse --show-toplevel [2ms]
2024-06-01 13:32:01.838 [info] fatal: not a git repository (or any parent up to mount point /)
Stopping at filesystem boundary (GIT_DISCOVERY_ACROSS_FILESYSTEM not set).
2024-06-01 13:32:54.891 [info] > git rev-parse --show-toplevel [2ms]
2024-06-01 13:32:54.891 [info] fatal: not a git repository (or any parent up to mount point /)
Stopping at filesystem boundary (GIT_DISCOVERY_ACROSS_FILESYSTEM not set).
2024-06-01 13:32:56.727 [info] > git rev-parse --show-toplevel [2ms]
2024-06-01 13:32:56.727 [info] fatal: not a git repository (or any parent up to mount point /)
Stopping at filesystem boundary (GIT_DISCOVERY_ACROSS_FILESYSTEM not set).
2024-06-01 13:33:11.035 [info] > git rev-parse --show-toplevel [2ms]
2024-06-01 13:33:11.035 [info] fatal: not a git repository (or any parent up to mount point /)
Stopping at filesystem boundary (GIT_DISCOVERY_ACROSS_FILESYSTEM not set).
2024-06-01 13:33:35.827 [info] > git rev-parse --show-toplevel [3ms]
2024-06-01 13:33:35.827 [info] fatal: not a git repository (or any parent up to mount point /)
Stopping at filesystem boundary (GIT_DISCOVERY_ACROSS_FILESYSTEM not set).
2024-06-01 13:33:37.389 [info] > git rev-parse --show-toplevel [2ms]
2024-06-01 13:33:37.389 [info] fatal: not a git repository (or any parent up to mount point /)
Stopping at filesystem boundary (GIT_DISCOVERY_ACROSS_FILESYSTEM not set).
2024-06-01 13:35:18.250 [info] > git rev-parse --show-toplevel [3ms]
2024-06-01 13:35:18.250 [info] fatal: not a git repository (or any parent up to mount point /)
Stopping at filesystem boundary (GIT_DISCOVERY_ACROSS_FILESYSTEM not set).
2024-06-01 13:35:22.530 [info] > git rev-parse --show-toplevel [3ms]
2024-06-01 13:35:22.530 [info] fatal: not a git repository (or any parent up to mount point /)
Stopping at filesystem boundary (GIT_DISCOVERY_ACROSS_FILESYSTEM not set).
2024-06-01 13:35:58.071 [info] > git rev-parse --show-toplevel [3ms]
2024-06-01 13:35:58.071 [info] fatal: not a git repository (or any parent up to mount point /)
Stopping at filesystem boundary (GIT_DISCOVERY_ACROSS_FILESYSTEM not set).
2024-06-01 13:36:14.277 [info] > git rev-parse --show-toplevel [2ms]
2024-06-01 13:36:14.277 [info] fatal: not a git repository (or any parent up to mount point /)
Stopping at filesystem boundary (GIT_DISCOVERY_ACROSS_FILESYSTEM not set).
2024-06-01 13:36:25.192 [info] > git rev-parse --show-toplevel [2ms]
2024-06-01 13:36:25.192 [info] fatal: not a git repository (or any parent up to mount point /)
Stopping at filesystem boundary (GIT_DISCOVERY_ACROSS_FILESYSTEM not set).
2024-06-01 13:36:29.309 [info] > git rev-parse --show-toplevel [4ms]
2024-06-01 13:36:29.309 [info] fatal: not a git repository (or any parent up to mount point /)
Stopping at filesystem boundary (GIT_DISCOVERY_ACROSS_FILESYSTEM not set).
2024-06-01 13:36:37.833 [info] > git rev-parse --show-toplevel [2ms]
2024-06-01 13:36:37.833 [info] fatal: not a git repository (or any parent up to mount point /)
Stopping at filesystem boundary (GIT_DISCOVERY_ACROSS_FILESYSTEM not set).
2024-06-01 13:36:58.561 [info] > git rev-parse --show-toplevel [4ms]
2024-06-01 13:36:58.561 [info] fatal: not a git repository (or any parent up to mount point /)
Stopping at filesystem boundary (GIT_DISCOVERY_ACROSS_FILESYSTEM not set).
2024-06-01 13:39:05.205 [info] > git rev-parse --show-toplevel [3ms]
2024-06-01 13:39:05.205 [info] fatal: not a git repository (or any parent up to mount point /)
Stopping at filesystem boundary (GIT_DISCOVERY_ACROSS_FILESYSTEM not set).
2024-06-01 19:19:58.334 [info] > git rev-parse --show-toplevel [6ms]
2024-06-01 19:19:58.334 [info] fatal: not a git repository (or any parent up to mount point /)
Stopping at filesystem boundary (GIT_DISCOVERY_ACROSS_FILESYSTEM not set).
2024-06-01 19:20:05.250 [info] > git rev-parse --show-toplevel [2ms]
2024-06-01 19:20:05.250 [info] fatal: not a git repository (or any parent up to mount point /)
Stopping at filesystem boundary (GIT_DISCOVERY_ACROSS_FILESYSTEM not set).
2024-06-01 19:24:41.566 [info] > git rev-parse --show-toplevel [3ms]
2024-06-01 19:24:41.566 [info] fatal: not a git repository (or any parent up to mount point /)
Stopping at filesystem boundary (GIT_DISCOVERY_ACROSS_FILESYSTEM not set).
2024-06-01 19:24:47.643 [info] > git rev-parse --show-toplevel [2ms]
2024-06-01 19:24:47.643 [info] fatal: not a git repository (or any parent up to mount point /)
Stopping at filesystem boundary (GIT_DISCOVERY_ACROSS_FILESYSTEM not set).
2024-06-01 19:30:49.143 [info] > git rev-parse --show-toplevel [1ms]
2024-06-01 19:30:49.144 [info] fatal: not a git repository (or any parent up to mount point /)
Stopping at filesystem boundary (GIT_DISCOVERY_ACROSS_FILESYSTEM not set).
2024-06-01 20:22:03.795 [info] > git rev-parse --show-toplevel [3ms]
2024-06-01 20:22:03.795 [info] fatal: not a git repository (or any parent up to mount point /)
Stopping at filesystem boundary (GIT_DISCOVERY_ACROSS_FILESYSTEM not set).
2024-06-01 20:33:23.831 [info] > git rev-parse --show-toplevel [3ms]
2024-06-01 20:33:23.832 [info] fatal: not a git repository (or any parent up to mount point /)
Stopping at filesystem boundary (GIT_DISCOVERY_ACROSS_FILESYSTEM not set).
