2024-05-30 16:50:37.491 [info] Log level: Info
2024-05-30 16:50:37.491 [info] Validating found git in: "git"
2024-05-30 16:50:37.491 [info] Using git "2.45.1" from "git"
2024-05-30 16:50:37.491 [info] > git rev-parse --show-toplevel [13ms]
2024-05-30 16:50:37.491 [info] > git rev-parse --git-dir --git-common-dir [3ms]
2024-05-30 16:50:37.491 [info] Open repository: /home/peter/Documents/elte/react-bead-jubhunter-starter-kit
2024-05-30 16:50:37.504 [info] > git rev-parse --show-toplevel [4ms]
2024-05-30 16:50:37.505 [info] > git config --get commit.template [8ms]
2024-05-30 16:50:37.519 [info] > git rev-parse --show-toplevel [6ms]
2024-05-30 16:50:37.523 [info] > git for-each-ref --format=%(refname)%00%(upstream:short)%00%(objectname)%00%(upstream:track)%00%(upstream:remotename)%00%(upstream:remoteref) refs/heads/main refs/remotes/main [6ms]
2024-05-30 16:50:37.527 [warning] ENOENT: no such file or directory, open '/home/peter/Documents/elte/react-bead-jubhunter-starter-kit/.git/refs/remotes/origin/main'
2024-05-30 16:50:37.528 [info] > git rev-parse --show-toplevel [6ms]
2024-05-30 16:50:37.529 [info] > git rev-parse refs/remotes/origin/main [2ms]
2024-05-30 16:50:37.544 [info] > git status -z -uall [10ms]
2024-05-30 16:50:37.568 [info] > git merge-base refs/heads/main refs/remotes/origin/main [17ms]
2024-05-30 16:50:37.577 [info] > git config --get commit.template [10ms]
2024-05-30 16:50:37.580 [info] > git rev-list --count --left-right refs/heads/main...refs/remotes/origin/main [6ms]
2024-05-30 16:50:37.638 [info] > git diff --name-status -z --diff-filter=ADMR f10ae8731de7d5393d5b659d51264ae3850841d7...refs/remotes/origin/main [51ms]
2024-05-30 16:50:37.642 [info] > git for-each-ref --format=%(refname)%00%(upstream:short)%00%(objectname)%00%(upstream:track)%00%(upstream:remotename)%00%(upstream:remoteref) refs/heads/main refs/remotes/main [5ms]
2024-05-30 16:50:37.646 [warning] ENOENT: no such file or directory, open '/home/peter/Documents/elte/react-bead-jubhunter-starter-kit/.git/refs/remotes/origin/main'
2024-05-30 16:50:37.648 [info] > git rev-parse refs/remotes/origin/main [2ms]
2024-05-30 16:50:37.664 [info] > git status -z -uall [10ms]
2024-05-30 16:50:38.013 [info] > git check-ignore -v -z --stdin [2ms]
2024-05-30 16:50:43.288 [info] > git config --get commit.template [7ms]
2024-05-30 16:50:43.289 [info] > git for-each-ref --format=%(refname)%00%(upstream:short)%00%(objectname)%00%(upstream:track)%00%(upstream:remotename)%00%(upstream:remoteref) refs/heads/main refs/remotes/main [2ms]
2024-05-30 16:50:43.293 [warning] ENOENT: no such file or directory, open '/home/peter/Documents/elte/react-bead-jubhunter-starter-kit/.git/refs/remotes/origin/main'
2024-05-30 16:50:43.294 [info] > git rev-parse refs/remotes/origin/main [1ms]
2024-05-30 16:50:43.309 [info] > git status -z -uall [11ms]
2024-05-30 16:50:43.329 [info] > git check-ignore -v -z --stdin [4ms]
2024-05-30 16:54:07.915 [info] > git for-each-ref --sort -committerdate --format %(refname) %(objectname) %(*objectname) [4ms]
2024-05-30 16:54:19.445 [info] > git merge-base refs/heads/main refs/remotes/origin/main [3ms]
2024-05-30 16:54:19.455 [info] > git rev-list --count --left-right refs/heads/main...refs/remotes/origin/main [2ms]
2024-05-30 16:54:36.025 [info] Log level: Info
2024-05-30 16:54:36.025 [info] Validating found git in: "git"
2024-05-30 16:54:36.025 [info] Using git "2.45.1" from "git"
2024-05-30 16:54:36.025 [info] > git rev-parse --show-toplevel [8ms]
2024-05-30 16:54:36.035 [info] > git rev-parse --git-dir --git-common-dir [3ms]
2024-05-30 16:54:36.049 [info] Open repository: /home/peter/Documents/elte/react-bead-jubhunter-starter-kit
2024-05-30 16:54:36.075 [info] > git rev-parse --show-toplevel [11ms]
2024-05-30 16:54:36.076 [info] > git config --get commit.template [16ms]
2024-05-30 16:54:36.108 [info] > git rev-parse --show-toplevel [21ms]
2024-05-30 16:54:36.117 [info] > git for-each-ref --format=%(refname)%00%(upstream:short)%00%(objectname)%00%(upstream:track)%00%(upstream:remotename)%00%(upstream:remoteref) refs/heads/main refs/remotes/main [11ms]
2024-05-30 16:54:36.124 [warning] ENOENT: no such file or directory, open '/home/peter/Documents/elte/react-bead-jubhunter-starter-kit/.git/refs/remotes/origin/main'
2024-05-30 16:54:36.126 [info] > git rev-parse --show-toplevel [10ms]
2024-05-30 16:54:36.129 [info] > git rev-parse refs/remotes/origin/main [5ms]
2024-05-30 16:54:36.146 [info] > git status -z -uall [12ms]
2024-05-30 16:54:36.169 [info] > git merge-base refs/heads/main refs/remotes/origin/main [17ms]
2024-05-30 16:54:36.178 [info] > git config --get commit.template [10ms]
2024-05-30 16:54:36.180 [info] > git rev-list --count --left-right refs/heads/main...refs/remotes/origin/main [3ms]
2024-05-30 16:54:36.195 [info] > git for-each-ref --format=%(refname)%00%(upstream:short)%00%(objectname)%00%(upstream:track)%00%(upstream:remotename)%00%(upstream:remoteref) refs/heads/main refs/remotes/main [3ms]
2024-05-30 16:54:36.196 [info] > git diff --name-status -z --diff-filter=ADMR f10ae8731de7d5393d5b659d51264ae3850841d7...refs/remotes/origin/main [11ms]
2024-05-30 16:54:36.202 [warning] ENOENT: no such file or directory, open '/home/peter/Documents/elte/react-bead-jubhunter-starter-kit/.git/refs/remotes/origin/main'
2024-05-30 16:54:36.205 [info] > git rev-parse refs/remotes/origin/main [3ms]
2024-05-30 16:54:36.221 [info] > git status -z -uall [11ms]
2024-05-30 16:54:42.773 [info] > git merge-base refs/heads/main refs/remotes/origin/main [2ms]
2024-05-30 16:54:42.783 [info] > git rev-list --count --left-right refs/heads/main...refs/remotes/origin/main [2ms]
2024-05-30 16:54:43.315 [info] > git check-ignore -v -z --stdin [3ms]
2024-05-30 16:54:45.109 [info] > git check-ignore -v -z --stdin [2ms]
