[2024-05-28 22:41:02.652] [info] closeMain: undefined
[2024-05-28 22:42:24.126] [info] [Api].exit, relaunch: false
[2024-05-28 22:42:24.135] [info] [Api].shutdown, relaunch: false
[2024-05-30 10:11:29.266] [info] closeMain: undefined
[2024-05-30 10:11:31.214] [info] before-quit
[2024-05-30 10:11:31.218] [info] [Api].exit, relaunch: false
[2024-05-30 10:15:01.084] [warn] {"level":"WARN","ts":"2024-05-30T10:15:01.082+0200","logger":"anytype-config","msg":"using sqlite storage"}

[2024-05-30 10:15:01.184] [warn] 2024/05/30 10:15:01 failed to sufficiently increase receive buffer size (was: 208 kiB, wanted: 7168 kiB, got: 416 kiB). See https://github.com/quic-go/quic-go/wiki/UDP-Buffer-Sizes for details.

[2024-05-30 10:15:01.601] [warn] {"level":"INFO","ts":"2024-05-30T10:15:01.601+0200","logger":"core.block.editor.spaceview","msg":"set space persistent info","spaceId":"bafyreic7slk67p6r56dlq4cijrk5w7jjd4ftdjkzaspgbxf5clhlirxmbm.10s8rxj0v6l4n","spaceId":"bafyreic7slk67p6r56dlq4cijrk5w7jjd4ftdjkzaspgbxf5clhlirxmbm.10s8rxj0v6l4n","accountStatus":"Unknown"}
{"level":"INFO","ts":"2024-05-30T10:15:01.601+0200","logger":"core.block.editor.spaceview","msg":"set local info","spaceId":"bafyreic7slk67p6r56dlq4cijrk5w7jjd4ftdjkzaspgbxf5clhlirxmbm.10s8rxj0v6l4n","spaceId":"bafyreic7slk67p6r56dlq4cijrk5w7jjd4ftdjkzaspgbxf5clhlirxmbm.10s8rxj0v6l4n","localStatus":"Unknown","remoteStatus":"Unknown"}

[2024-05-30 10:15:01.604] [warn] {"level":"INFO","ts":"2024-05-30T10:15:01.604+0200","logger":"core.block.editor.spaceview","msg":"set local info","spaceId":"bafyreic7slk67p6r56dlq4cijrk5w7jjd4ftdjkzaspgbxf5clhlirxmbm.10s8rxj0v6l4n","spaceId":"bafyreic7slk67p6r56dlq4cijrk5w7jjd4ftdjkzaspgbxf5clhlirxmbm.10s8rxj0v6l4n","localStatus":"Loading"}

[2024-05-30 10:15:01.621] [warn] {"level":"INFO","ts":"2024-05-30T10:15:01.620+0200","logger":"common.commonspace.headsync","msg":"sync done:","spaceId":"bafyreihwwdxyjkxlxevfq7jlqjnhgpn67z25ssqqp5cb27obeu5rvtaxrm.10s8rxj0v6l4n","newIds":2,"changedIds":1,"removedIds":0,"already deleted ids":0,"peerId":"12D3KooWC69WV4sU31YesYLuFovP92PS8LZkqLbJAmxCEb28UyCo"}

[2024-05-30 10:15:01.629] [warn] {"level":"INFO","ts":"2024-05-30T10:15:01.628+0200","logger":"common.commonspace.headsync","msg":"sync done:","spaceId":"bafyreic7slk67p6r56dlq4cijrk5w7jjd4ftdjkzaspgbxf5clhlirxmbm.10s8rxj0v6l4n","newIds":162,"changedIds":0,"removedIds":0,"already deleted ids":0,"peerId":"12D3KooWC69WV4sU31YesYLuFovP92PS8LZkqLbJAmxCEb28UyCo"}

[2024-05-30 10:15:01.674] [warn] {"level":"ERROR","ts":"2024-05-30T10:15:01.674+0200","logger":"anytype-mw-editor","msg":"favorite: can't set detail to object: build tree: peer id not found in context"}

[2024-05-30 10:15:02.142] [warn] {"level":"WARN","ts":"2024-05-30T10:15:02.141+0200","logger":"client.space","msg":"load bundled objects","duration":"465.922648ms"}

[2024-05-30 10:15:02.147] [warn] {"level":"ERROR","ts":"2024-05-30T10:15:02.146+0200","logger":"client.space","msg":"no extra state found"}
{"level":"INFO","ts":"2024-05-30T10:15:02.146+0200","logger":"core.block.editor.spaceview","msg":"set local info","spaceId":"bafyreic7slk67p6r56dlq4cijrk5w7jjd4ftdjkzaspgbxf5clhlirxmbm.10s8rxj0v6l4n","spaceId":"bafyreic7slk67p6r56dlq4cijrk5w7jjd4ftdjkzaspgbxf5clhlirxmbm.10s8rxj0v6l4n","localStatus":"Ok"}

[2024-05-30 10:15:02.206] [warn] {"level":"INFO","ts":"2024-05-30T10:15:02.206+0200","logger":"core.block.editor.spaceview","msg":"set space persistent info","spaceId":"bafyreiawh26x3i5bqvetpzw66vbokitvbqsp3wsodszsrc7kkfzkp3hvm4.10s8rxj0v6l4n","spaceId":"bafyreiawh26x3i5bqvetpzw66vbokitvbqsp3wsodszsrc7kkfzkp3hvm4.10s8rxj0v6l4n","accountStatus":"Unknown"}
{"level":"INFO","ts":"2024-05-30T10:15:02.206+0200","logger":"core.block.editor.spaceview","msg":"set local info","spaceId":"bafyreiawh26x3i5bqvetpzw66vbokitvbqsp3wsodszsrc7kkfzkp3hvm4.10s8rxj0v6l4n","spaceId":"bafyreiawh26x3i5bqvetpzw66vbokitvbqsp3wsodszsrc7kkfzkp3hvm4.10s8rxj0v6l4n","localStatus":"Unknown","remoteStatus":"Unknown"}

[2024-05-30 10:15:02.222] [warn] {"level":"INFO","ts":"2024-05-30T10:15:02.222+0200","logger":"core.block.editor.spaceview","msg":"set local info","spaceId":"bafyreiawh26x3i5bqvetpzw66vbokitvbqsp3wsodszsrc7kkfzkp3hvm4.10s8rxj0v6l4n","spaceId":"bafyreiawh26x3i5bqvetpzw66vbokitvbqsp3wsodszsrc7kkfzkp3hvm4.10s8rxj0v6l4n","localStatus":"Loading"}

[2024-05-30 10:15:02.250] [warn] {"level":"INFO","ts":"2024-05-30T10:15:02.250+0200","logger":"core.block.editor.spaceview","msg":"set local info","spaceId":"bafyreiawh26x3i5bqvetpzw66vbokitvbqsp3wsodszsrc7kkfzkp3hvm4.10s8rxj0v6l4n","spaceId":"bafyreiawh26x3i5bqvetpzw66vbokitvbqsp3wsodszsrc7kkfzkp3hvm4.10s8rxj0v6l4n","remoteStatus":"Ok","shareableStatus":"Shareable","writeLimit":3,"readLimit":3}

[2024-05-30 10:15:02.289] [warn] {"level":"WARN","ts":"2024-05-30T10:15:02.288+0200","logger":"anytype-app","msg":"app started","total":1209,"fts":16,"common.commonfile.fileblockstore":2,"client.space":937,"indexer":7,"identity":133,"common.commonspace.spacestorage":31,"datastore_spaceStoreWasMissing":true,"datastore_spaceStoreMode":0,"datastore_localStoreWasMissing":true,"datastore_spentOnInit":20,"indexer_r_bundled_relations":173,"indexer_r_bundled_relations_spent":109,"indexer_r_bundled_types":35,"indexer_r_bundled_types_spent":29,"indexer_r_bundled_templates":15,"indexer_r_bundled_templates_spent":2,"indexer_r_bundled_objects":2,"indexer_r_bundled_objects_spent":0,"indexer_r_bundled_objects":2,"indexer_r_bundled_objects_spent":1}
{"level":"ERROR","ts":"2024-05-30T10:15:02.288+0200","logger":"cache","msg":"can not get subscription status from cache","error":"Key not found","errorVerbose":"Key not found\ngithub.com/dgraph-io/badger/v4.init\n\t<autogenerated>:1\nruntime.doInit1\n\t/opt/hostedtoolcache/go/1.22.3/x64/src/runtime/proc.go:7176\nruntime.doInit\n\t/opt/hostedtoolcache/go/1.22.3/x64/src/runtime/proc.go:7143\nruntime.main\n\t/opt/hostedtoolcache/go/1.22.3/x64/src/runtime/proc.go:253\nruntime.goexit\n\t/opt/hostedtoolcache/go/1.22.3/x64/src/runtime/asm_amd64.s:1695"}

[2024-05-30 10:15:02.450] [warn] {"level":"INFO","ts":"2024-05-30T10:15:02.450+0200","logger":"core.block.editor.spaceview","msg":"set local info","spaceId":"bafyreiawh26x3i5bqvetpzw66vbokitvbqsp3wsodszsrc7kkfzkp3hvm4.10s8rxj0v6l4n","spaceId":"bafyreiawh26x3i5bqvetpzw66vbokitvbqsp3wsodszsrc7kkfzkp3hvm4.10s8rxj0v6l4n","remoteStatus":"Ok","shareableStatus":"Shareable","writeLimit":3,"readLimit":3}

[2024-05-30 10:15:02.536] [warn] {"level":"ERROR","ts":"2024-05-30T10:15:02.536+0200","logger":"anytype-mw-editor","msg":"favorite: can't set detail to object: build tree: peer id not found in context"}

[2024-05-30 10:15:02.574] [warn] {"level":"INFO","ts":"2024-05-30T10:15:02.573+0200","logger":"common.commonspace.headsync","msg":"sync done:","spaceId":"bafyreiawh26x3i5bqvetpzw66vbokitvbqsp3wsodszsrc7kkfzkp3hvm4.10s8rxj0v6l4n","newIds":178,"changedIds":3,"removedIds":0,"already deleted ids":1,"peerId":"12D3KooWC69WV4sU31YesYLuFovP92PS8LZkqLbJAmxCEb28UyCo"}

[2024-05-30 10:15:02.584] [warn] {"level":"ERROR","ts":"2024-05-30T10:15:02.583+0200","logger":"anytype-mw-editor","msg":"archive: can't set detail to object: build tree: peer id not found in context"}
{"level":"ERROR","ts":"2024-05-30T10:15:02.583+0200","logger":"anytype-mw-editor","msg":"archive: can't set detail to object: build tree: peer id not found in context"}

[2024-05-30 10:15:02.584] [warn] {"level":"ERROR","ts":"2024-05-30T10:15:02.584+0200","logger":"anytype-mw-editor","msg":"archive: can't set detail to object: build tree: peer id not found in context"}
{"level":"ERROR","ts":"2024-05-30T10:15:02.584+0200","logger":"anytype-mw-editor","msg":"archive: can't set detail to object: build tree: peer id not found in context"}

[2024-05-30 10:15:02.585] [warn] {"level":"ERROR","ts":"2024-05-30T10:15:02.584+0200","logger":"anytype-mw-editor","msg":"archive: can't set detail to object: build tree: peer id not found in context"}
{"level":"ERROR","ts":"2024-05-30T10:15:02.584+0200","logger":"anytype-mw-editor","msg":"archive: can't set detail to object: build tree: peer id not found in context"}
{"level":"ERROR","ts":"2024-05-30T10:15:02.584+0200","logger":"anytype-mw-editor","msg":"archive: can't set detail to object: build tree: peer id not found in context"}
{"level":"ERROR","ts":"2024-05-30T10:15:02.584+0200","logger":"anytype-mw-editor","msg":"archive: can't set detail to object: build tree: peer id not found in context"}
{"level":"ERROR","ts":"2024-05-30T10:15:02.584+0200","logger":"anytype-mw-editor","msg":"archive: can't set detail to object: build tree: peer id not found in context"}

[2024-05-30 10:15:02.943] [warn] {"level":"WARN","ts":"2024-05-30T10:15:02.942+0200","logger":"client.space","msg":"load bundled objects","duration":"357.890746ms"}

[2024-05-30 10:15:02.952] [warn] {"level":"INFO","ts":"2024-05-30T10:15:02.951+0200","logger":"core.block.editor.spaceview","msg":"set local info","spaceId":"bafyreiawh26x3i5bqvetpzw66vbokitvbqsp3wsodszsrc7kkfzkp3hvm4.10s8rxj0v6l4n","spaceId":"bafyreiawh26x3i5bqvetpzw66vbokitvbqsp3wsodszsrc7kkfzkp3hvm4.10s8rxj0v6l4n","localStatus":"Ok"}

[2024-05-30 10:15:02.957] [warn] {"level":"ERROR","ts":"2024-05-30T10:15:02.957+0200","logger":"anytype-mw-editor","msg":"archive: can't set detail to object: build tree: peer id not found in context"}

[2024-05-30 10:15:02.958] [warn] {"level":"ERROR","ts":"2024-05-30T10:15:02.957+0200","logger":"anytype-mw-editor","msg":"archive: can't set detail to object: build tree: peer id not found in context"}
{"level":"ERROR","ts":"2024-05-30T10:15:02.957+0200","logger":"anytype-mw-editor","msg":"archive: can't set detail to object: build tree: peer id not found in context"}
{"level":"ERROR","ts":"2024-05-30T10:15:02.958+0200","logger":"anytype-mw-editor","msg":"archive: can't set detail to object: build tree: peer id not found in context"}

[2024-05-30 10:15:02.960] [warn] {"level":"ERROR","ts":"2024-05-30T10:15:02.958+0200","logger":"anytype-mw-editor","msg":"archive: can't set detail to object: build tree: peer id not found in context"}
{"level":"ERROR","ts":"2024-05-30T10:15:02.958+0200","logger":"anytype-mw-editor","msg":"archive: can't set detail to object: build tree: peer id not found in context"}
{"level":"ERROR","ts":"2024-05-30T10:15:02.958+0200","logger":"anytype-mw-editor","msg":"archive: can't set detail to object: build tree: peer id not found in context"}
{"level":"ERROR","ts":"2024-05-30T10:15:02.958+0200","logger":"anytype-mw-editor","msg":"archive: can't set detail to object: build tree: peer id not found in context"}
{"level":"ERROR","ts":"2024-05-30T10:15:02.959+0200","logger":"anytype-mw-editor","msg":"archive: can't set detail to object: build tree: peer id not found in context"}
{"level":"ERROR","ts":"2024-05-30T10:15:02.959+0200","logger":"anytype-mw-editor","msg":"archive: can't set detail to object: build tree: peer id not found in context"}
{"level":"ERROR","ts":"2024-05-30T10:15:02.959+0200","logger":"anytype-mw-editor","msg":"archive: can't set detail to object: build tree: peer id not found in context"}
{"level":"ERROR","ts":"2024-05-30T10:15:02.959+0200","logger":"anytype-mw-editor","msg":"archive: can't set detail to object: build tree: peer id not found in context"}

[2024-05-30 10:15:02.961] [warn] {"level":"ERROR","ts":"2024-05-30T10:15:02.959+0200","logger":"anytype-mw-editor","msg":"archive: can't set detail to object: build tree: peer id not found in context"}
{"level":"ERROR","ts":"2024-05-30T10:15:02.959+0200","logger":"anytype-mw-editor","msg":"archive: can't set detail to object: build tree: peer id not found in context"}

[2024-05-30 10:15:03.014] [warn] {"level":"ERROR","ts":"2024-05-30T10:15:03.012+0200","logger":"anytype-mw-service","msg":"failed to perform delete operation on object{error 26 0  build tree: peer id not found in context}"}

[2024-05-30 10:15:03.016] [warn] {"level":"ERROR","ts":"2024-05-30T10:15:03.015+0200","logger":"anytype-mw-service","msg":"failed to perform delete operation on object{error 26 0  build tree: peer id not found in context}"}

[2024-05-30 10:15:03.020] [warn] {"level":"ERROR","ts":"2024-05-30T10:15:03.020+0200","logger":"anytype-mw-service","msg":"failed to perform delete operation on object{error 26 0  build tree: peer id not found in context}"}

[2024-05-30 10:15:03.026] [warn] {"level":"ERROR","ts":"2024-05-30T10:15:03.025+0200","logger":"anytype-mw-service","msg":"failed to perform delete operation on object{error 26 0  build tree: peer id not found in context}"}

[2024-05-30 10:15:03.043] [warn] {"level":"ERROR","ts":"2024-05-30T10:15:03.042+0200","logger":"anytype-mw-service","msg":"failed to perform delete operation on object{error 26 0  build tree: peer id not found in context}"}

[2024-05-30 10:15:03.053] [warn] {"level":"ERROR","ts":"2024-05-30T10:15:03.053+0200","logger":"anytype-mw-service","msg":"failed to perform delete operation on object{error 26 0  build tree: peer id not found in context}"}

[2024-05-30 10:15:03.061] [warn] {"level":"ERROR","ts":"2024-05-30T10:15:03.061+0200","logger":"anytype-mw-service","msg":"failed to perform delete operation on object{error 26 0  build tree: peer id not found in context}"}

[2024-05-30 10:15:03.065] [warn] {"level":"ERROR","ts":"2024-05-30T10:15:03.065+0200","logger":"anytype-mw-service","msg":"failed to perform delete operation on object{error 26 0  build tree: peer id not found in context}"}

[2024-05-30 10:15:03.072] [warn] {"level":"ERROR","ts":"2024-05-30T10:15:03.072+0200","logger":"anytype-mw-service","msg":"failed to perform delete operation on object{error 26 0  build tree: peer id not found in context}"}

[2024-05-30 10:15:03.079] [warn] {"level":"ERROR","ts":"2024-05-30T10:15:03.079+0200","logger":"anytype-mw-service","msg":"failed to perform delete operation on object{error 26 0  build tree: peer id not found in context}"}

[2024-05-30 10:15:03.089] [warn] {"level":"ERROR","ts":"2024-05-30T10:15:03.089+0200","logger":"anytype-mw-service","msg":"failed to perform delete operation on object{error 26 0  build tree: peer id not found in context}"}

[2024-05-30 10:15:03.097] [warn] {"level":"ERROR","ts":"2024-05-30T10:15:03.094+0200","logger":"anytype-mw-service","msg":"failed to perform delete operation on object{error 26 0  build tree: peer id not found in context}"}

[2024-05-30 10:15:03.115] [warn] {"level":"ERROR","ts":"2024-05-30T10:15:03.114+0200","logger":"anytype-mw-service","msg":"failed to perform delete operation on object{error 26 0  build tree: peer id not found in context}"}

[2024-05-30 10:15:03.123] [warn] {"level":"ERROR","ts":"2024-05-30T10:15:03.123+0200","logger":"anytype-mw-service","msg":"failed to perform delete operation on object{error 26 0  build tree: peer id not found in context}"}

[2024-05-30 10:15:03.128] [warn] {"level":"ERROR","ts":"2024-05-30T10:15:03.127+0200","logger":"anytype-mw-service","msg":"failed to perform delete operation on object{error 26 0  build tree: peer id not found in context}"}

[2024-05-30 10:15:03.132] [warn] {"level":"ERROR","ts":"2024-05-30T10:15:03.132+0200","logger":"anytype-mw-service","msg":"failed to perform delete operation on object{error 26 0  build tree: peer id not found in context}"}

[2024-05-30 10:15:03.136] [warn] {"level":"ERROR","ts":"2024-05-30T10:15:03.135+0200","logger":"anytype-mw-service","msg":"failed to perform delete operation on object{error 26 0  build tree: peer id not found in context}"}

[2024-05-30 10:15:03.141] [warn] {"level":"ERROR","ts":"2024-05-30T10:15:03.141+0200","logger":"anytype-mw-service","msg":"failed to perform delete operation on object{error 26 0  build tree: peer id not found in context}"}

[2024-05-30 10:15:03.149] [warn] {"level":"ERROR","ts":"2024-05-30T10:15:03.149+0200","logger":"anytype-mw-service","msg":"failed to perform delete operation on object{error 26 0  build tree: peer id not found in context}"}

[2024-05-30 10:15:03.157] [warn] {"level":"ERROR","ts":"2024-05-30T10:15:03.156+0200","logger":"anytype-mw-service","msg":"failed to perform delete operation on object{error 26 0  build tree: peer id not found in context}"}

[2024-05-30 10:15:03.163] [warn] {"level":"ERROR","ts":"2024-05-30T10:15:03.162+0200","logger":"anytype-mw-service","msg":"failed to perform delete operation on object{error 26 0  build tree: peer id not found in context}"}

[2024-05-30 10:15:03.168] [warn] {"level":"ERROR","ts":"2024-05-30T10:15:03.168+0200","logger":"anytype-mw-service","msg":"failed to perform delete operation on object{error 26 0  build tree: peer id not found in context}"}

[2024-05-30 10:15:03.174] [warn] {"level":"ERROR","ts":"2024-05-30T10:15:03.174+0200","logger":"anytype-mw-service","msg":"failed to perform delete operation on object{error 26 0  build tree: peer id not found in context}"}

[2024-05-30 10:15:03.186] [warn] {"level":"ERROR","ts":"2024-05-30T10:15:03.186+0200","logger":"anytype-mw-service","msg":"failed to perform delete operation on object{error 26 0  build tree: peer id not found in context}"}

[2024-05-30 10:15:03.224] [warn] {"level":"ERROR","ts":"2024-05-30T10:15:03.223+0200","logger":"anytype-mw-service","msg":"failed to perform delete operation on object{error 26 0  build tree: peer id not found in context}"}

[2024-05-30 10:15:03.239] [warn] {"level":"ERROR","ts":"2024-05-30T10:15:03.239+0200","logger":"anytype-mw-service","msg":"failed to perform delete operation on object{error 26 0  build tree: peer id not found in context}"}

[2024-05-30 10:15:03.242] [warn] {"level":"ERROR","ts":"2024-05-30T10:15:03.241+0200","logger":"anytype-mw-service","msg":"failed to perform delete operation on object{error 26 0  build tree: peer id not found in context}"}

[2024-05-30 10:15:03.245] [warn] {"level":"ERROR","ts":"2024-05-30T10:15:03.245+0200","logger":"anytype-mw-service","msg":"failed to perform delete operation on object{error 26 0  build tree: peer id not found in context}"}

[2024-05-30 10:15:03.249] [warn] {"level":"ERROR","ts":"2024-05-30T10:15:03.249+0200","logger":"anytype-mw-service","msg":"failed to perform delete operation on object{error 26 0  build tree: peer id not found in context}"}

[2024-05-30 10:15:03.254] [warn] {"level":"ERROR","ts":"2024-05-30T10:15:03.253+0200","logger":"anytype-mw-service","msg":"failed to perform delete operation on object{error 26 0  build tree: peer id not found in context}"}

[2024-05-30 10:15:03.257] [warn] {"level":"ERROR","ts":"2024-05-30T10:15:03.256+0200","logger":"anytype-mw-service","msg":"failed to perform delete operation on object{error 26 0  build tree: peer id not found in context}"}

[2024-05-30 10:15:03.266] [warn] {"level":"ERROR","ts":"2024-05-30T10:15:03.265+0200","logger":"anytype-mw-service","msg":"failed to perform delete operation on object{error 26 0  build tree: peer id not found in context}"}

[2024-05-30 10:15:03.410] [warn] {"level":"WARN","ts":"2024-05-30T10:15:03.409+0200","logger":"filesync","msg":"done upload","fileId":"bafybeicaugitqqbckau5manm6hsdu5k4e6owcna2h2sezyoyhseypaj7hm","bytesToUpload":0,"bytesUploaded":0}

[2024-05-30 10:15:11.179] [warn] {"level":"ERROR","ts":"2024-05-30T10:15:11.177+0200","logger":"backlinks-update-watcher","msg":"failed to resolve space id for object: object not found","objectId":"bafyreihi5phwxw4aovetupiobov4zwiuhqunimymv4t54oqkdrapqmfyum"}

[2024-05-30 10:15:11.180] [warn] {"level":"ERROR","ts":"2024-05-30T10:15:11.179+0200","logger":"backlinks-update-watcher","msg":"failed to resolve space id for object: object not found","objectId":"bafyreigfyw7hyfmq32utybd7aiffsmmqigdkcyjnnjfbcyhvtwu6gmvabi"}
{"level":"ERROR","ts":"2024-05-30T10:15:11.179+0200","logger":"backlinks-update-watcher","msg":"failed to resolve space id for object: object not found","objectId":"bafyreiesphorjq6jac24wldjli6usfnmb5idpbp732msr5isrq6pxzhps4"}

[2024-05-30 10:15:11.184] [warn] {"level":"ERROR","ts":"2024-05-30T10:15:11.183+0200","logger":"backlinks-update-watcher","msg":"failed to resolve space id for object: object not found","objectId":"bafyreif62tpner63qgz6iwxxrj4y2sofwka4ewqlbzzfdll55gwozwkf5i"}

[2024-05-30 10:15:15.338] [info] closeMain: undefined
[2024-05-30 10:16:31.362] [warn] {"level":"WARN","ts":"2024-05-30T10:16:31.361+0200","logger":"common.net.peer","msg":"close active connection because no activity","peerId":"12D3KooWC69WV4sU31YesYLuFovP92PS8LZkqLbJAmxCEb28UyCo","addr":"quic://16.62.61.29:5430"}

[2024-05-30 10:18:02.483] [warn] {"level":"INFO","ts":"2024-05-30T10:18:02.483+0200","logger":"core.block.editor.spaceview","msg":"set local info","spaceId":"bafyreiawh26x3i5bqvetpzw66vbokitvbqsp3wsodszsrc7kkfzkp3hvm4.10s8rxj0v6l4n","spaceId":"bafyreiawh26x3i5bqvetpzw66vbokitvbqsp3wsodszsrc7kkfzkp3hvm4.10s8rxj0v6l4n","remoteStatus":"Ok","shareableStatus":"Shareable","writeLimit":3,"readLimit":3}

[2024-05-30 10:18:21.645] [warn] {"level":"INFO","ts":"2024-05-30T10:18:21.644+0200","logger":"common.commonspace.headsync","msg":"sync done:","spaceId":"bafyreihwwdxyjkxlxevfq7jlqjnhgpn67z25ssqqp5cb27obeu5rvtaxrm.10s8rxj0v6l4n","newIds":0,"changedIds":0,"removedIds":0,"already deleted ids":0,"peerId":"12D3KooWC69WV4sU31YesYLuFovP92PS8LZkqLbJAmxCEb28UyCo"}

[2024-05-30 10:18:21.652] [warn] {"level":"INFO","ts":"2024-05-30T10:18:21.651+0200","logger":"common.commonspace.headsync","msg":"sync done:","spaceId":"bafyreic7slk67p6r56dlq4cijrk5w7jjd4ftdjkzaspgbxf5clhlirxmbm.10s8rxj0v6l4n","newIds":0,"changedIds":0,"removedIds":0,"already deleted ids":0,"peerId":"12D3KooWC69WV4sU31YesYLuFovP92PS8LZkqLbJAmxCEb28UyCo"}

[2024-05-30 10:18:22.598] [warn] {"level":"INFO","ts":"2024-05-30T10:18:22.597+0200","logger":"common.commonspace.headsync","msg":"sync done:","spaceId":"bafyreiawh26x3i5bqvetpzw66vbokitvbqsp3wsodszsrc7kkfzkp3hvm4.10s8rxj0v6l4n","newIds":0,"changedIds":0,"removedIds":0,"already deleted ids":0,"peerId":"12D3KooWC69WV4sU31YesYLuFovP92PS8LZkqLbJAmxCEb28UyCo"}

[2024-05-30 10:20:36.990] [info] [Api].exit, relaunch: false
[2024-05-30 10:20:36.993] [warn] {"level":"ERROR","ts":"2024-05-30T10:20:36.991+0200","logger":"anytype-mw-api","msg":"stream eyJhbGciOiJIUzI1NiIsInR5cCI6IkpXVCJ9.eyJzZWVkIjoiSlltRG1MUXAifQ.6AMplq4IM5KLHzv2q78cKl7wbCQtmMh3QHm0pZff1vg interrupted"}

[2024-05-30 10:20:37.014] [warn] {"level":"ERROR","ts":"2024-05-30T10:20:37.013+0200","logger":"fileobject","msg":"index loop: wait for index request: context canceled"}

[2024-05-30 10:20:37.019] [warn] {"level":"WARN","ts":"2024-05-30T10:20:37.018+0200","logger":"common.commonspace","msg":"call space.Close on closed space","id":"bafyreihwwdxyjkxlxevfq7jlqjnhgpn67z25ssqqp5cb27obeu5rvtaxrm.10s8rxj0v6l4n"}
{"level":"ERROR","ts":"2024-05-30T10:20:37.018+0200","logger":"net.transport.quic","msg":"listener closed with error","localAddr":"[::]:35637","error":"context canceled"}

[2024-05-30 10:20:37.026] [warn] {"level":"WARN","ts":"2024-05-30T10:20:37.025+0200","logger":"anytype-core-account","msg":"error while stop anytype: Component 'common.space.virtualspaceservice' close error: DB Closed"}

[2024-05-30 10:20:37.033] [info] [Api].shutdown, relaunch: false
