2024-06-03 20:45:40.351 [info] Extension host with pid 1529 started
2024-06-03 20:45:40.351 [info] Skipping acquiring lock for /home/peter/.config/VSCodium/User/workspaceStorage/18952293359104bc60c155877f700dda.
2024-06-03 20:45:40.380 [info] ExtensionService#_doActivateExtension vscode.git-base, startup: true, activationEvent: '*'
2024-06-03 20:45:40.395 [info] ExtensionService#_doActivateExtension vscode.github, startup: true, activationEvent: '*'
2024-06-03 20:45:40.410 [info] Eager extensions activated
2024-06-03 20:45:40.415 [info] ExtensionService#_doActivateExtension vscode.debug-auto-launch, startup: false, activationEvent: 'onStartupFinished'
2024-06-03 20:45:40.418 [info] ExtensionService#_doActivateExtension vscode.merge-conflict, startup: false, activationEvent: 'onStartupFinished'
2024-06-03 20:45:40.425 [info] ExtensionService#_doActivateExtension dsznajder.es7-react-js-snippets, startup: false, activationEvent: 'onStartupFinished'
2024-06-03 20:45:42.592 [info] ExtensionService#_doActivateExtension vscode.git, startup: false, activationEvent: 'api', root cause: vscode.github
2024-06-03 20:45:42.848 [info] ExtensionService#_doActivateExtension vscode.github-authentication, startup: false, activationEvent: 'onAuthenticationRequest:github'
2024-06-03 20:45:49.599 [info] ExtensionService#_doActivateExtension vscode.typescript-language-features, startup: false, activationEvent: 'onLanguage:javascriptreact'
2024-06-03 20:45:49.629 [info] ExtensionService#_doActivateExtension vscode.emmet, startup: false, activationEvent: 'onLanguage'
2024-06-03 20:50:06.816 [info] Extension host terminating: renderer closed the MessagePort
2024-06-03 20:50:06.841 [error] Canceled: Canceled
	at new L (/usr/share/vscodium/resources/app/out/vs/workbench/api/node/extensionHostProcess.js:143:50578)
	at c._remoteCall (/usr/share/vscodium/resources/app/out/vs/workbench/api/node/extensionHostProcess.js:150:7677)
	at x.<computed>.z.charCodeAt.x.<computed> (/usr/share/vscodium/resources/app/out/vs/workbench/api/node/extensionHostProcess.js:150:4229)
	at r._doExecuteCommand (/usr/share/vscodium/resources/app/out/vs/workbench/api/node/extensionHostProcess.js:153:224943)
	at r.executeCommand (/usr/share/vscodium/resources/app/out/vs/workbench/api/node/extensionHostProcess.js:153:224268)
	at _.registerCommand.description (/usr/share/vscodium/resources/app/out/vs/workbench/api/node/extensionHostProcess.js:153:223512)
	at r._executeContributedCommand (/usr/share/vscodium/resources/app/out/vs/workbench/api/node/extensionHostProcess.js:153:225581)
	at r._doExecuteCommand (/usr/share/vscodium/resources/app/out/vs/workbench/api/node/extensionHostProcess.js:153:224401)
	at r.executeCommand (/usr/share/vscodium/resources/app/out/vs/workbench/api/node/extensionHostProcess.js:153:224268)
	at Object.executeCommand (/usr/share/vscodium/resources/app/out/vs/workbench/api/node/extensionHostProcess.js:163:29252)
	at a.O [as value] (/usr/share/vscodium/resources/app/extensions/git/dist/main.js:2:945087)
	at o._deliver (/usr/share/vscodium/resources/app/out/vs/workbench/api/node/extensionHostProcess.js:82:838)
	at o._deliverQueue (/usr/share/vscodium/resources/app/out/vs/workbench/api/node/extensionHostProcess.js:82:929)
	at o.fire (/usr/share/vscodium/resources/app/out/vs/workbench/api/node/extensionHostProcess.js:82:1264)
	at Object.p [as dispose] (/usr/share/vscodium/resources/app/extensions/git/dist/main.js:2:964171)
	at /usr/share/vscodium/resources/app/extensions/git/dist/main.js:2:970209
	at Array.forEach (<anonymous>)
	at f.dispose (/usr/share/vscodium/resources/app/extensions/git/dist/main.js:2:970195)
	at d.<anonymous> (/usr/share/vscodium/resources/app/out/vs/workbench/api/node/extensionHostProcess.js:151:5993)
	at d.dispose (/usr/share/vscodium/resources/app/out/vs/workbench/api/node/extensionHostProcess.js:151:6090)
	at d.<anonymous> (/usr/share/vscodium/resources/app/extensions/git/dist/main.js:2:947344)
	at d.dispose (/usr/share/vscodium/resources/app/out/vs/workbench/api/node/extensionHostProcess.js:151:6090)
	at a (/usr/share/vscodium/resources/app/out/vs/workbench/api/node/extensionHostProcess.js:30:758)
	at f._deactivate (/usr/share/vscodium/resources/app/out/vs/workbench/api/node/extensionHostProcess.js:159:12988)
	at /usr/share/vscodium/resources/app/out/vs/workbench/api/node/extensionHostProcess.js:159:10107
	at Array.map (<anonymous>)
	at f._deactivateAll (/usr/share/vscodium/resources/app/out/vs/workbench/api/node/extensionHostProcess.js:159:10094)
	at f.terminate (/usr/share/vscodium/resources/app/out/vs/workbench/api/node/extensionHostProcess.js:159:10478)
	at a.terminate (/usr/share/vscodium/resources/app/out/vs/workbench/api/node/extensionHostProcess.js:163:1908)
	at t (/usr/share/vscodium/resources/app/out/vs/workbench/api/node/extensionHostProcess.js:176:11627)
	at MessagePortMain.<anonymous> (/usr/share/vscodium/resources/app/out/vs/workbench/api/node/extensionHostProcess.js:176:7702)
	at MessagePortMain.emit (node:events:517:28)
	at MessagePortMain._internalPort.emit (node:electron/js2c/utility_init:2:2285) setContext undefined
2024-06-03 20:50:06.843 [error] Canceled: Canceled
	at new L (/usr/share/vscodium/resources/app/out/vs/workbench/api/node/extensionHostProcess.js:143:50578)
	at c._remoteCall (/usr/share/vscodium/resources/app/out/vs/workbench/api/node/extensionHostProcess.js:150:7677)
	at x.<computed>.z.charCodeAt.x.<computed> (/usr/share/vscodium/resources/app/out/vs/workbench/api/node/extensionHostProcess.js:150:4229)
	at r._doExecuteCommand (/usr/share/vscodium/resources/app/out/vs/workbench/api/node/extensionHostProcess.js:153:224943)
	at r.executeCommand (/usr/share/vscodium/resources/app/out/vs/workbench/api/node/extensionHostProcess.js:153:224268)
	at _.registerCommand.description (/usr/share/vscodium/resources/app/out/vs/workbench/api/node/extensionHostProcess.js:153:223512)
	at r._executeContributedCommand (/usr/share/vscodium/resources/app/out/vs/workbench/api/node/extensionHostProcess.js:153:225581)
	at r._doExecuteCommand (/usr/share/vscodium/resources/app/out/vs/workbench/api/node/extensionHostProcess.js:153:224401)
	at r.executeCommand (/usr/share/vscodium/resources/app/out/vs/workbench/api/node/extensionHostProcess.js:153:224268)
	at Object.executeCommand (/usr/share/vscodium/resources/app/out/vs/workbench/api/node/extensionHostProcess.js:163:29252)
	at set hasGitHubRepositories [as hasGitHubRepositories] (/usr/share/vscodium/resources/app/extensions/github/dist/extension.js:2:322918)
	at /usr/share/vscodium/resources/app/extensions/github/dist/extension.js:2:323877
	at a.value (/usr/share/vscodium/resources/app/extensions/git/dist/main.js:2:1050660)
	at o._deliver (/usr/share/vscodium/resources/app/out/vs/workbench/api/node/extensionHostProcess.js:82:838)
	at o._deliverQueue (/usr/share/vscodium/resources/app/out/vs/workbench/api/node/extensionHostProcess.js:82:929)
	at o.fire (/usr/share/vscodium/resources/app/out/vs/workbench/api/node/extensionHostProcess.js:82:1264)
	at Object.p [as dispose] (/usr/share/vscodium/resources/app/extensions/git/dist/main.js:2:964171)
	at /usr/share/vscodium/resources/app/extensions/git/dist/main.js:2:970209
	at Array.forEach (<anonymous>)
	at f.dispose (/usr/share/vscodium/resources/app/extensions/git/dist/main.js:2:970195)
	at d.<anonymous> (/usr/share/vscodium/resources/app/out/vs/workbench/api/node/extensionHostProcess.js:151:5993)
	at d.dispose (/usr/share/vscodium/resources/app/out/vs/workbench/api/node/extensionHostProcess.js:151:6090)
	at d.<anonymous> (/usr/share/vscodium/resources/app/extensions/git/dist/main.js:2:947344)
	at d.dispose (/usr/share/vscodium/resources/app/out/vs/workbench/api/node/extensionHostProcess.js:151:6090)
	at a (/usr/share/vscodium/resources/app/out/vs/workbench/api/node/extensionHostProcess.js:30:758)
	at f._deactivate (/usr/share/vscodium/resources/app/out/vs/workbench/api/node/extensionHostProcess.js:159:12988)
	at /usr/share/vscodium/resources/app/out/vs/workbench/api/node/extensionHostProcess.js:159:10107
	at Array.map (<anonymous>)
	at f._deactivateAll (/usr/share/vscodium/resources/app/out/vs/workbench/api/node/extensionHostProcess.js:159:10094)
	at f.terminate (/usr/share/vscodium/resources/app/out/vs/workbench/api/node/extensionHostProcess.js:159:10478)
	at a.terminate (/usr/share/vscodium/resources/app/out/vs/workbench/api/node/extensionHostProcess.js:163:1908)
	at t (/usr/share/vscodium/resources/app/out/vs/workbench/api/node/extensionHostProcess.js:176:11627)
	at MessagePortMain.<anonymous> (/usr/share/vscodium/resources/app/out/vs/workbench/api/node/extensionHostProcess.js:176:7702)
	at MessagePortMain.emit (node:events:517:28)
	at MessagePortMain._internalPort.emit (node:electron/js2c/utility_init:2:2285) setContext undefined
2024-06-03 20:50:06.843 [info] Extension host with pid 1529 exiting with code 0
