2024-06-02 15:35:36.233 [info] Extension host with pid 1305 started
2024-06-02 15:35:36.233 [info] Skipping acquiring lock for /home/peter/.config/VSCodium/User/workspaceStorage/ce3eb1f3dd618668ce32481f621b35a5.
2024-06-02 15:35:36.394 [info] ExtensionService#_doActivateExtension vscode.git-base, startup: true, activationEvent: '*', root cause: vscode.git
2024-06-02 15:35:36.566 [info] ExtensionService#_doActivateExtension vscode.git, startup: true, activationEvent: '*'
2024-06-02 15:35:36.599 [info] ExtensionService#_doActivateExtension vscode.github, startup: true, activationEvent: '*'
2024-06-02 15:35:36.674 [info] Eager extensions activated
2024-06-02 15:35:36.842 [info] ExtensionService#_doActivateExtension vscode.debug-auto-launch, startup: false, activationEvent: 'onStartupFinished'
2024-06-02 15:35:36.847 [info] ExtensionService#_doActivateExtension vscode.merge-conflict, startup: false, activationEvent: 'onStartupFinished'
2024-06-02 15:35:36.858 [info] ExtensionService#_doActivateExtension dsznajder.es7-react-js-snippets, startup: false, activationEvent: 'onStartupFinished'
2024-06-02 15:35:37.232 [info] ExtensionService#_doActivateExtension vscode.github-authentication, startup: false, activationEvent: 'onAuthenticationRequest:github'
2024-06-02 16:24:19.326 [info] ExtensionService#_doActivateExtension vscode.npm, startup: false, activationEvent: 'onTerminalQuickFixRequest:ms-vscode.npm-command'
2024-06-02 16:26:06.950 [info] ExtensionService#_doActivateExtension vscode.typescript-language-features, startup: false, activationEvent: 'onLanguage:javascriptreact'
2024-06-02 16:26:06.987 [info] ExtensionService#_doActivateExtension vscode.emmet, startup: false, activationEvent: 'onLanguage'
2024-06-02 16:35:05.783 [info] ExtensionService#_doActivateExtension vscode.css-language-features, startup: false, activationEvent: 'onLanguage:css'
2024-06-02 16:59:07.036 [error] [vscode.typescript-language-features] provider FAILED
2024-06-02 16:59:07.036 [error] Error: DisposableStore is missing...
	at we._convertCompletionItem (/usr/share/vscodium/resources/app/out/vs/workbench/api/node/extensionHostProcess.js:153:123745)
	at we.resolveCompletionItem (/usr/share/vscodium/resources/app/out/vs/workbench/api/node/extensionHostProcess.js:153:123086)
2024-06-02 18:25:32.564 [error] [vscode.typescript-language-features] provider FAILED
2024-06-02 18:25:32.564 [error] Error: DisposableStore is missing...
	at we._convertCompletionItem (/usr/share/vscodium/resources/app/out/vs/workbench/api/node/extensionHostProcess.js:153:123745)
	at we.resolveCompletionItem (/usr/share/vscodium/resources/app/out/vs/workbench/api/node/extensionHostProcess.js:153:123086)
2024-06-02 18:44:17.766 [error] [vscode.typescript-language-features] provider FAILED
2024-06-02 18:44:17.766 [error] Error: DisposableStore is missing...
	at we._convertCompletionItem (/usr/share/vscodium/resources/app/out/vs/workbench/api/node/extensionHostProcess.js:153:123745)
	at we.resolveCompletionItem (/usr/share/vscodium/resources/app/out/vs/workbench/api/node/extensionHostProcess.js:153:123086)
2024-06-02 19:17:12.629 [error] [vscode.typescript-language-features] provider FAILED
2024-06-02 19:17:12.629 [error] Error: DisposableStore is missing...
	at we._convertCompletionItem (/usr/share/vscodium/resources/app/out/vs/workbench/api/node/extensionHostProcess.js:153:123745)
	at we.resolveCompletionItem (/usr/share/vscodium/resources/app/out/vs/workbench/api/node/extensionHostProcess.js:153:123086)
2024-06-02 19:20:46.735 [error] [vscode.typescript-language-features] provider FAILED
2024-06-02 19:20:46.735 [error] Error: DisposableStore is missing...
	at we._convertCompletionItem (/usr/share/vscodium/resources/app/out/vs/workbench/api/node/extensionHostProcess.js:153:123745)
	at we.resolveCompletionItem (/usr/share/vscodium/resources/app/out/vs/workbench/api/node/extensionHostProcess.js:153:123086)
	at process.processTicksAndRejections (node:internal/process/task_queues:95:5)
2024-06-02 20:36:39.847 [error] [vscode.typescript-language-features] provider FAILED
2024-06-02 20:36:39.847 [error] Error: DisposableStore is missing...
	at we._convertCompletionItem (/usr/share/vscodium/resources/app/out/vs/workbench/api/node/extensionHostProcess.js:153:123745)
	at we.resolveCompletionItem (/usr/share/vscodium/resources/app/out/vs/workbench/api/node/extensionHostProcess.js:153:123086)
2024-06-02 20:51:07.080 [error] [vscode.typescript-language-features] provider FAILED
2024-06-02 20:51:07.080 [error] Error: DisposableStore is missing...
	at we._convertCompletionItem (/usr/share/vscodium/resources/app/out/vs/workbench/api/node/extensionHostProcess.js:153:123745)
	at we.resolveCompletionItem (/usr/share/vscodium/resources/app/out/vs/workbench/api/node/extensionHostProcess.js:153:123086)
2024-06-02 21:24:50.597 [error] [vscode.typescript-language-features] provider FAILED
2024-06-02 21:24:50.597 [error] Error: DisposableStore is missing...
	at we._convertCompletionItem (/usr/share/vscodium/resources/app/out/vs/workbench/api/node/extensionHostProcess.js:153:123745)
	at we.resolveCompletionItem (/usr/share/vscodium/resources/app/out/vs/workbench/api/node/extensionHostProcess.js:153:123086)
2024-06-02 21:37:26.692 [info] ExtensionService#_doActivateExtension vscode.extension-editing, startup: false, activationEvent: 'onLanguage:markdown'
2024-06-02 21:37:26.701 [info] ExtensionService#_doActivateExtension vscode.markdown-language-features, startup: false, activationEvent: 'onLanguage:markdown'
2024-06-02 21:37:27.334 [info] ExtensionService#_doActivateExtension vscode.markdown-math, startup: false, activationEvent: 'api', root cause: vscode.markdown-language-features
2024-06-02 22:23:03.779 [error] [vscode.typescript-language-features] provider FAILED
2024-06-02 22:23:03.779 [error] Error: DisposableStore is missing...
	at we._convertCompletionItem (/usr/share/vscodium/resources/app/out/vs/workbench/api/node/extensionHostProcess.js:153:123745)
	at we.resolveCompletionItem (/usr/share/vscodium/resources/app/out/vs/workbench/api/node/extensionHostProcess.js:153:123086)
2024-06-02 22:32:07.396 [info] ExtensionService#_doActivateExtension vscode.json-language-features, startup: false, activationEvent: 'onLanguage:jsonc'
2024-06-02 22:35:38.871 [info] Extension host terminating: renderer closed the MessagePort
2024-06-02 22:35:39.258 [error] Canceled: Canceled
	at new L (/usr/share/vscodium/resources/app/out/vs/workbench/api/node/extensionHostProcess.js:143:50578)
	at c._remoteCall (/usr/share/vscodium/resources/app/out/vs/workbench/api/node/extensionHostProcess.js:150:7677)
	at x.<computed>.z.charCodeAt.x.<computed> (/usr/share/vscodium/resources/app/out/vs/workbench/api/node/extensionHostProcess.js:150:4229)
	at r._doExecuteCommand (/usr/share/vscodium/resources/app/out/vs/workbench/api/node/extensionHostProcess.js:153:224943)
	at r.executeCommand (/usr/share/vscodium/resources/app/out/vs/workbench/api/node/extensionHostProcess.js:153:224268)
	at _.registerCommand.description (/usr/share/vscodium/resources/app/out/vs/workbench/api/node/extensionHostProcess.js:153:223512)
	at r._executeContributedCommand (/usr/share/vscodium/resources/app/out/vs/workbench/api/node/extensionHostProcess.js:153:225581)
	at r._doExecuteCommand (/usr/share/vscodium/resources/app/out/vs/workbench/api/node/extensionHostProcess.js:153:224401)
	at r.executeCommand (/usr/share/vscodium/resources/app/out/vs/workbench/api/node/extensionHostProcess.js:153:224268)
	at Object.executeCommand (/usr/share/vscodium/resources/app/out/vs/workbench/api/node/extensionHostProcess.js:163:29252)
	at a.O [as value] (/usr/share/vscodium/resources/app/extensions/git/dist/main.js:2:945087)
	at o._deliver (/usr/share/vscodium/resources/app/out/vs/workbench/api/node/extensionHostProcess.js:82:838)
	at o._deliverQueue (/usr/share/vscodium/resources/app/out/vs/workbench/api/node/extensionHostProcess.js:82:929)
	at o.fire (/usr/share/vscodium/resources/app/out/vs/workbench/api/node/extensionHostProcess.js:82:1264)
	at Object.p [as dispose] (/usr/share/vscodium/resources/app/extensions/git/dist/main.js:2:964171)
	at /usr/share/vscodium/resources/app/extensions/git/dist/main.js:2:970209
	at Array.forEach (<anonymous>)
	at f.dispose (/usr/share/vscodium/resources/app/extensions/git/dist/main.js:2:970195)
	at d.<anonymous> (/usr/share/vscodium/resources/app/out/vs/workbench/api/node/extensionHostProcess.js:151:5993)
	at d.dispose (/usr/share/vscodium/resources/app/out/vs/workbench/api/node/extensionHostProcess.js:151:6090)
	at d.<anonymous> (/usr/share/vscodium/resources/app/extensions/git/dist/main.js:2:947344)
	at d.dispose (/usr/share/vscodium/resources/app/out/vs/workbench/api/node/extensionHostProcess.js:151:6090)
	at a (/usr/share/vscodium/resources/app/out/vs/workbench/api/node/extensionHostProcess.js:30:758)
	at f._deactivate (/usr/share/vscodium/resources/app/out/vs/workbench/api/node/extensionHostProcess.js:159:12988)
	at /usr/share/vscodium/resources/app/out/vs/workbench/api/node/extensionHostProcess.js:159:10107
	at Array.map (<anonymous>)
	at f._deactivateAll (/usr/share/vscodium/resources/app/out/vs/workbench/api/node/extensionHostProcess.js:159:10094)
	at f.terminate (/usr/share/vscodium/resources/app/out/vs/workbench/api/node/extensionHostProcess.js:159:10478)
	at a.terminate (/usr/share/vscodium/resources/app/out/vs/workbench/api/node/extensionHostProcess.js:163:1908)
	at t (/usr/share/vscodium/resources/app/out/vs/workbench/api/node/extensionHostProcess.js:176:11627)
	at MessagePortMain.<anonymous> (/usr/share/vscodium/resources/app/out/vs/workbench/api/node/extensionHostProcess.js:176:7702)
	at MessagePortMain.emit (node:events:517:28)
	at MessagePortMain._internalPort.emit (node:electron/js2c/utility_init:2:2285) setContext undefined
2024-06-02 22:35:39.259 [error] Canceled: Canceled
	at new L (/usr/share/vscodium/resources/app/out/vs/workbench/api/node/extensionHostProcess.js:143:50578)
	at c._remoteCall (/usr/share/vscodium/resources/app/out/vs/workbench/api/node/extensionHostProcess.js:150:7677)
	at x.<computed>.z.charCodeAt.x.<computed> (/usr/share/vscodium/resources/app/out/vs/workbench/api/node/extensionHostProcess.js:150:4229)
	at r._doExecuteCommand (/usr/share/vscodium/resources/app/out/vs/workbench/api/node/extensionHostProcess.js:153:224943)
	at r.executeCommand (/usr/share/vscodium/resources/app/out/vs/workbench/api/node/extensionHostProcess.js:153:224268)
	at _.registerCommand.description (/usr/share/vscodium/resources/app/out/vs/workbench/api/node/extensionHostProcess.js:153:223512)
	at r._executeContributedCommand (/usr/share/vscodium/resources/app/out/vs/workbench/api/node/extensionHostProcess.js:153:225581)
	at r._doExecuteCommand (/usr/share/vscodium/resources/app/out/vs/workbench/api/node/extensionHostProcess.js:153:224401)
	at r.executeCommand (/usr/share/vscodium/resources/app/out/vs/workbench/api/node/extensionHostProcess.js:153:224268)
	at Object.executeCommand (/usr/share/vscodium/resources/app/out/vs/workbench/api/node/extensionHostProcess.js:163:29252)
	at set hasGitHubRepositories [as hasGitHubRepositories] (/usr/share/vscodium/resources/app/extensions/github/dist/extension.js:2:322918)
	at /usr/share/vscodium/resources/app/extensions/github/dist/extension.js:2:323877
	at a.value (/usr/share/vscodium/resources/app/extensions/git/dist/main.js:2:1050660)
	at o._deliver (/usr/share/vscodium/resources/app/out/vs/workbench/api/node/extensionHostProcess.js:82:838)
	at o._deliverQueue (/usr/share/vscodium/resources/app/out/vs/workbench/api/node/extensionHostProcess.js:82:929)
	at o.fire (/usr/share/vscodium/resources/app/out/vs/workbench/api/node/extensionHostProcess.js:82:1264)
	at Object.p [as dispose] (/usr/share/vscodium/resources/app/extensions/git/dist/main.js:2:964171)
	at /usr/share/vscodium/resources/app/extensions/git/dist/main.js:2:970209
	at Array.forEach (<anonymous>)
	at f.dispose (/usr/share/vscodium/resources/app/extensions/git/dist/main.js:2:970195)
	at d.<anonymous> (/usr/share/vscodium/resources/app/out/vs/workbench/api/node/extensionHostProcess.js:151:5993)
	at d.dispose (/usr/share/vscodium/resources/app/out/vs/workbench/api/node/extensionHostProcess.js:151:6090)
	at d.<anonymous> (/usr/share/vscodium/resources/app/extensions/git/dist/main.js:2:947344)
	at d.dispose (/usr/share/vscodium/resources/app/out/vs/workbench/api/node/extensionHostProcess.js:151:6090)
	at a (/usr/share/vscodium/resources/app/out/vs/workbench/api/node/extensionHostProcess.js:30:758)
	at f._deactivate (/usr/share/vscodium/resources/app/out/vs/workbench/api/node/extensionHostProcess.js:159:12988)
	at /usr/share/vscodium/resources/app/out/vs/workbench/api/node/extensionHostProcess.js:159:10107
	at Array.map (<anonymous>)
	at f._deactivateAll (/usr/share/vscodium/resources/app/out/vs/workbench/api/node/extensionHostProcess.js:159:10094)
	at f.terminate (/usr/share/vscodium/resources/app/out/vs/workbench/api/node/extensionHostProcess.js:159:10478)
	at a.terminate (/usr/share/vscodium/resources/app/out/vs/workbench/api/node/extensionHostProcess.js:163:1908)
	at t (/usr/share/vscodium/resources/app/out/vs/workbench/api/node/extensionHostProcess.js:176:11627)
	at MessagePortMain.<anonymous> (/usr/share/vscodium/resources/app/out/vs/workbench/api/node/extensionHostProcess.js:176:7702)
	at MessagePortMain.emit (node:events:517:28)
	at MessagePortMain._internalPort.emit (node:electron/js2c/utility_init:2:2285) setContext undefined
2024-06-02 22:35:39.261 [info] Extension host with pid 1305 exiting with code 0
