2024-05-30 17:42:19.203 [info] Log level: Info
2024-05-30 17:42:19.203 [info] Validating found git in: "git"
2024-05-30 17:42:19.203 [info] Using git "2.45.1" from "git"
2024-05-30 17:42:19.203 [info] > git rev-parse --show-toplevel [2ms]
2024-05-30 17:42:19.204 [info] > git rev-parse --git-dir --git-common-dir [2ms]
2024-05-30 17:42:19.219 [info] Open repository: /home/peter/Documents/elte/react-bead-jubhunter-starter-kit
2024-05-30 17:42:19.238 [info] > git rev-parse --show-toplevel [5ms]
2024-05-30 17:42:19.239 [info] > git config --get commit.template [11ms]
2024-05-30 17:42:19.262 [info] > git rev-parse --show-toplevel [12ms]
2024-05-30 17:42:19.286 [info] > git for-each-ref --format=%(refname)%00%(upstream:short)%00%(objectname)%00%(upstream:track)%00%(upstream:remotename)%00%(upstream:remoteref) refs/heads/main refs/remotes/main [27ms]
2024-05-30 17:42:19.296 [warning] ENOENT: no such file or directory, open '/home/peter/Documents/elte/react-bead-jubhunter-starter-kit/.git/refs/remotes/origin/main'
2024-05-30 17:42:19.297 [info] > git rev-parse --show-toplevel [12ms]
2024-05-30 17:42:19.306 [info] > git rev-parse refs/remotes/origin/main [10ms]
2024-05-30 17:42:19.324 [info] > git status -z -uall [11ms]
2024-05-30 17:42:19.343 [info] > git merge-base refs/heads/main refs/remotes/origin/main [13ms]
2024-05-30 17:42:19.350 [info] > git config --get commit.template [7ms]
2024-05-30 17:42:19.356 [info] > git rev-list --count --left-right refs/heads/main...refs/remotes/origin/main [7ms]
2024-05-30 17:42:19.362 [info] > git for-each-ref --format=%(refname)%00%(upstream:short)%00%(objectname)%00%(upstream:track)%00%(upstream:remotename)%00%(upstream:remoteref) refs/heads/main refs/remotes/main [6ms]
2024-05-30 17:42:19.366 [warning] ENOENT: no such file or directory, open '/home/peter/Documents/elte/react-bead-jubhunter-starter-kit/.git/refs/remotes/origin/main'
2024-05-30 17:42:19.367 [info] > git diff --name-status -z --diff-filter=ADMR f10ae8731de7d5393d5b659d51264ae3850841d7...refs/remotes/origin/main [6ms]
2024-05-30 17:42:19.370 [info] > git rev-parse refs/remotes/origin/main [4ms]
2024-05-30 17:42:19.388 [info] > git status -z -uall [11ms]
2024-05-30 17:42:19.803 [info] > git check-ignore -v -z --stdin [4ms]
2024-05-30 17:42:22.616 [info] > git merge-base refs/heads/main refs/remotes/origin/main [3ms]
2024-05-30 17:42:22.626 [info] > git rev-list --count --left-right refs/heads/main...refs/remotes/origin/main [2ms]
2024-05-30 18:07:52.899 [info] > git check-ignore -v -z --stdin [3ms]
2024-05-30 18:07:53.711 [info] > git check-ignore -v -z --stdin [2ms]
2024-05-30 18:07:55.292 [info] > git check-ignore -v -z --stdin [3ms]
2024-05-30 18:07:56.389 [info] > git show --textconv :client/src/App.css [7ms]
2024-05-30 18:07:56.391 [info] > git ls-files --stage -- /home/peter/Documents/elte/react-bead-jubhunter-starter-kit/client/src/App.css [3ms]
2024-05-30 18:07:56.403 [info] > git cat-file -s b9d355df2a5956b526c004531b7b0ffe412461e0 [5ms]
2024-05-30 18:07:57.446 [info] > git show --textconv :client/src/App.jsx [10ms]
2024-05-30 18:07:57.447 [info] > git ls-files --stage -- /home/peter/Documents/elte/react-bead-jubhunter-starter-kit/client/src/App.jsx [3ms]
2024-05-30 18:07:57.455 [info] > git cat-file -s b8b8473a3696b4f77deff889a84ab45629c42079 [3ms]
