2024-05-30 16:55:42.583 [info] Added views:workbench.panel.markers.view in workbench.panel.markers
2024-05-30 16:55:42.583 [info] Added views:workbench.panel.output in workbench.panel.output
2024-05-30 16:55:42.583 [info] Added views:terminal in terminal
2024-05-30 16:55:42.583 [info] Added views:outline in workbench.view.explorer
2024-05-30 16:55:42.583 [info] Added views:workbench.scm in workbench.view.scm
2024-05-30 16:55:42.583 [info] Added views:workbench.view.search in workbench.view.search
2024-05-30 16:55:42.583 [info] Added views:timeline in workbench.view.explorer
2024-05-30 16:55:42.583 [info] Added views:workbench.explorer.fileView in workbench.view.explorer
2024-05-30 16:55:43.170 [info] Added views:workbench.debug.variablesView,workbench.debug.watchExpressionsView,workbench.debug.callStackView,workbench.debug.breakPointsView in workbench.view.debug
2024-05-30 16:55:43.635 [info] Added views:~remote.forwardedPorts in ~remote.forwardedPortsContainer
2024-05-30 16:55:43.775 [info] Added views:workbench.panel.repl.view in workbench.panel.repl
2024-05-30 16:55:43.780 [info] Removed views:workbench.debug.breakPointsView,workbench.debug.callStackView,workbench.debug.watchExpressionsView,workbench.debug.variablesView from workbench.view.debug
2024-05-30 16:55:43.783 [info] Added views:workbench.debug.welcome in workbench.view.debug
2024-05-30 16:57:26.653 [info] Added views:workbench.views.extensions.installed,workbench.views.extensions.popular,extensions.recommendedList in workbench.view.extensions
2024-05-30 16:57:26.661 [info] Removed views:workbench.views.extensions.popular from workbench.view.extensions
2024-05-30 16:57:29.641 [info] Removed views:extensions.recommendedList,workbench.views.extensions.installed from workbench.view.extensions
2024-05-30 16:57:29.668 [info] Added views:workbench.views.extensions.marketplace in workbench.view.extensions
2024-05-30 16:57:55.028 [info] Added views:gitlens.views.home,gitlens.views.workspaces,gitlens.views.account in workbench.view.extension.gitlens
2024-05-30 16:57:55.033 [info] Added views:gitlens.views.commitDetails,gitlens.views.lineHistory,gitlens.views.fileHistory,gitlens.views.searchAndCompare in workbench.view.extension.gitlensInspect
2024-05-30 16:57:55.036 [info] Added views:gitlens.views.commits,gitlens.views.branches,gitlens.views.remotes,gitlens.views.stashes,gitlens.views.tags,gitlens.views.contributors in workbench.view.scm
2024-05-30 16:57:55.776 [info] Removed views:gitlens.views.searchAndCompare,gitlens.views.fileHistory,gitlens.views.lineHistory,gitlens.views.commitDetails from workbench.view.extension.gitlensInspect
2024-05-30 16:57:55.780 [info] Removed views:gitlens.views.contributors,gitlens.views.tags,gitlens.views.stashes,gitlens.views.remotes,gitlens.views.branches,gitlens.views.commits from workbench.view.scm
2024-05-30 16:57:55.931 [info] Added views:gitlens.views.drafts in workbench.view.extension.gitlens
2024-05-30 16:57:56.080 [info] Added views:gitlens.views.commitDetails,gitlens.views.lineHistory,gitlens.views.fileHistory,gitlens.views.searchAndCompare in workbench.view.extension.gitlensInspect
2024-05-30 16:57:56.083 [info] Added views:gitlens.views.commits,gitlens.views.branches,gitlens.views.remotes,gitlens.views.stashes,gitlens.views.tags,gitlens.views.contributors in workbench.view.scm
2024-05-30 16:57:57.266 [info] Added views:gitlens.views.graph,gitlens.views.graphDetails in workbench.view.extension.gitlensPanel
2024-05-30 16:57:57.272 [info] Added views:gitlens.views.timeline in workbench.view.extension.gitlensInspect
2024-05-30 16:57:57.278 [info] Added views:gitlens.views.worktrees in workbench.view.scm
2024-05-30 16:58:31.749 [info] Removed views:workbench.views.extensions.marketplace from workbench.view.extensions
2024-05-30 16:58:31.776 [info] Added views:workbench.views.extensions.installed,extensions.recommendedList in workbench.view.extensions
2024-05-30 16:58:39.888 [info] Removed views:gitlens.views.drafts from workbench.view.extension.gitlens
2024-05-30 16:58:39.927 [info] Removed views:gitlens.views.graphDetails,gitlens.views.graph from workbench.view.extension.gitlensPanel
2024-05-30 16:58:39.939 [info] Added views:gitlens.views.graph,gitlens.views.graphDetails in workbench.view.explorer
2024-05-30 16:58:39.947 [info] Removed views:gitlens.views.account,gitlens.views.workspaces,gitlens.views.home from workbench.view.extension.gitlens
2024-05-30 16:58:39.971 [info] Added views:gitlens.views.home,gitlens.views.workspaces,gitlens.views.account in workbench.view.explorer
2024-05-30 16:58:39.974 [info] Removed views:gitlens.views.searchAndCompare,gitlens.views.timeline,gitlens.views.fileHistory,gitlens.views.lineHistory,gitlens.views.commitDetails from workbench.view.extension.gitlensInspect
2024-05-30 16:58:40.018 [info] Added views:gitlens.views.commitDetails,gitlens.views.lineHistory,gitlens.views.fileHistory,gitlens.views.timeline,gitlens.views.searchAndCompare in workbench.view.explorer
2024-05-30 16:58:40.035 [info] Removed views:gitlens.views.searchAndCompare,gitlens.views.timeline,gitlens.views.fileHistory,gitlens.views.account,gitlens.views.lineHistory,gitlens.views.workspaces,gitlens.views.graphDetails,gitlens.views.commitDetails,gitlens.views.home,gitlens.views.graph from workbench.view.explorer
2024-05-30 16:58:40.038 [info] Removed views:gitlens.views.contributors,gitlens.views.worktrees,gitlens.views.tags,gitlens.views.stashes,gitlens.views.remotes,gitlens.views.branches,gitlens.views.commits from workbench.view.scm
2024-05-30 16:58:40.501 [info] Removed views:workbench.panel.repl.view from workbench.panel.repl
2024-05-30 16:58:40.681 [info] Added views:workbench.panel.repl.view in workbench.panel.repl
2024-05-30 16:58:44.291 [info] Removed views:extensions.recommendedList,workbench.views.extensions.installed from workbench.view.extensions
2024-05-30 16:58:44.305 [info] Added views:workbench.views.extensions.marketplace in workbench.view.extensions
2024-05-30 16:59:02.841 [info] Removed views:workbench.views.extensions.marketplace from workbench.view.extensions
2024-05-30 16:59:02.859 [info] Added views:workbench.views.extensions.installed,extensions.recommendedList in workbench.view.extensions
2024-05-30 16:59:05.135 [info] Removed views:extensions.recommendedList,workbench.views.extensions.installed from workbench.view.extensions
2024-05-30 16:59:05.158 [info] Added views:workbench.views.extensions.marketplace in workbench.view.extensions
2024-05-30 16:59:12.122 [info] Removed views:workbench.views.extensions.marketplace from workbench.view.extensions
2024-05-30 16:59:12.136 [info] Added views:workbench.views.extensions.installed,extensions.recommendedList in workbench.view.extensions
