2024-07-07T12:45:47.765Z [Modules] Modules initializing
2024-07-07T12:45:47.766Z [Modules] Distribution: remote
2024-07-07T12:45:47.766Z [Modules] Host updates: enabled
2024-07-07T12:45:47.766Z [Modules] Module updates: enabled
2024-07-07T12:45:47.767Z [Modules] Module install path: /home/peter/.config/discord/0.0.54/modules
2024-07-07T12:45:47.767Z [Modules] Module installed file path: /home/peter/.config/discord/0.0.54/modules/installed.json
2024-07-07T12:45:47.767Z [Modules] Module download path: /home/peter/.config/discord/0.0.54/modules/pending
2024-07-07T12:45:48.237Z [Modules] Bootstrapping...
2024-07-07T12:45:48.238Z [Modules] Installing discord_desktop_core@0 from /opt/discord/resources/bootstrap/discord_desktop_core.zip
2024-07-07T12:45:48.242Z [Modules] Failed installing discord_desktop_core@0: Error: ENOENT: no such file or directory, open '/opt/discord/resources/bootstrap/discord_desktop_core.zip'
2024-07-07T12:45:48.244Z [Modules] Installing discord_erlpack@0 from /opt/discord/resources/bootstrap/discord_erlpack.zip
2024-07-07T12:45:48.246Z [Modules] Failed installing discord_erlpack@0: Error: ENOENT: no such file or directory, open '/opt/discord/resources/bootstrap/discord_erlpack.zip'
2024-07-07T12:45:48.247Z [Modules] Installing discord_spellcheck@0 from /opt/discord/resources/bootstrap/discord_spellcheck.zip
2024-07-07T12:45:48.249Z [Modules] Failed installing discord_spellcheck@0: Error: ENOENT: no such file or directory, open '/opt/discord/resources/bootstrap/discord_spellcheck.zip'
2024-07-07T12:45:48.250Z [Modules] Installing discord_utils@0 from /opt/discord/resources/bootstrap/discord_utils.zip
2024-07-07T12:45:48.251Z [Modules] Failed installing discord_utils@0: Error: ENOENT: no such file or directory, open '/opt/discord/resources/bootstrap/discord_utils.zip'
2024-07-07T12:45:48.252Z [Modules] Installing discord_voice@0 from /opt/discord/resources/bootstrap/discord_voice.zip
2024-07-07T12:45:48.253Z [Modules] Failed installing discord_voice@0: Error: ENOENT: no such file or directory, open '/opt/discord/resources/bootstrap/discord_voice.zip'
2024-07-07T12:45:48.254Z [Modules] Installing discord_zstd@0 from /opt/discord/resources/bootstrap/discord_zstd.zip
2024-07-07T12:45:48.255Z [Modules] Failed installing discord_zstd@0: Error: ENOENT: no such file or directory, open '/opt/discord/resources/bootstrap/discord_zstd.zip'
2024-07-07T12:45:48.256Z [Modules] Finished module installations. [success: 0] [failure: 6]
2024-07-07T12:45:48.257Z [Modules] Checking for host updates.
2024-07-07T12:45:49.139Z [Modules] Host update is available. Manual update required!
2024-07-07T13:00:37.724Z [Modules] Modules initializing
2024-07-07T13:00:37.725Z [Modules] Distribution: remote
2024-07-07T13:00:37.725Z [Modules] Host updates: enabled
2024-07-07T13:00:37.725Z [Modules] Module updates: enabled
2024-07-07T13:00:37.726Z [Modules] Module install path: /home/peter/.config/discord/0.0.58/modules
2024-07-07T13:00:37.726Z [Modules] Module installed file path: /home/peter/.config/discord/0.0.58/modules/installed.json
2024-07-07T13:00:37.726Z [Modules] Module download path: /home/peter/.config/discord/0.0.58/modules/pending
2024-07-07T13:00:38.383Z [Modules] Bootstrapping...
2024-07-07T13:00:38.387Z [Modules] Installing discord_desktop_core@0 from /opt/discord/resources/bootstrap/discord_desktop_core.zip
2024-07-07T13:00:38.398Z [Modules] Failed installing discord_desktop_core@0: Error: ENOENT: no such file or directory, open '/opt/discord/resources/bootstrap/discord_desktop_core.zip'
2024-07-07T13:00:38.400Z [Modules] Installing discord_erlpack@0 from /opt/discord/resources/bootstrap/discord_erlpack.zip
2024-07-07T13:00:38.413Z [Modules] Failed installing discord_erlpack@0: Error: ENOENT: no such file or directory, open '/opt/discord/resources/bootstrap/discord_erlpack.zip'
2024-07-07T13:00:38.415Z [Modules] Installing discord_spellcheck@0 from /opt/discord/resources/bootstrap/discord_spellcheck.zip
2024-07-07T13:00:38.419Z [Modules] Failed installing discord_spellcheck@0: Error: ENOENT: no such file or directory, open '/opt/discord/resources/bootstrap/discord_spellcheck.zip'
2024-07-07T13:00:38.421Z [Modules] Installing discord_utils@0 from /opt/discord/resources/bootstrap/discord_utils.zip
2024-07-07T13:00:38.427Z [Modules] Failed installing discord_utils@0: Error: ENOENT: no such file or directory, open '/opt/discord/resources/bootstrap/discord_utils.zip'
2024-07-07T13:00:38.428Z [Modules] Installing discord_voice@0 from /opt/discord/resources/bootstrap/discord_voice.zip
2024-07-07T13:00:38.433Z [Modules] Failed installing discord_voice@0: Error: ENOENT: no such file or directory, open '/opt/discord/resources/bootstrap/discord_voice.zip'
2024-07-07T13:00:38.443Z [Modules] Installing discord_zstd@0 from /opt/discord/resources/bootstrap/discord_zstd.zip
2024-07-07T13:00:38.448Z [Modules] Failed installing discord_zstd@0: Error: ENOENT: no such file or directory, open '/opt/discord/resources/bootstrap/discord_zstd.zip'
2024-07-07T13:00:38.449Z [Modules] Finished module installations. [success: 0] [failure: 6]
2024-07-07T13:00:38.450Z [Modules] Checking for host updates.
2024-07-07T13:00:38.903Z [Modules] Host is up to date.
2024-07-07T13:00:38.905Z [Modules] Checking for module updates at https://discord.com/api/modules/stable/versions.json
2024-07-07T13:00:38.938Z [Modules] Module update available: discord_desktop_core@1 [installed: 0]
2024-07-07T13:00:38.941Z [Modules] Module update available: discord_erlpack@1 [installed: 0]
2024-07-07T13:00:38.943Z [Modules] Module update available: discord_spellcheck@1 [installed: 0]
2024-07-07T13:00:38.943Z [Modules] Module update available: discord_utils@1 [installed: 0]
2024-07-07T13:00:38.943Z [Modules] Module update available: discord_voice@1 [installed: 0]
2024-07-07T13:00:38.943Z [Modules] Module update available: discord_zstd@1 [installed: 0]
2024-07-07T13:00:38.945Z [Modules] Fetching discord_desktop_core@1 from https://discord.com/api/modules/stable/discord_desktop_core/1
2024-07-07T13:00:38.945Z [Modules] Streaming discord_desktop_core@1 to /home/peter/.config/discord/0.0.58/modules/pending/discord_desktop_core-1.zip
2024-07-07T13:00:39.321Z [Modules] Streaming discord_desktop_core@1 to /home/peter/.config/discord/0.0.58/modules/pending/discord_desktop_core-1.zip: 1%
2024-07-07T13:00:39.327Z [Modules] Streaming discord_desktop_core@1 to /home/peter/.config/discord/0.0.58/modules/pending/discord_desktop_core-1.zip: 4%
2024-07-07T13:00:39.330Z [Modules] Streaming discord_desktop_core@1 to /home/peter/.config/discord/0.0.58/modules/pending/discord_desktop_core-1.zip: 5%
2024-07-07T13:00:39.333Z [Modules] Streaming discord_desktop_core@1 to /home/peter/.config/discord/0.0.58/modules/pending/discord_desktop_core-1.zip: 11%
2024-07-07T13:00:39.335Z [Modules] Streaming discord_desktop_core@1 to /home/peter/.config/discord/0.0.58/modules/pending/discord_desktop_core-1.zip: 13%
2024-07-07T13:00:39.340Z [Modules] Streaming discord_desktop_core@1 to /home/peter/.config/discord/0.0.58/modules/pending/discord_desktop_core-1.zip: 25%
2024-07-07T13:00:39.351Z [Modules] Streaming discord_desktop_core@1 to /home/peter/.config/discord/0.0.58/modules/pending/discord_desktop_core-1.zip: 27%
2024-07-07T13:00:39.355Z [Modules] Streaming discord_desktop_core@1 to /home/peter/.config/discord/0.0.58/modules/pending/discord_desktop_core-1.zip: 36%
2024-07-07T13:00:39.361Z [Modules] Streaming discord_desktop_core@1 to /home/peter/.config/discord/0.0.58/modules/pending/discord_desktop_core-1.zip: 39%
2024-07-07T13:00:39.394Z [Modules] Streaming discord_desktop_core@1 to /home/peter/.config/discord/0.0.58/modules/pending/discord_desktop_core-1.zip: 40%
2024-07-07T13:00:39.396Z [Modules] Streaming discord_desktop_core@1 to /home/peter/.config/discord/0.0.58/modules/pending/discord_desktop_core-1.zip: 43%
2024-07-07T13:00:39.398Z [Modules] Streaming discord_desktop_core@1 to /home/peter/.config/discord/0.0.58/modules/pending/discord_desktop_core-1.zip: 47%
2024-07-07T13:00:39.400Z [Modules] Streaming discord_desktop_core@1 to /home/peter/.config/discord/0.0.58/modules/pending/discord_desktop_core-1.zip: 51%
2024-07-07T13:00:39.411Z [Modules] Streaming discord_desktop_core@1 to /home/peter/.config/discord/0.0.58/modules/pending/discord_desktop_core-1.zip: 52%
2024-07-07T13:00:39.412Z [Modules] Streaming discord_desktop_core@1 to /home/peter/.config/discord/0.0.58/modules/pending/discord_desktop_core-1.zip: 55%
2024-07-07T13:00:39.415Z [Modules] Streaming discord_desktop_core@1 to /home/peter/.config/discord/0.0.58/modules/pending/discord_desktop_core-1.zip: 61%
2024-07-07T13:00:39.429Z [Modules] Streaming discord_desktop_core@1 to /home/peter/.config/discord/0.0.58/modules/pending/discord_desktop_core-1.zip: 62%
2024-07-07T13:00:39.431Z [Modules] Streaming discord_desktop_core@1 to /home/peter/.config/discord/0.0.58/modules/pending/discord_desktop_core-1.zip: 65%
2024-07-07T13:00:39.437Z [Modules] Streaming discord_desktop_core@1 to /home/peter/.config/discord/0.0.58/modules/pending/discord_desktop_core-1.zip: 72%
2024-07-07T13:00:39.440Z [Modules] Streaming discord_desktop_core@1 to /home/peter/.config/discord/0.0.58/modules/pending/discord_desktop_core-1.zip: 81%
2024-07-07T13:00:39.443Z [Modules] Streaming discord_desktop_core@1 to /home/peter/.config/discord/0.0.58/modules/pending/discord_desktop_core-1.zip: 93%
2024-07-07T13:00:39.445Z [Modules] Streaming discord_desktop_core@1 to /home/peter/.config/discord/0.0.58/modules/pending/discord_desktop_core-1.zip: 94%
2024-07-07T13:00:39.448Z [Modules] Streaming discord_desktop_core@1 to /home/peter/.config/discord/0.0.58/modules/pending/discord_desktop_core-1.zip: 100%
2024-07-07T13:00:39.453Z [Modules] Fetching discord_erlpack@1 from https://discord.com/api/modules/stable/discord_erlpack/1
2024-07-07T13:00:39.454Z [Modules] Streaming discord_erlpack@1 to /home/peter/.config/discord/0.0.58/modules/pending/discord_erlpack-1.zip
2024-07-07T13:00:39.756Z [Modules] Streaming discord_erlpack@1 to /home/peter/.config/discord/0.0.58/modules/pending/discord_erlpack-1.zip: 3%
2024-07-07T13:00:39.759Z [Modules] Streaming discord_erlpack@1 to /home/peter/.config/discord/0.0.58/modules/pending/discord_erlpack-1.zip: 10%
2024-07-07T13:00:39.770Z [Modules] Streaming discord_erlpack@1 to /home/peter/.config/discord/0.0.58/modules/pending/discord_erlpack-1.zip: 13%
2024-07-07T13:00:39.776Z [Modules] Streaming discord_erlpack@1 to /home/peter/.config/discord/0.0.58/modules/pending/discord_erlpack-1.zip: 22%
2024-07-07T13:00:39.792Z [Modules] Streaming discord_erlpack@1 to /home/peter/.config/discord/0.0.58/modules/pending/discord_erlpack-1.zip: 38%
2024-07-07T13:00:39.794Z [Modules] Streaming discord_erlpack@1 to /home/peter/.config/discord/0.0.58/modules/pending/discord_erlpack-1.zip: 46%
2024-07-07T13:00:39.797Z [Modules] Streaming discord_erlpack@1 to /home/peter/.config/discord/0.0.58/modules/pending/discord_erlpack-1.zip: 55%
2024-07-07T13:00:39.798Z [Modules] Streaming discord_erlpack@1 to /home/peter/.config/discord/0.0.58/modules/pending/discord_erlpack-1.zip: 61%
2024-07-07T13:00:39.800Z [Modules] Streaming discord_erlpack@1 to /home/peter/.config/discord/0.0.58/modules/pending/discord_erlpack-1.zip: 64%
2024-07-07T13:00:39.803Z [Modules] Streaming discord_erlpack@1 to /home/peter/.config/discord/0.0.58/modules/pending/discord_erlpack-1.zip: 67%
2024-07-07T13:00:39.804Z [Modules] Streaming discord_erlpack@1 to /home/peter/.config/discord/0.0.58/modules/pending/discord_erlpack-1.zip: 70%
2024-07-07T13:00:39.816Z [Modules] Streaming discord_erlpack@1 to /home/peter/.config/discord/0.0.58/modules/pending/discord_erlpack-1.zip: 76%
2024-07-07T13:00:39.826Z [Modules] Streaming discord_erlpack@1 to /home/peter/.config/discord/0.0.58/modules/pending/discord_erlpack-1.zip: 97%
2024-07-07T13:00:39.829Z [Modules] Streaming discord_erlpack@1 to /home/peter/.config/discord/0.0.58/modules/pending/discord_erlpack-1.zip: 100%
2024-07-07T13:00:39.834Z [Modules] Fetching discord_spellcheck@1 from https://discord.com/api/modules/stable/discord_spellcheck/1
2024-07-07T13:00:39.835Z [Modules] Streaming discord_spellcheck@1 to /home/peter/.config/discord/0.0.58/modules/pending/discord_spellcheck-1.zip
2024-07-07T13:00:40.059Z [Modules] Streaming discord_spellcheck@1 to /home/peter/.config/discord/0.0.58/modules/pending/discord_spellcheck-1.zip: 1%
2024-07-07T13:00:40.061Z [Modules] Streaming discord_spellcheck@1 to /home/peter/.config/discord/0.0.58/modules/pending/discord_spellcheck-1.zip: 2%
2024-07-07T13:00:40.066Z [Modules] Streaming discord_spellcheck@1 to /home/peter/.config/discord/0.0.58/modules/pending/discord_spellcheck-1.zip: 3%
2024-07-07T13:00:40.070Z [Modules] Streaming discord_spellcheck@1 to /home/peter/.config/discord/0.0.58/modules/pending/discord_spellcheck-1.zip: 5%
2024-07-07T13:00:40.079Z [Modules] Streaming discord_spellcheck@1 to /home/peter/.config/discord/0.0.58/modules/pending/discord_spellcheck-1.zip: 6%
2024-07-07T13:00:40.080Z [Modules] Streaming discord_spellcheck@1 to /home/peter/.config/discord/0.0.58/modules/pending/discord_spellcheck-1.zip: 7%
2024-07-07T13:00:40.086Z [Modules] Streaming discord_spellcheck@1 to /home/peter/.config/discord/0.0.58/modules/pending/discord_spellcheck-1.zip: 8%
2024-07-07T13:00:40.102Z [Modules] Streaming discord_spellcheck@1 to /home/peter/.config/discord/0.0.58/modules/pending/discord_spellcheck-1.zip: 9%
2024-07-07T13:00:40.106Z [Modules] Streaming discord_spellcheck@1 to /home/peter/.config/discord/0.0.58/modules/pending/discord_spellcheck-1.zip: 10%
2024-07-07T13:00:40.111Z [Modules] Streaming discord_spellcheck@1 to /home/peter/.config/discord/0.0.58/modules/pending/discord_spellcheck-1.zip: 13%
2024-07-07T13:00:40.119Z [Modules] Streaming discord_spellcheck@1 to /home/peter/.config/discord/0.0.58/modules/pending/discord_spellcheck-1.zip: 16%
2024-07-07T13:00:40.125Z [Modules] Streaming discord_spellcheck@1 to /home/peter/.config/discord/0.0.58/modules/pending/discord_spellcheck-1.zip: 20%
2024-07-07T13:00:40.131Z [Modules] Streaming discord_spellcheck@1 to /home/peter/.config/discord/0.0.58/modules/pending/discord_spellcheck-1.zip: 21%
2024-07-07T13:00:40.133Z [Modules] Streaming discord_spellcheck@1 to /home/peter/.config/discord/0.0.58/modules/pending/discord_spellcheck-1.zip: 22%
2024-07-07T13:00:40.140Z [Modules] Streaming discord_spellcheck@1 to /home/peter/.config/discord/0.0.58/modules/pending/discord_spellcheck-1.zip: 23%
2024-07-07T13:00:40.151Z [Modules] Streaming discord_spellcheck@1 to /home/peter/.config/discord/0.0.58/modules/pending/discord_spellcheck-1.zip: 27%
2024-07-07T13:00:40.155Z [Modules] Streaming discord_spellcheck@1 to /home/peter/.config/discord/0.0.58/modules/pending/discord_spellcheck-1.zip: 28%
2024-07-07T13:00:40.160Z [Modules] Streaming discord_spellcheck@1 to /home/peter/.config/discord/0.0.58/modules/pending/discord_spellcheck-1.zip: 30%
2024-07-07T13:00:40.163Z [Modules] Streaming discord_spellcheck@1 to /home/peter/.config/discord/0.0.58/modules/pending/discord_spellcheck-1.zip: 31%
2024-07-07T13:00:40.167Z [Modules] Streaming discord_spellcheck@1 to /home/peter/.config/discord/0.0.58/modules/pending/discord_spellcheck-1.zip: 33%
2024-07-07T13:00:40.174Z [Modules] Streaming discord_spellcheck@1 to /home/peter/.config/discord/0.0.58/modules/pending/discord_spellcheck-1.zip: 34%
2024-07-07T13:00:40.177Z [Modules] Streaming discord_spellcheck@1 to /home/peter/.config/discord/0.0.58/modules/pending/discord_spellcheck-1.zip: 36%
2024-07-07T13:00:40.181Z [Modules] Streaming discord_spellcheck@1 to /home/peter/.config/discord/0.0.58/modules/pending/discord_spellcheck-1.zip: 37%
2024-07-07T13:00:40.183Z [Modules] Streaming discord_spellcheck@1 to /home/peter/.config/discord/0.0.58/modules/pending/discord_spellcheck-1.zip: 38%
2024-07-07T13:00:40.188Z [Modules] Streaming discord_spellcheck@1 to /home/peter/.config/discord/0.0.58/modules/pending/discord_spellcheck-1.zip: 39%
2024-07-07T13:00:40.191Z [Modules] Streaming discord_spellcheck@1 to /home/peter/.config/discord/0.0.58/modules/pending/discord_spellcheck-1.zip: 40%
2024-07-07T13:00:40.195Z [Modules] Streaming discord_spellcheck@1 to /home/peter/.config/discord/0.0.58/modules/pending/discord_spellcheck-1.zip: 41%
2024-07-07T13:00:40.199Z [Modules] Streaming discord_spellcheck@1 to /home/peter/.config/discord/0.0.58/modules/pending/discord_spellcheck-1.zip: 42%
2024-07-07T13:00:40.207Z [Modules] Streaming discord_spellcheck@1 to /home/peter/.config/discord/0.0.58/modules/pending/discord_spellcheck-1.zip: 43%
2024-07-07T13:00:40.214Z [Modules] Streaming discord_spellcheck@1 to /home/peter/.config/discord/0.0.58/modules/pending/discord_spellcheck-1.zip: 44%
2024-07-07T13:00:40.224Z [Modules] Streaming discord_spellcheck@1 to /home/peter/.config/discord/0.0.58/modules/pending/discord_spellcheck-1.zip: 47%
2024-07-07T13:00:40.228Z [Modules] Streaming discord_spellcheck@1 to /home/peter/.config/discord/0.0.58/modules/pending/discord_spellcheck-1.zip: 50%
2024-07-07T13:00:40.231Z [Modules] Streaming discord_spellcheck@1 to /home/peter/.config/discord/0.0.58/modules/pending/discord_spellcheck-1.zip: 52%
2024-07-07T13:00:40.239Z [Modules] Streaming discord_spellcheck@1 to /home/peter/.config/discord/0.0.58/modules/pending/discord_spellcheck-1.zip: 56%
2024-07-07T13:00:40.244Z [Modules] Streaming discord_spellcheck@1 to /home/peter/.config/discord/0.0.58/modules/pending/discord_spellcheck-1.zip: 62%
2024-07-07T13:00:40.248Z [Modules] Streaming discord_spellcheck@1 to /home/peter/.config/discord/0.0.58/modules/pending/discord_spellcheck-1.zip: 66%
2024-07-07T13:00:40.252Z [Modules] Streaming discord_spellcheck@1 to /home/peter/.config/discord/0.0.58/modules/pending/discord_spellcheck-1.zip: 68%
2024-07-07T13:00:40.256Z [Modules] Streaming discord_spellcheck@1 to /home/peter/.config/discord/0.0.58/modules/pending/discord_spellcheck-1.zip: 69%
2024-07-07T13:00:40.261Z [Modules] Streaming discord_spellcheck@1 to /home/peter/.config/discord/0.0.58/modules/pending/discord_spellcheck-1.zip: 70%
2024-07-07T13:00:40.265Z [Modules] Streaming discord_spellcheck@1 to /home/peter/.config/discord/0.0.58/modules/pending/discord_spellcheck-1.zip: 71%
2024-07-07T13:00:40.268Z [Modules] Streaming discord_spellcheck@1 to /home/peter/.config/discord/0.0.58/modules/pending/discord_spellcheck-1.zip: 73%
2024-07-07T13:00:40.278Z [Modules] Streaming discord_spellcheck@1 to /home/peter/.config/discord/0.0.58/modules/pending/discord_spellcheck-1.zip: 74%
2024-07-07T13:00:40.282Z [Modules] Streaming discord_spellcheck@1 to /home/peter/.config/discord/0.0.58/modules/pending/discord_spellcheck-1.zip: 76%
2024-07-07T13:00:40.287Z [Modules] Streaming discord_spellcheck@1 to /home/peter/.config/discord/0.0.58/modules/pending/discord_spellcheck-1.zip: 77%
2024-07-07T13:00:40.289Z [Modules] Streaming discord_spellcheck@1 to /home/peter/.config/discord/0.0.58/modules/pending/discord_spellcheck-1.zip: 78%
2024-07-07T13:00:40.294Z [Modules] Streaming discord_spellcheck@1 to /home/peter/.config/discord/0.0.58/modules/pending/discord_spellcheck-1.zip: 79%
2024-07-07T13:00:40.301Z [Modules] Streaming discord_spellcheck@1 to /home/peter/.config/discord/0.0.58/modules/pending/discord_spellcheck-1.zip: 80%
2024-07-07T13:00:40.304Z [Modules] Streaming discord_spellcheck@1 to /home/peter/.config/discord/0.0.58/modules/pending/discord_spellcheck-1.zip: 81%
2024-07-07T13:00:40.305Z [Modules] Streaming discord_spellcheck@1 to /home/peter/.config/discord/0.0.58/modules/pending/discord_spellcheck-1.zip: 82%
2024-07-07T13:00:40.309Z [Modules] Streaming discord_spellcheck@1 to /home/peter/.config/discord/0.0.58/modules/pending/discord_spellcheck-1.zip: 85%
2024-07-07T13:00:40.318Z [Modules] Streaming discord_spellcheck@1 to /home/peter/.config/discord/0.0.58/modules/pending/discord_spellcheck-1.zip: 87%
2024-07-07T13:00:40.321Z [Modules] Streaming discord_spellcheck@1 to /home/peter/.config/discord/0.0.58/modules/pending/discord_spellcheck-1.zip: 88%
2024-07-07T13:00:40.328Z [Modules] Streaming discord_spellcheck@1 to /home/peter/.config/discord/0.0.58/modules/pending/discord_spellcheck-1.zip: 89%
2024-07-07T13:00:40.334Z [Modules] Streaming discord_spellcheck@1 to /home/peter/.config/discord/0.0.58/modules/pending/discord_spellcheck-1.zip: 91%
2024-07-07T13:00:40.337Z [Modules] Streaming discord_spellcheck@1 to /home/peter/.config/discord/0.0.58/modules/pending/discord_spellcheck-1.zip: 92%
2024-07-07T13:00:40.342Z [Modules] Streaming discord_spellcheck@1 to /home/peter/.config/discord/0.0.58/modules/pending/discord_spellcheck-1.zip: 95%
2024-07-07T13:00:40.346Z [Modules] Streaming discord_spellcheck@1 to /home/peter/.config/discord/0.0.58/modules/pending/discord_spellcheck-1.zip: 96%
2024-07-07T13:00:40.349Z [Modules] Streaming discord_spellcheck@1 to /home/peter/.config/discord/0.0.58/modules/pending/discord_spellcheck-1.zip: 97%
2024-07-07T13:00:40.351Z [Modules] Streaming discord_spellcheck@1 to /home/peter/.config/discord/0.0.58/modules/pending/discord_spellcheck-1.zip: 100%
2024-07-07T13:00:40.356Z [Modules] Fetching discord_utils@1 from https://discord.com/api/modules/stable/discord_utils/1
2024-07-07T13:00:40.356Z [Modules] Streaming discord_utils@1 to /home/peter/.config/discord/0.0.58/modules/pending/discord_utils-1.zip
2024-07-07T13:00:40.566Z [Modules] Streaming discord_utils@1 to /home/peter/.config/discord/0.0.58/modules/pending/discord_utils-1.zip: 1%
2024-07-07T13:00:40.568Z [Modules] Streaming discord_utils@1 to /home/peter/.config/discord/0.0.58/modules/pending/discord_utils-1.zip: 4%
2024-07-07T13:00:40.572Z [Modules] Streaming discord_utils@1 to /home/peter/.config/discord/0.0.58/modules/pending/discord_utils-1.zip: 8%
2024-07-07T13:00:40.575Z [Modules] Streaming discord_utils@1 to /home/peter/.config/discord/0.0.58/modules/pending/discord_utils-1.zip: 12%
2024-07-07T13:00:40.586Z [Modules] Streaming discord_utils@1 to /home/peter/.config/discord/0.0.58/modules/pending/discord_utils-1.zip: 21%
2024-07-07T13:00:40.589Z [Modules] Streaming discord_utils@1 to /home/peter/.config/discord/0.0.58/modules/pending/discord_utils-1.zip: 27%
2024-07-07T13:00:40.595Z [Modules] Streaming discord_utils@1 to /home/peter/.config/discord/0.0.58/modules/pending/discord_utils-1.zip: 33%
2024-07-07T13:00:40.598Z [Modules] Streaming discord_utils@1 to /home/peter/.config/discord/0.0.58/modules/pending/discord_utils-1.zip: 37%
2024-07-07T13:00:40.602Z [Modules] Streaming discord_utils@1 to /home/peter/.config/discord/0.0.58/modules/pending/discord_utils-1.zip: 39%
2024-07-07T13:00:40.605Z [Modules] Streaming discord_utils@1 to /home/peter/.config/discord/0.0.58/modules/pending/discord_utils-1.zip: 43%
2024-07-07T13:00:40.608Z [Modules] Streaming discord_utils@1 to /home/peter/.config/discord/0.0.58/modules/pending/discord_utils-1.zip: 47%
2024-07-07T13:00:40.610Z [Modules] Streaming discord_utils@1 to /home/peter/.config/discord/0.0.58/modules/pending/discord_utils-1.zip: 50%
2024-07-07T13:00:40.615Z [Modules] Streaming discord_utils@1 to /home/peter/.config/discord/0.0.58/modules/pending/discord_utils-1.zip: 58%
2024-07-07T13:00:40.618Z [Modules] Streaming discord_utils@1 to /home/peter/.config/discord/0.0.58/modules/pending/discord_utils-1.zip: 62%
2024-07-07T13:00:40.620Z [Modules] Streaming discord_utils@1 to /home/peter/.config/discord/0.0.58/modules/pending/discord_utils-1.zip: 66%
2024-07-07T13:00:40.623Z [Modules] Streaming discord_utils@1 to /home/peter/.config/discord/0.0.58/modules/pending/discord_utils-1.zip: 71%
2024-07-07T13:00:40.625Z [Modules] Streaming discord_utils@1 to /home/peter/.config/discord/0.0.58/modules/pending/discord_utils-1.zip: 81%
2024-07-07T13:00:40.630Z [Modules] Streaming discord_utils@1 to /home/peter/.config/discord/0.0.58/modules/pending/discord_utils-1.zip: 100%
2024-07-07T13:00:40.637Z [Modules] Fetching discord_voice@1 from https://discord.com/api/modules/stable/discord_voice/1
2024-07-07T13:00:40.637Z [Modules] Streaming discord_voice@1 to /home/peter/.config/discord/0.0.58/modules/pending/discord_voice-1.zip
2024-07-07T13:00:40.875Z [Modules] Streaming discord_voice@1 to /home/peter/.config/discord/0.0.58/modules/pending/discord_voice-1.zip: 1%
2024-07-07T13:00:40.881Z [Modules] Streaming discord_voice@1 to /home/peter/.config/discord/0.0.58/modules/pending/discord_voice-1.zip: 2%
2024-07-07T13:00:40.883Z [Modules] Streaming discord_voice@1 to /home/peter/.config/discord/0.0.58/modules/pending/discord_voice-1.zip: 3%
2024-07-07T13:00:40.890Z [Modules] Streaming discord_voice@1 to /home/peter/.config/discord/0.0.58/modules/pending/discord_voice-1.zip: 4%
2024-07-07T13:00:40.895Z [Modules] Streaming discord_voice@1 to /home/peter/.config/discord/0.0.58/modules/pending/discord_voice-1.zip: 5%
2024-07-07T13:00:40.904Z [Modules] Streaming discord_voice@1 to /home/peter/.config/discord/0.0.58/modules/pending/discord_voice-1.zip: 6%
2024-07-07T13:00:40.911Z [Modules] Streaming discord_voice@1 to /home/peter/.config/discord/0.0.58/modules/pending/discord_voice-1.zip: 7%
2024-07-07T13:00:40.921Z [Modules] Streaming discord_voice@1 to /home/peter/.config/discord/0.0.58/modules/pending/discord_voice-1.zip: 8%
2024-07-07T13:00:40.925Z [Modules] Streaming discord_voice@1 to /home/peter/.config/discord/0.0.58/modules/pending/discord_voice-1.zip: 10%
2024-07-07T13:00:40.930Z [Modules] Streaming discord_voice@1 to /home/peter/.config/discord/0.0.58/modules/pending/discord_voice-1.zip: 11%
2024-07-07T13:00:40.935Z [Modules] Streaming discord_voice@1 to /home/peter/.config/discord/0.0.58/modules/pending/discord_voice-1.zip: 12%
2024-07-07T13:00:40.936Z [Modules] Streaming discord_voice@1 to /home/peter/.config/discord/0.0.58/modules/pending/discord_voice-1.zip: 13%
2024-07-07T13:00:40.949Z [Modules] Streaming discord_voice@1 to /home/peter/.config/discord/0.0.58/modules/pending/discord_voice-1.zip: 14%
2024-07-07T13:00:40.953Z [Modules] Streaming discord_voice@1 to /home/peter/.config/discord/0.0.58/modules/pending/discord_voice-1.zip: 15%
2024-07-07T13:00:40.956Z [Modules] Streaming discord_voice@1 to /home/peter/.config/discord/0.0.58/modules/pending/discord_voice-1.zip: 16%
2024-07-07T13:00:40.962Z [Modules] Streaming discord_voice@1 to /home/peter/.config/discord/0.0.58/modules/pending/discord_voice-1.zip: 17%
2024-07-07T13:00:40.974Z [Modules] Streaming discord_voice@1 to /home/peter/.config/discord/0.0.58/modules/pending/discord_voice-1.zip: 18%
2024-07-07T13:00:40.986Z [Modules] Streaming discord_voice@1 to /home/peter/.config/discord/0.0.58/modules/pending/discord_voice-1.zip: 19%
2024-07-07T13:00:41.006Z [Modules] Streaming discord_voice@1 to /home/peter/.config/discord/0.0.58/modules/pending/discord_voice-1.zip: 21%
2024-07-07T13:00:41.017Z [Modules] Streaming discord_voice@1 to /home/peter/.config/discord/0.0.58/modules/pending/discord_voice-1.zip: 22%
2024-07-07T13:00:41.024Z [Modules] Streaming discord_voice@1 to /home/peter/.config/discord/0.0.58/modules/pending/discord_voice-1.zip: 23%
2024-07-07T13:00:41.033Z [Modules] Streaming discord_voice@1 to /home/peter/.config/discord/0.0.58/modules/pending/discord_voice-1.zip: 24%
2024-07-07T13:00:41.038Z [Modules] Streaming discord_voice@1 to /home/peter/.config/discord/0.0.58/modules/pending/discord_voice-1.zip: 25%
2024-07-07T13:00:41.052Z [Modules] Streaming discord_voice@1 to /home/peter/.config/discord/0.0.58/modules/pending/discord_voice-1.zip: 26%
2024-07-07T13:00:41.059Z [Modules] Streaming discord_voice@1 to /home/peter/.config/discord/0.0.58/modules/pending/discord_voice-1.zip: 27%
2024-07-07T13:00:41.061Z [Modules] Streaming discord_voice@1 to /home/peter/.config/discord/0.0.58/modules/pending/discord_voice-1.zip: 28%
2024-07-07T13:00:41.063Z [Modules] Streaming discord_voice@1 to /home/peter/.config/discord/0.0.58/modules/pending/discord_voice-1.zip: 29%
2024-07-07T13:00:41.066Z [Modules] Streaming discord_voice@1 to /home/peter/.config/discord/0.0.58/modules/pending/discord_voice-1.zip: 31%
2024-07-07T13:00:41.069Z [Modules] Streaming discord_voice@1 to /home/peter/.config/discord/0.0.58/modules/pending/discord_voice-1.zip: 33%
2024-07-07T13:00:41.076Z [Modules] Streaming discord_voice@1 to /home/peter/.config/discord/0.0.58/modules/pending/discord_voice-1.zip: 34%
2024-07-07T13:00:41.079Z [Modules] Streaming discord_voice@1 to /home/peter/.config/discord/0.0.58/modules/pending/discord_voice-1.zip: 35%
2024-07-07T13:00:41.081Z [Modules] Streaming discord_voice@1 to /home/peter/.config/discord/0.0.58/modules/pending/discord_voice-1.zip: 36%
2024-07-07T13:00:41.084Z [Modules] Streaming discord_voice@1 to /home/peter/.config/discord/0.0.58/modules/pending/discord_voice-1.zip: 37%
2024-07-07T13:00:41.088Z [Modules] Streaming discord_voice@1 to /home/peter/.config/discord/0.0.58/modules/pending/discord_voice-1.zip: 38%
2024-07-07T13:00:41.091Z [Modules] Streaming discord_voice@1 to /home/peter/.config/discord/0.0.58/modules/pending/discord_voice-1.zip: 39%
2024-07-07T13:00:41.094Z [Modules] Streaming discord_voice@1 to /home/peter/.config/discord/0.0.58/modules/pending/discord_voice-1.zip: 40%
2024-07-07T13:00:41.097Z [Modules] Streaming discord_voice@1 to /home/peter/.config/discord/0.0.58/modules/pending/discord_voice-1.zip: 41%
2024-07-07T13:00:41.099Z [Modules] Streaming discord_voice@1 to /home/peter/.config/discord/0.0.58/modules/pending/discord_voice-1.zip: 42%
2024-07-07T13:00:41.102Z [Modules] Streaming discord_voice@1 to /home/peter/.config/discord/0.0.58/modules/pending/discord_voice-1.zip: 43%
2024-07-07T13:00:41.104Z [Modules] Streaming discord_voice@1 to /home/peter/.config/discord/0.0.58/modules/pending/discord_voice-1.zip: 44%
2024-07-07T13:00:41.106Z [Modules] Streaming discord_voice@1 to /home/peter/.config/discord/0.0.58/modules/pending/discord_voice-1.zip: 45%
2024-07-07T13:00:41.108Z [Modules] Streaming discord_voice@1 to /home/peter/.config/discord/0.0.58/modules/pending/discord_voice-1.zip: 46%
2024-07-07T13:00:41.109Z [Modules] Streaming discord_voice@1 to /home/peter/.config/discord/0.0.58/modules/pending/discord_voice-1.zip: 47%
2024-07-07T13:00:41.112Z [Modules] Streaming discord_voice@1 to /home/peter/.config/discord/0.0.58/modules/pending/discord_voice-1.zip: 48%
2024-07-07T13:00:41.116Z [Modules] Streaming discord_voice@1 to /home/peter/.config/discord/0.0.58/modules/pending/discord_voice-1.zip: 49%
2024-07-07T13:00:41.123Z [Modules] Streaming discord_voice@1 to /home/peter/.config/discord/0.0.58/modules/pending/discord_voice-1.zip: 50%
2024-07-07T13:00:41.129Z [Modules] Streaming discord_voice@1 to /home/peter/.config/discord/0.0.58/modules/pending/discord_voice-1.zip: 51%
2024-07-07T13:00:41.133Z [Modules] Streaming discord_voice@1 to /home/peter/.config/discord/0.0.58/modules/pending/discord_voice-1.zip: 52%
2024-07-07T13:00:41.137Z [Modules] Streaming discord_voice@1 to /home/peter/.config/discord/0.0.58/modules/pending/discord_voice-1.zip: 53%
2024-07-07T13:00:41.140Z [Modules] Streaming discord_voice@1 to /home/peter/.config/discord/0.0.58/modules/pending/discord_voice-1.zip: 54%
2024-07-07T13:00:41.147Z [Modules] Streaming discord_voice@1 to /home/peter/.config/discord/0.0.58/modules/pending/discord_voice-1.zip: 55%
2024-07-07T13:00:41.153Z [Modules] Streaming discord_voice@1 to /home/peter/.config/discord/0.0.58/modules/pending/discord_voice-1.zip: 56%
2024-07-07T13:00:41.158Z [Modules] Streaming discord_voice@1 to /home/peter/.config/discord/0.0.58/modules/pending/discord_voice-1.zip: 57%
2024-07-07T13:00:41.163Z [Modules] Streaming discord_voice@1 to /home/peter/.config/discord/0.0.58/modules/pending/discord_voice-1.zip: 59%
2024-07-07T13:00:41.169Z [Modules] Streaming discord_voice@1 to /home/peter/.config/discord/0.0.58/modules/pending/discord_voice-1.zip: 60%
2024-07-07T13:00:41.176Z [Modules] Streaming discord_voice@1 to /home/peter/.config/discord/0.0.58/modules/pending/discord_voice-1.zip: 61%
2024-07-07T13:00:41.181Z [Modules] Streaming discord_voice@1 to /home/peter/.config/discord/0.0.58/modules/pending/discord_voice-1.zip: 62%
2024-07-07T13:00:41.187Z [Modules] Streaming discord_voice@1 to /home/peter/.config/discord/0.0.58/modules/pending/discord_voice-1.zip: 63%
2024-07-07T13:00:41.191Z [Modules] Streaming discord_voice@1 to /home/peter/.config/discord/0.0.58/modules/pending/discord_voice-1.zip: 64%
2024-07-07T13:00:41.202Z [Modules] Streaming discord_voice@1 to /home/peter/.config/discord/0.0.58/modules/pending/discord_voice-1.zip: 65%
2024-07-07T13:00:41.206Z [Modules] Streaming discord_voice@1 to /home/peter/.config/discord/0.0.58/modules/pending/discord_voice-1.zip: 66%
2024-07-07T13:00:41.214Z [Modules] Streaming discord_voice@1 to /home/peter/.config/discord/0.0.58/modules/pending/discord_voice-1.zip: 67%
2024-07-07T13:00:41.224Z [Modules] Streaming discord_voice@1 to /home/peter/.config/discord/0.0.58/modules/pending/discord_voice-1.zip: 68%
2024-07-07T13:00:41.229Z [Modules] Streaming discord_voice@1 to /home/peter/.config/discord/0.0.58/modules/pending/discord_voice-1.zip: 69%
2024-07-07T13:00:41.236Z [Modules] Streaming discord_voice@1 to /home/peter/.config/discord/0.0.58/modules/pending/discord_voice-1.zip: 70%
2024-07-07T13:00:41.239Z [Modules] Streaming discord_voice@1 to /home/peter/.config/discord/0.0.58/modules/pending/discord_voice-1.zip: 71%
2024-07-07T13:00:41.248Z [Modules] Streaming discord_voice@1 to /home/peter/.config/discord/0.0.58/modules/pending/discord_voice-1.zip: 72%
2024-07-07T13:00:41.251Z [Modules] Streaming discord_voice@1 to /home/peter/.config/discord/0.0.58/modules/pending/discord_voice-1.zip: 73%
2024-07-07T13:00:41.254Z [Modules] Streaming discord_voice@1 to /home/peter/.config/discord/0.0.58/modules/pending/discord_voice-1.zip: 74%
2024-07-07T13:00:41.257Z [Modules] Streaming discord_voice@1 to /home/peter/.config/discord/0.0.58/modules/pending/discord_voice-1.zip: 75%
2024-07-07T13:00:41.260Z [Modules] Streaming discord_voice@1 to /home/peter/.config/discord/0.0.58/modules/pending/discord_voice-1.zip: 76%
2024-07-07T13:00:41.279Z [Modules] Streaming discord_voice@1 to /home/peter/.config/discord/0.0.58/modules/pending/discord_voice-1.zip: 77%
2024-07-07T13:00:41.285Z [Modules] Streaming discord_voice@1 to /home/peter/.config/discord/0.0.58/modules/pending/discord_voice-1.zip: 79%
2024-07-07T13:00:41.290Z [Modules] Streaming discord_voice@1 to /home/peter/.config/discord/0.0.58/modules/pending/discord_voice-1.zip: 84%
2024-07-07T13:00:41.293Z [Modules] Streaming discord_voice@1 to /home/peter/.config/discord/0.0.58/modules/pending/discord_voice-1.zip: 86%
2024-07-07T13:00:41.300Z [Modules] Streaming discord_voice@1 to /home/peter/.config/discord/0.0.58/modules/pending/discord_voice-1.zip: 87%
2024-07-07T13:00:41.305Z [Modules] Streaming discord_voice@1 to /home/peter/.config/discord/0.0.58/modules/pending/discord_voice-1.zip: 88%
2024-07-07T13:00:41.309Z [Modules] Streaming discord_voice@1 to /home/peter/.config/discord/0.0.58/modules/pending/discord_voice-1.zip: 89%
2024-07-07T13:00:41.314Z [Modules] Streaming discord_voice@1 to /home/peter/.config/discord/0.0.58/modules/pending/discord_voice-1.zip: 90%
2024-07-07T13:00:41.318Z [Modules] Streaming discord_voice@1 to /home/peter/.config/discord/0.0.58/modules/pending/discord_voice-1.zip: 92%
2024-07-07T13:00:41.321Z [Modules] Streaming discord_voice@1 to /home/peter/.config/discord/0.0.58/modules/pending/discord_voice-1.zip: 93%
2024-07-07T13:00:41.323Z [Modules] Streaming discord_voice@1 to /home/peter/.config/discord/0.0.58/modules/pending/discord_voice-1.zip: 94%
2024-07-07T13:00:41.327Z [Modules] Streaming discord_voice@1 to /home/peter/.config/discord/0.0.58/modules/pending/discord_voice-1.zip: 96%
2024-07-07T13:00:41.329Z [Modules] Streaming discord_voice@1 to /home/peter/.config/discord/0.0.58/modules/pending/discord_voice-1.zip: 98%
2024-07-07T13:00:41.333Z [Modules] Streaming discord_voice@1 to /home/peter/.config/discord/0.0.58/modules/pending/discord_voice-1.zip: 99%
2024-07-07T13:00:41.336Z [Modules] Streaming discord_voice@1 to /home/peter/.config/discord/0.0.58/modules/pending/discord_voice-1.zip: 100%
2024-07-07T13:00:41.342Z [Modules] Fetching discord_zstd@1 from https://discord.com/api/modules/stable/discord_zstd/1
2024-07-07T13:00:41.342Z [Modules] Streaming discord_zstd@1 to /home/peter/.config/discord/0.0.58/modules/pending/discord_zstd-1.zip
2024-07-07T13:00:41.606Z [Modules] Streaming discord_zstd@1 to /home/peter/.config/discord/0.0.58/modules/pending/discord_zstd-1.zip: 36%
2024-07-07T13:00:41.608Z [Modules] Streaming discord_zstd@1 to /home/peter/.config/discord/0.0.58/modules/pending/discord_zstd-1.zip: 100%
2024-07-07T13:00:41.624Z [Modules] Finished module downloads. [success: 6] [failure: 0]
2024-07-07T13:00:41.626Z [Modules] Installing updates...
2024-07-07T13:00:41.626Z [Modules] Installing discord_desktop_core@1 from /home/peter/.config/discord/0.0.58/modules/pending/discord_desktop_core-1.zip
2024-07-07T13:00:42.136Z [Modules] Installing discord_erlpack@1 from /home/peter/.config/discord/0.0.58/modules/pending/discord_erlpack-1.zip
2024-07-07T13:00:42.463Z [Modules] Installing discord_spellcheck@1 from /home/peter/.config/discord/0.0.58/modules/pending/discord_spellcheck-1.zip
2024-07-07T13:00:47.568Z [Modules] Installing discord_utils@1 from /home/peter/.config/discord/0.0.58/modules/pending/discord_utils-1.zip
2024-07-07T13:00:48.351Z [Modules] Installing discord_voice@1 from /home/peter/.config/discord/0.0.58/modules/pending/discord_voice-1.zip
2024-07-07T13:00:52.554Z [Modules] Installing discord_zstd@1 from /home/peter/.config/discord/0.0.58/modules/pending/discord_zstd-1.zip
2024-07-07T13:00:52.627Z [Modules] Finished module installations. [success: 6] [failure: 0]
2024-07-07T13:00:52.629Z [Modules] Checking for host updates.
2024-07-07T13:00:52.830Z [Modules] Host is up to date.
2024-07-07T13:00:52.831Z [Modules] Checking for module updates at https://discord.com/api/modules/stable/versions.json
2024-07-07T13:00:52.838Z [Modules] No module updates available.
2024-07-07T13:00:57.310Z [Modules] Starting to install discord_krisp...
2024-07-07T13:00:57.315Z [Modules] Fetching discord_krisp@1 from https://discord.com/api/modules/stable/discord_krisp/1
2024-07-07T13:00:57.316Z [Modules] Streaming discord_krisp@1 to /home/peter/.config/discord/0.0.58/modules/pending/discord_krisp-1.zip
2024-07-07T13:00:57.354Z [Modules] Starting to install discord_game_utils...
2024-07-07T13:00:57.696Z [Modules] Streaming discord_krisp@1 to /home/peter/.config/discord/0.0.58/modules/pending/discord_krisp-1.zip: 1%
2024-07-07T13:00:57.702Z [Modules] Streaming discord_krisp@1 to /home/peter/.config/discord/0.0.58/modules/pending/discord_krisp-1.zip: 2%
2024-07-07T13:00:57.710Z [Modules] Streaming discord_krisp@1 to /home/peter/.config/discord/0.0.58/modules/pending/discord_krisp-1.zip: 3%
2024-07-07T13:00:57.721Z [Modules] Streaming discord_krisp@1 to /home/peter/.config/discord/0.0.58/modules/pending/discord_krisp-1.zip: 4%
2024-07-07T13:00:57.726Z [Modules] Streaming discord_krisp@1 to /home/peter/.config/discord/0.0.58/modules/pending/discord_krisp-1.zip: 6%
2024-07-07T13:00:57.740Z [Modules] Streaming discord_krisp@1 to /home/peter/.config/discord/0.0.58/modules/pending/discord_krisp-1.zip: 7%
2024-07-07T13:00:57.787Z [Modules] Streaming discord_krisp@1 to /home/peter/.config/discord/0.0.58/modules/pending/discord_krisp-1.zip: 8%
2024-07-07T13:00:57.796Z [Modules] Streaming discord_krisp@1 to /home/peter/.config/discord/0.0.58/modules/pending/discord_krisp-1.zip: 9%
2024-07-07T13:00:57.828Z [Modules] Streaming discord_krisp@1 to /home/peter/.config/discord/0.0.58/modules/pending/discord_krisp-1.zip: 10%
2024-07-07T13:00:57.846Z [Modules] Streaming discord_krisp@1 to /home/peter/.config/discord/0.0.58/modules/pending/discord_krisp-1.zip: 12%
2024-07-07T13:00:57.848Z [Modules] Streaming discord_krisp@1 to /home/peter/.config/discord/0.0.58/modules/pending/discord_krisp-1.zip: 13%
2024-07-07T13:00:57.857Z [Modules] Streaming discord_krisp@1 to /home/peter/.config/discord/0.0.58/modules/pending/discord_krisp-1.zip: 14%
2024-07-07T13:00:57.867Z [Modules] Streaming discord_krisp@1 to /home/peter/.config/discord/0.0.58/modules/pending/discord_krisp-1.zip: 15%
2024-07-07T13:00:57.912Z [Modules] Streaming discord_krisp@1 to /home/peter/.config/discord/0.0.58/modules/pending/discord_krisp-1.zip: 17%
2024-07-07T13:00:57.915Z [Modules] Streaming discord_krisp@1 to /home/peter/.config/discord/0.0.58/modules/pending/discord_krisp-1.zip: 20%
2024-07-07T13:00:57.927Z [Modules] Streaming discord_krisp@1 to /home/peter/.config/discord/0.0.58/modules/pending/discord_krisp-1.zip: 21%
2024-07-07T13:00:57.934Z [Modules] Streaming discord_krisp@1 to /home/peter/.config/discord/0.0.58/modules/pending/discord_krisp-1.zip: 22%
2024-07-07T13:00:57.937Z [Modules] Streaming discord_krisp@1 to /home/peter/.config/discord/0.0.58/modules/pending/discord_krisp-1.zip: 23%
2024-07-07T13:00:57.946Z [Modules] Streaming discord_krisp@1 to /home/peter/.config/discord/0.0.58/modules/pending/discord_krisp-1.zip: 24%
2024-07-07T13:00:57.948Z [Modules] Streaming discord_krisp@1 to /home/peter/.config/discord/0.0.58/modules/pending/discord_krisp-1.zip: 25%
2024-07-07T13:00:57.949Z [Modules] Streaming discord_krisp@1 to /home/peter/.config/discord/0.0.58/modules/pending/discord_krisp-1.zip: 26%
2024-07-07T13:00:57.963Z [Modules] Streaming discord_krisp@1 to /home/peter/.config/discord/0.0.58/modules/pending/discord_krisp-1.zip: 27%
2024-07-07T13:00:57.969Z [Modules] Streaming discord_krisp@1 to /home/peter/.config/discord/0.0.58/modules/pending/discord_krisp-1.zip: 28%
2024-07-07T13:00:57.971Z [Modules] Streaming discord_krisp@1 to /home/peter/.config/discord/0.0.58/modules/pending/discord_krisp-1.zip: 29%
2024-07-07T13:00:57.974Z [Modules] Streaming discord_krisp@1 to /home/peter/.config/discord/0.0.58/modules/pending/discord_krisp-1.zip: 30%
2024-07-07T13:00:57.989Z [Modules] Streaming discord_krisp@1 to /home/peter/.config/discord/0.0.58/modules/pending/discord_krisp-1.zip: 32%
2024-07-07T13:00:58.002Z [Modules] Streaming discord_krisp@1 to /home/peter/.config/discord/0.0.58/modules/pending/discord_krisp-1.zip: 33%
2024-07-07T13:00:58.008Z [Modules] Streaming discord_krisp@1 to /home/peter/.config/discord/0.0.58/modules/pending/discord_krisp-1.zip: 35%
2024-07-07T13:00:58.012Z [Modules] Streaming discord_krisp@1 to /home/peter/.config/discord/0.0.58/modules/pending/discord_krisp-1.zip: 36%
2024-07-07T13:00:58.017Z [Modules] Streaming discord_krisp@1 to /home/peter/.config/discord/0.0.58/modules/pending/discord_krisp-1.zip: 38%
2024-07-07T13:00:58.018Z [Modules] Streaming discord_krisp@1 to /home/peter/.config/discord/0.0.58/modules/pending/discord_krisp-1.zip: 39%
2024-07-07T13:00:58.026Z [Modules] Streaming discord_krisp@1 to /home/peter/.config/discord/0.0.58/modules/pending/discord_krisp-1.zip: 40%
2024-07-07T13:00:58.039Z [Modules] Streaming discord_krisp@1 to /home/peter/.config/discord/0.0.58/modules/pending/discord_krisp-1.zip: 41%
2024-07-07T13:00:58.041Z [Modules] Streaming discord_krisp@1 to /home/peter/.config/discord/0.0.58/modules/pending/discord_krisp-1.zip: 42%
2024-07-07T13:00:58.049Z [Modules] Streaming discord_krisp@1 to /home/peter/.config/discord/0.0.58/modules/pending/discord_krisp-1.zip: 43%
2024-07-07T13:00:58.052Z [Modules] Streaming discord_krisp@1 to /home/peter/.config/discord/0.0.58/modules/pending/discord_krisp-1.zip: 44%
2024-07-07T13:00:58.063Z [Modules] Streaming discord_krisp@1 to /home/peter/.config/discord/0.0.58/modules/pending/discord_krisp-1.zip: 45%
2024-07-07T13:00:58.078Z [Modules] Streaming discord_krisp@1 to /home/peter/.config/discord/0.0.58/modules/pending/discord_krisp-1.zip: 46%
2024-07-07T13:00:58.087Z [Modules] Streaming discord_krisp@1 to /home/peter/.config/discord/0.0.58/modules/pending/discord_krisp-1.zip: 47%
2024-07-07T13:00:58.103Z [Modules] Streaming discord_krisp@1 to /home/peter/.config/discord/0.0.58/modules/pending/discord_krisp-1.zip: 48%
2024-07-07T13:00:58.110Z [Modules] Streaming discord_krisp@1 to /home/peter/.config/discord/0.0.58/modules/pending/discord_krisp-1.zip: 49%
2024-07-07T13:00:58.112Z [Modules] Streaming discord_krisp@1 to /home/peter/.config/discord/0.0.58/modules/pending/discord_krisp-1.zip: 50%
2024-07-07T13:00:58.117Z [Modules] Streaming discord_krisp@1 to /home/peter/.config/discord/0.0.58/modules/pending/discord_krisp-1.zip: 51%
2024-07-07T13:00:58.121Z [Modules] Streaming discord_krisp@1 to /home/peter/.config/discord/0.0.58/modules/pending/discord_krisp-1.zip: 52%
2024-07-07T13:00:58.129Z [Modules] Streaming discord_krisp@1 to /home/peter/.config/discord/0.0.58/modules/pending/discord_krisp-1.zip: 54%
2024-07-07T13:00:58.131Z [Modules] Streaming discord_krisp@1 to /home/peter/.config/discord/0.0.58/modules/pending/discord_krisp-1.zip: 55%
2024-07-07T13:00:58.137Z [Modules] Streaming discord_krisp@1 to /home/peter/.config/discord/0.0.58/modules/pending/discord_krisp-1.zip: 56%
2024-07-07T13:00:58.141Z [Modules] Streaming discord_krisp@1 to /home/peter/.config/discord/0.0.58/modules/pending/discord_krisp-1.zip: 57%
2024-07-07T13:00:58.143Z [Modules] Streaming discord_krisp@1 to /home/peter/.config/discord/0.0.58/modules/pending/discord_krisp-1.zip: 58%
2024-07-07T13:00:58.145Z [Modules] Streaming discord_krisp@1 to /home/peter/.config/discord/0.0.58/modules/pending/discord_krisp-1.zip: 59%
2024-07-07T13:00:58.147Z [Modules] Streaming discord_krisp@1 to /home/peter/.config/discord/0.0.58/modules/pending/discord_krisp-1.zip: 60%
2024-07-07T13:00:58.156Z [Modules] Streaming discord_krisp@1 to /home/peter/.config/discord/0.0.58/modules/pending/discord_krisp-1.zip: 61%
2024-07-07T13:00:58.159Z [Modules] Streaming discord_krisp@1 to /home/peter/.config/discord/0.0.58/modules/pending/discord_krisp-1.zip: 62%
2024-07-07T13:00:58.164Z [Modules] Streaming discord_krisp@1 to /home/peter/.config/discord/0.0.58/modules/pending/discord_krisp-1.zip: 63%
2024-07-07T13:00:58.168Z [Modules] Streaming discord_krisp@1 to /home/peter/.config/discord/0.0.58/modules/pending/discord_krisp-1.zip: 64%
2024-07-07T13:00:58.174Z [Modules] Streaming discord_krisp@1 to /home/peter/.config/discord/0.0.58/modules/pending/discord_krisp-1.zip: 65%
2024-07-07T13:00:58.184Z [Modules] Streaming discord_krisp@1 to /home/peter/.config/discord/0.0.58/modules/pending/discord_krisp-1.zip: 68%
2024-07-07T13:00:58.195Z [Modules] Streaming discord_krisp@1 to /home/peter/.config/discord/0.0.58/modules/pending/discord_krisp-1.zip: 70%
2024-07-07T13:00:58.198Z [Modules] Streaming discord_krisp@1 to /home/peter/.config/discord/0.0.58/modules/pending/discord_krisp-1.zip: 71%
2024-07-07T13:00:58.202Z [Modules] Streaming discord_krisp@1 to /home/peter/.config/discord/0.0.58/modules/pending/discord_krisp-1.zip: 72%
2024-07-07T13:00:58.210Z [Modules] Streaming discord_krisp@1 to /home/peter/.config/discord/0.0.58/modules/pending/discord_krisp-1.zip: 73%
2024-07-07T13:00:58.218Z [Modules] Streaming discord_krisp@1 to /home/peter/.config/discord/0.0.58/modules/pending/discord_krisp-1.zip: 75%
2024-07-07T13:00:58.225Z [Modules] Streaming discord_krisp@1 to /home/peter/.config/discord/0.0.58/modules/pending/discord_krisp-1.zip: 76%
2024-07-07T13:00:58.228Z [Modules] Streaming discord_krisp@1 to /home/peter/.config/discord/0.0.58/modules/pending/discord_krisp-1.zip: 77%
2024-07-07T13:00:58.236Z [Modules] Streaming discord_krisp@1 to /home/peter/.config/discord/0.0.58/modules/pending/discord_krisp-1.zip: 78%
2024-07-07T13:00:58.238Z [Modules] Streaming discord_krisp@1 to /home/peter/.config/discord/0.0.58/modules/pending/discord_krisp-1.zip: 79%
2024-07-07T13:00:58.256Z [Modules] Streaming discord_krisp@1 to /home/peter/.config/discord/0.0.58/modules/pending/discord_krisp-1.zip: 81%
2024-07-07T13:00:58.268Z [Modules] Streaming discord_krisp@1 to /home/peter/.config/discord/0.0.58/modules/pending/discord_krisp-1.zip: 82%
2024-07-07T13:00:58.270Z [Modules] Streaming discord_krisp@1 to /home/peter/.config/discord/0.0.58/modules/pending/discord_krisp-1.zip: 83%
2024-07-07T13:00:58.293Z [Modules] Streaming discord_krisp@1 to /home/peter/.config/discord/0.0.58/modules/pending/discord_krisp-1.zip: 84%
2024-07-07T13:00:58.306Z [Modules] Streaming discord_krisp@1 to /home/peter/.config/discord/0.0.58/modules/pending/discord_krisp-1.zip: 86%
2024-07-07T13:00:58.323Z [Modules] Streaming discord_krisp@1 to /home/peter/.config/discord/0.0.58/modules/pending/discord_krisp-1.zip: 87%
2024-07-07T13:00:58.352Z [Modules] Streaming discord_krisp@1 to /home/peter/.config/discord/0.0.58/modules/pending/discord_krisp-1.zip: 90%
2024-07-07T13:00:58.369Z [Modules] Streaming discord_krisp@1 to /home/peter/.config/discord/0.0.58/modules/pending/discord_krisp-1.zip: 92%
2024-07-07T13:00:58.400Z [Modules] Streaming discord_krisp@1 to /home/peter/.config/discord/0.0.58/modules/pending/discord_krisp-1.zip: 95%
2024-07-07T13:00:58.401Z [Modules] Streaming discord_krisp@1 to /home/peter/.config/discord/0.0.58/modules/pending/discord_krisp-1.zip: 96%
2024-07-07T13:00:58.414Z [Modules] Streaming discord_krisp@1 to /home/peter/.config/discord/0.0.58/modules/pending/discord_krisp-1.zip: 97%
2024-07-07T13:00:58.429Z [Modules] Streaming discord_krisp@1 to /home/peter/.config/discord/0.0.58/modules/pending/discord_krisp-1.zip: 98%
2024-07-07T13:00:58.443Z [Modules] Streaming discord_krisp@1 to /home/peter/.config/discord/0.0.58/modules/pending/discord_krisp-1.zip: 99%
2024-07-07T13:00:58.449Z [Modules] Streaming discord_krisp@1 to /home/peter/.config/discord/0.0.58/modules/pending/discord_krisp-1.zip: 100%
2024-07-07T13:00:58.458Z [Modules] Fetching discord_game_utils@1 from https://discord.com/api/modules/stable/discord_game_utils/1
2024-07-07T13:00:58.459Z [Modules] Streaming discord_game_utils@1 to /home/peter/.config/discord/0.0.58/modules/pending/discord_game_utils-1.zip
2024-07-07T13:00:58.459Z [Modules] Installing discord_krisp@1 from /home/peter/.config/discord/0.0.58/modules/pending/discord_krisp-1.zip
2024-07-07T13:00:58.766Z [Modules] Streaming discord_game_utils@1 to /home/peter/.config/discord/0.0.58/modules/pending/discord_game_utils-1.zip: 2%
2024-07-07T13:00:58.772Z [Modules] Streaming discord_game_utils@1 to /home/peter/.config/discord/0.0.58/modules/pending/discord_game_utils-1.zip: 5%
2024-07-07T13:00:58.778Z [Modules] Streaming discord_game_utils@1 to /home/peter/.config/discord/0.0.58/modules/pending/discord_game_utils-1.zip: 10%
2024-07-07T13:00:58.816Z [Modules] Streaming discord_game_utils@1 to /home/peter/.config/discord/0.0.58/modules/pending/discord_game_utils-1.zip: 17%
2024-07-07T13:00:58.846Z [Modules] Streaming discord_game_utils@1 to /home/peter/.config/discord/0.0.58/modules/pending/discord_game_utils-1.zip: 31%
2024-07-07T13:00:58.852Z [Modules] Streaming discord_game_utils@1 to /home/peter/.config/discord/0.0.58/modules/pending/discord_game_utils-1.zip: 34%
2024-07-07T13:00:59.185Z [Modules] Streaming discord_game_utils@1 to /home/peter/.config/discord/0.0.58/modules/pending/discord_game_utils-1.zip: 36%
2024-07-07T13:00:59.187Z [Modules] Streaming discord_game_utils@1 to /home/peter/.config/discord/0.0.58/modules/pending/discord_game_utils-1.zip: 44%
2024-07-07T13:00:59.205Z [Modules] Streaming discord_game_utils@1 to /home/peter/.config/discord/0.0.58/modules/pending/discord_game_utils-1.zip: 46%
2024-07-07T13:00:59.207Z [Modules] Streaming discord_game_utils@1 to /home/peter/.config/discord/0.0.58/modules/pending/discord_game_utils-1.zip: 49%
2024-07-07T13:00:59.289Z [Modules] Streaming discord_game_utils@1 to /home/peter/.config/discord/0.0.58/modules/pending/discord_game_utils-1.zip: 53%
2024-07-07T13:00:59.517Z [Modules] Streaming discord_game_utils@1 to /home/peter/.config/discord/0.0.58/modules/pending/discord_game_utils-1.zip: 58%
2024-07-07T13:00:59.531Z [Modules] Streaming discord_game_utils@1 to /home/peter/.config/discord/0.0.58/modules/pending/discord_game_utils-1.zip: 60%
2024-07-07T13:00:59.532Z [Modules] Streaming discord_game_utils@1 to /home/peter/.config/discord/0.0.58/modules/pending/discord_game_utils-1.zip: 63%
2024-07-07T13:00:59.713Z [Modules] Streaming discord_game_utils@1 to /home/peter/.config/discord/0.0.58/modules/pending/discord_game_utils-1.zip: 65%
2024-07-07T13:00:59.715Z [Modules] Streaming discord_game_utils@1 to /home/peter/.config/discord/0.0.58/modules/pending/discord_game_utils-1.zip: 67%
2024-07-07T13:00:59.724Z [Modules] Streaming discord_game_utils@1 to /home/peter/.config/discord/0.0.58/modules/pending/discord_game_utils-1.zip: 72%
2024-07-07T13:00:59.753Z [Modules] Streaming discord_game_utils@1 to /home/peter/.config/discord/0.0.58/modules/pending/discord_game_utils-1.zip: 75%
2024-07-07T13:00:59.882Z [Modules] Streaming discord_game_utils@1 to /home/peter/.config/discord/0.0.58/modules/pending/discord_game_utils-1.zip: 78%
2024-07-07T13:00:59.884Z [Modules] Streaming discord_game_utils@1 to /home/peter/.config/discord/0.0.58/modules/pending/discord_game_utils-1.zip: 80%
2024-07-07T13:00:59.980Z [Modules] Streaming discord_game_utils@1 to /home/peter/.config/discord/0.0.58/modules/pending/discord_game_utils-1.zip: 82%
2024-07-07T13:00:59.982Z [Modules] Streaming discord_game_utils@1 to /home/peter/.config/discord/0.0.58/modules/pending/discord_game_utils-1.zip: 89%
2024-07-07T13:00:59.996Z [Modules] Streaming discord_game_utils@1 to /home/peter/.config/discord/0.0.58/modules/pending/discord_game_utils-1.zip: 92%
2024-07-07T13:01:00.000Z [Modules] Streaming discord_game_utils@1 to /home/peter/.config/discord/0.0.58/modules/pending/discord_game_utils-1.zip: 100%
2024-07-07T13:01:00.006Z [Modules] Finished module downloads. [success: 2] [failure: 0]
2024-07-07T13:01:00.433Z [Modules] Checking for host updates.
2024-07-07T13:01:00.724Z [Modules] Host is up to date.
2024-07-07T13:01:00.725Z [Modules] Checking for module updates at https://discord.com/api/modules/stable/versions.json
2024-07-07T13:01:00.736Z [Modules] No module updates available.
2024-07-07T13:01:00.893Z [Modules] Starting to install discord_rpc...
2024-07-07T13:01:00.897Z [Modules] Fetching discord_rpc@1 from https://discord.com/api/modules/stable/discord_rpc/1
2024-07-07T13:01:00.897Z [Modules] Streaming discord_rpc@1 to /home/peter/.config/discord/0.0.58/modules/pending/discord_rpc-1.zip
2024-07-07T13:01:01.137Z [Modules] Streaming discord_rpc@1 to /home/peter/.config/discord/0.0.58/modules/pending/discord_rpc-1.zip: 100%
2024-07-07T13:01:01.140Z [Modules] Finished module downloads. [success: 1] [failure: 0]
2024-07-07T13:01:02.290Z [Modules] Installing discord_game_utils@1 from /home/peter/.config/discord/0.0.58/modules/pending/discord_game_utils-1.zip
2024-07-07T13:01:02.772Z [Modules] Installing discord_rpc@1 from /home/peter/.config/discord/0.0.58/modules/pending/discord_rpc-1.zip
2024-07-07T13:01:02.914Z [Modules] Finished module installations. [success: 3] [failure: 0]
2024-07-07T13:02:34.380Z [Modules] Checking for host updates.
2024-07-07T13:02:34.621Z [Modules] Host is up to date.
2024-07-07T13:02:34.622Z [Modules] Checking for module updates at https://discord.com/api/modules/stable/versions.json
2024-07-07T13:02:34.661Z [Modules] No module updates available.
2024-07-07T13:13:33.854Z [Modules] Modules initializing
2024-07-07T13:13:33.854Z [Modules] Distribution: remote
2024-07-07T13:13:33.855Z [Modules] Host updates: enabled
2024-07-07T13:13:33.855Z [Modules] Module updates: enabled
2024-07-07T13:13:33.855Z [Modules] Module install path: /home/peter/.config/discord/0.0.58/modules
2024-07-07T13:13:33.855Z [Modules] Module installed file path: /home/peter/.config/discord/0.0.58/modules/installed.json
2024-07-07T13:13:33.855Z [Modules] Module download path: /home/peter/.config/discord/0.0.58/modules/pending
2024-07-07T13:13:34.181Z [Modules] No updates to install
2024-07-07T13:13:34.182Z [Modules] Checking for host updates.
2024-07-07T13:13:34.422Z [Modules] Host is up to date.
2024-07-07T13:13:34.423Z [Modules] Checking for module updates at https://discord.com/api/modules/stable/versions.json
2024-07-07T13:13:34.450Z [Modules] No module updates available.
2024-07-07T13:13:39.354Z [Modules] Checking for host updates.
2024-07-07T13:13:39.536Z [Modules] Host is up to date.
2024-07-07T13:13:39.536Z [Modules] Checking for module updates at https://discord.com/api/modules/stable/versions.json
2024-07-07T13:13:39.539Z [Modules] No module updates available.
