[95056][1717227848084][main][info]["Booting Postman 11.0.4, linux-6.6.32-1-lts on x64"]
[95056][1717227848088][main][info]["EventBus~initialize - Success"]
[95056][1717227848092][main][info]["Proxy configuration has not been setup"]
[95056][1717227848093][main][info]["CloudProxyManager~init - Success"]
[95056][1717227848099][main][info]["performShellDataMigration: Starting shell data migration"]
[95056][1717227848099][main][info]["migrateShellData:Starting"]
[95056][1717227848120][main][info]["migrateShellData: Old storage cleaned up"]
[95056][1717227848331][main][info]["migrateShellData: Got data from shell. Writing to storage"]
[95056][1717227848340][main][info]["performShellDataMigration: Migration successful on try count 1"]
[95056][1717227848350][main][info]["UpdateHandler~init - Success"]
[95056][1717227848353][main][info]["LeaderSelection: Initialized successfully"]
[95056][1717227848355][main][info]["VersionDependencyService: Initialized successfully"]
[95056][1717227848369][main][info]["Generated root certificate for linux"]
[95056][1717227848372][main][info]["LinuxAutoUpdater~Cleanup - Initial cleanup successful"]
[95056][1717227848412][main][info]["GPU detected VID 32902 DID 358 ACTIVE true"]
[95056][1717227848415][main][info]["newAccountRegionPreferenceService~getPreferenceWithFallback - Preference not found in storage."]
[95056][1717227848416][main][info]["newAccountRegionPreferenceService~getToggleMenuTemplate - Using preference:","useUSRegion"]
[95056][1717227848436][main][info]["shellController~init: Success"]
[95056][1717227848442][main][info]["shellMeta~init: Success"]
[95056][1717227848442][main][info]["partitionMigrationService: State of V7 partition:"]
[95056][1717227848443][main][info]["partitionMigrationService: V7 partitions",[]]
[95056][1717227848443][main][info]["partitionMigrationService~rectifyNamespaceOfScratchPadPartition: There is no partition with scratchpad namespace"]
[95056][1717227848443][main][info]["partitionMigrationService~rectifyNamespaceOfScratchPadPartition: There is no transit partition which could have been used for scratchpad"]
[95056][1717227848444][main][info]["partitionMigrationService~init: Success"]
[95056][1717227848455][main][info]["partitionMigrationService~runV8PartitionsIntegrity: Two way migration~ removing the following partitions from v8",[]]
[95056][1717227848459][main][info]["userPartitionService~_rectifyTheActivePartitionOfApplication: Setting the active partition to ",null]
[95056][1717227848471][main][info]["userPartitionService~init: Success"]
[95056][1717227848520][main][info]["userPartitionService: State of v8 partition system:"]
[95056][1717227848525][main][info]["shell~init~getPartitionToLoad: loading scratchpad partition"]
[95056][1717227848528][main][info]["userPartitionService: List of partitions:",[]]
[95056][1717227848529][main][info]["userPartitionService: users global meta:",{}]
[95056][1717227848536][main][info]["proxyCertificateService~ensureRootCAPresence: Deleting and creating new certificates"]
[95056][1717227848564][main][info]["Main:windowManager~newRequesterWindow: Fetch and update runtime config: undefined"]
[95056][1717227852176][main][info]["RuntimeIPCAgent~started: Success"]
[95056][1717227852872][main][info]["Main~scratchpadThemeAction:: action: set, value: light"]
[95056][1717227852877][main][info]["Main~scratchpadThemeAction:: action: set, value: light"]
[95056][1717227852885][main][info]["Main~scratchpadThemeAction:: action: set, value: light"]
[95056][1717227852918][main][info]["UpdateHandler~app-update-events - Received event",{"name":"checkForElectronVersionUpdated","namespace":"appUpdate"}]
[95056][1717227852931][main][info]["windowManager: First requester booted successfully."]
[95056][1717227852932][main][info]["windowManager~restoreWindows: Restoring requester windows"]
[95056][1717227852932][main][info]["Main~AppEvents - Received booted event for process requester.Version undefined UI Version: undefined Desktop Platform Version: 11.0.4"]
[95056][1717227859358][main][info]["VersionDependencyService: Resetting UI version as user logged out/switched account"]
[95056][1717227859359][main][info]["Main - model-events~user - (users, add) received"]
[95056][1717227859712][main][info]["AuthHandler~open: Received dom-ready event."]
[95056][1717227859722][main][info]["AuthHandler~open: Received did-finish-load event."]
[95056][1717227859873][main][warn]["AuthHandler~open: Current app is not default protocol client - Falling back to polling mechanism."]
[95056][1717227859876][main][info]["newAccountRegionPreferenceService~getPreferenceWithFallback - Preference not found in storage."]
[95056][1717227859876][main][info]["newAccountRegionPreferenceService~getRegionPreference - Using preference:","useUSRegion"]
[95056][1717227859877][main][info]["AuthHandler~open: new Account region preference:","us"]
[95056][1717227859877][main][info]["AuthHandler~open: get multiLoginToken token."]
[95056][1717227859879][main][info]["AuthHandler~open: Publishing initialize event to auth-window channel."]
[95056][1717227864247][main][info]["userPartitionService: State of v8 partition system:"]
[95056][1717227864286][main][info]["shell~init~getPartitionToLoad: loading scratchpad partition"]
[95056][1717227864302][main][info]["userPartitionService: List of partitions:",[{"partitionId":"bd3359dc-50e5-4f45-90b9-3c0974861616","namespace":"scratchPad","userId":0,"teamId":0,"isDirty":false}]]
[95056][1717227864302][main][info]["userPartitionService: users global meta:",{}]
[95056][1717227864343][main][info]["Main:windowManager~newRequesterWindow: Fetch and update runtime config: undefined"]
[95056][1717227867544][main][info]["Main~scratchpadThemeAction:: action: set, value: light"]
[95056][1717227867549][main][info]["Main~scratchpadThemeAction:: action: set, value: light"]
[95056][1717227867550][main][info]["Main~scratchpadThemeAction:: action: set, value: light"]
[95056][1717227867585][main][info]["UpdateHandler~app-update-events - Received event",{"name":"checkForElectronVersionUpdated","namespace":"appUpdate"}]
[95056][1717227867598][main][info]["windowManager: First requester booted successfully."]
[95056][1717227867599][main][info]["windowManager~restoreWindows: Restoring requester windows"]
[95056][1717227867599][main][info]["Main~AppEvents - Received booted event for process requester.Version undefined UI Version: undefined Desktop Platform Version: 11.0.4"]
[95056][1717227877828][main][info]["UpdateHandler~app-update-events - Received event",{"name":"updateElectron","namespace":"appUpdate","data":{"channel":"stable","version":"11.0.4","downloadVersion":"11.1.14","appId":"72f77c30-8eb4-47e3-b511-efcc1bf59a10","userAgent":"Mozilla/5.0 (X11; Linux x86_64) AppleWebKit/537.36 (KHTML, like Gecko) Postman/11.0.4 Electron/20.3.11 Safari/537.36","platform":"LINUX","arch":"64","downloadURL":"https://dl.pstmn.io/download/version/11.1.14/linux_64","updateServerDomain":"https://dl.pstmn.io/","additionalParamsString":"installationId=72f77c30-8eb4-47e3-b511-efcc1bf59a10&userId=0&syncEnabled=false&teamPlan=&teamId=0","userId":"0"}}]
[95056][1717227877828][main][info]["LinuxUpdater~downloadUpdate - UpdateInfo received",{"channel":"stable","version":"11.0.4","downloadVersion":"11.1.14","appId":"72f77c30-8eb4-47e3-b511-efcc1bf59a10","userAgent":"Mozilla/5.0 (X11; Linux x86_64) AppleWebKit/537.36 (KHTML, like Gecko) Postman/11.0.4 Electron/20.3.11 Safari/537.36","platform":"LINUX","arch":"64","downloadURL":"https://dl.pstmn.io/download/version/11.1.14/linux_64","updateServerDomain":"https://dl.pstmn.io/","additionalParamsString":"installationId=72f77c30-8eb4-47e3-b511-efcc1bf59a10&userId=0&syncEnabled=false&teamPlan=&teamId=0","userId":"0"}]
[95056][1717227877856][main][info]["@postman/app-updater: error",{"errno":-13,"code":"EACCES","syscall":"open","path":"/opt/postman/Postman-1717227877829.tar.gz","name":"Error","message":"EACCES: permission denied, open '/opt/postman/Postman-1717227877829.tar.gz'","stack":"Error: EACCES: permission denied, open '/opt/postman/Postman-1717227877829.tar.gz'"},{"packageName":"Postman","eID":"Postman-1717227877829","downloadURL":"https://dl.pstmn.io/download/version/11.1.14/linux_64","downloadDirectory":"/opt/postman","downloadInfo":{"status":"DOWNLOAD_ERROR","error":{"errno":-13,"code":"EACCES","syscall":"open","path":"/opt/postman/Postman-1717227877829.tar.gz"},"downloadDirectory":"/opt/postman"}}]
[95056][1717227877857][main][info]["UpdateHandler~app-update-events - Received event",{"name":"electronAppUpdateError","namespace":"appUpdate","data":{"error":{"errno":-13,"code":"EACCES","syscall":"open","path":"/opt/postman/Postman-1717227877829.tar.gz","name":"Error","message":"EACCES: permission denied, open '/opt/postman/Postman-1717227877829.tar.gz'","stack":"Error: EACCES: permission denied, open '/opt/postman/Postman-1717227877829.tar.gz'"},"updateData":{"packageName":"Postman","eID":"Postman-1717227877829","downloadURL":"https://dl.pstmn.io/download/version/11.1.14/linux_64","downloadDirectory":"/opt/postman","downloadInfo":{"status":"DOWNLOAD_ERROR","error":{"errno":-13,"code":"EACCES","syscall":"open","path":"/opt/postman/Postman-1717227877829.tar.gz"},"downloadDirectory":"/opt/postman"}}}}]
[95056][1717227898941][main][info]["VersionDependencyService: Resetting UI version as user logged out/switched account"]
[95056][1717227898941][main][info]["Main - model-events~user - (users, add) received"]
[95056][1717227899324][main][info]["AuthHandler~open: Received dom-ready event."]
[95056][1717227899334][main][info]["AuthHandler~open: Received did-finish-load event."]
[95056][1717227899480][main][warn]["AuthHandler~open: Current app is not default protocol client - Falling back to polling mechanism."]
[95056][1717227899482][main][info]["newAccountRegionPreferenceService~getPreferenceWithFallback - Preference not found in storage."]
[95056][1717227899483][main][info]["newAccountRegionPreferenceService~getRegionPreference - Using preference:","useUSRegion"]
[95056][1717227899483][main][info]["AuthHandler~open: new Account region preference:","us"]
[95056][1717227899483][main][info]["AuthHandler~open: get multiLoginToken token."]
[95056][1717227899486][main][info]["AuthHandler~open: Publishing initialize event to auth-window channel."]
[95056][1717227909417][main][info]["Shell~init~loginUser: associating the user ","20695737"," with transit partition"]
[95056][1717227909418][main][info]["userPartitionService~getNewPartitionId: creating a partition with userId and teamId as 0"]
[95056][1717227909457][main][info]["userPartitionService~associateTransitPartition: ",{"partitionId":"f5a19e25-8390-4121-bdf4-acc82eedadd5","context":{"namespace":"users","userId":"20695737","teamId":"0","region":"us"}}]
[95056][1717227909495][main][info]["userPartitionService: State of v8 partition system:"]
[95056][1717227909504][main][info]["userPartitionService: List of partitions:",[{"partitionId":"f5a19e25-8390-4121-bdf4-acc82eedadd5","namespace":"users","userId":"20695737","teamId":"0","lastUpdated":"2024-06-01T07:45:09.457Z"},{"partitionId":"bd3359dc-50e5-4f45-90b9-3c0974861616","namespace":"scratchPad","userId":0,"teamId":0,"isDirty":false}]]
[95056][1717227909504][main][info]["userPartitionService: users global meta:",{}]
[95056][1717227909519][main][info]["Main:windowManager~newRequesterWindow: Fetch and update runtime config: us"]
[95056][1717227914920][main][info]["Main~getRemoteInitPath:: "]
[95056][1717227915966][main][info]["Main - model-events~user - (user, update) received"]
[95056][1717227915967][main][info]["Main~reload: https://desktop.postman.com/?desktopVersion=11.0.4&userId=20695737&teamId=0&region=us"]
[95056][1717227919806][main][info]["Main~getRemoteInitPath:: "]
[95056][1717227920630][main][info]["Main - model-events~user - (user, update) received"]
[95056][1717227921182][main][info]["UpdateHandler~app-update-events - Received event",{"name":"checkForElectronVersionUpdated","namespace":"appUpdate"}]
[95056][1717227921221][main][info]["windowManager: First requester booted successfully."]
[95056][1717227921222][main][info]["windowManager~restoreWindows: Restoring requester windows"]
[95056][1717227921222][main][info]["Main~AppEvents - Received booted event for process requester.Version 11.0.6 UI Version: 11.0.6-ui-240502-1530 Desktop Platform Version: 11.0.4"]
[95056][1717227921426][main][info]["Main~getRemoteInitPath:: "]
[95056][1717227921709][main][info]["Main~getPlatformLaunchPerfMetrics"]
[95056][1717227921863][main][info]["Main - model-events~user - (user, bootstrapUser) received"]
[95056][1717227921863][main][info]["model-events~user - bootstrapUser received"]
[95056][1717227923047][main][info]["INTERCEPTOR CONNECTIVITY: Attempting to start websocket server on port 15611"]
[95056][1717227923716][main][info]["Main - model-events~user - (user, bootstrapUser) received"]
[95056][1717227923716][main][info]["model-events~user - bootstrapUser received"]
[95056][1717227925156][main][error]["Error while retrieving user key from keychain",{"name":"Error","message":"The name is not activatable","stack":"Error: The name is not activatable"}]
[95056][1717227931708][main][info]["UpdateHandler~app-update-events - Received event",{"name":"updateElectron","namespace":"appUpdate","data":{"channel":"stable","version":"11.0.4","downloadVersion":"11.1.14","appId":"72f77c30-8eb4-47e3-b511-efcc1bf59a10","userAgent":"Mozilla/5.0 (X11; Linux x86_64) AppleWebKit/537.36 (KHTML, like Gecko) Postman/11.0.4 Electron/20.3.11 Safari/537.36","platform":"LINUX","arch":"64","downloadURL":"https://dl.pstmn.io/download/version/11.1.14/linux_64","updateServerDomain":"https://dl.pstmn.io/","additionalParamsString":"installationId=72f77c30-8eb4-47e3-b511-efcc1bf59a10&userId=20695737&syncEnabled=true&teamPlan=&teamId=0","userId":"20695737"}}]
[95056][1717227931709][main][info]["LinuxUpdater~downloadUpdate - UpdateInfo received",{"channel":"stable","version":"11.0.4","downloadVersion":"11.1.14","appId":"72f77c30-8eb4-47e3-b511-efcc1bf59a10","userAgent":"Mozilla/5.0 (X11; Linux x86_64) AppleWebKit/537.36 (KHTML, like Gecko) Postman/11.0.4 Electron/20.3.11 Safari/537.36","platform":"LINUX","arch":"64","downloadURL":"https://dl.pstmn.io/download/version/11.1.14/linux_64","updateServerDomain":"https://dl.pstmn.io/","additionalParamsString":"installationId=72f77c30-8eb4-47e3-b511-efcc1bf59a10&userId=20695737&syncEnabled=true&teamPlan=&teamId=0","userId":"20695737"}]
[95056][1717227931746][main][info]["@postman/app-updater: error",{"errno":-13,"code":"EACCES","syscall":"open","path":"/opt/postman/Postman-1717227931710.tar.gz","name":"Error","message":"EACCES: permission denied, open '/opt/postman/Postman-1717227931710.tar.gz'","stack":"Error: EACCES: permission denied, open '/opt/postman/Postman-1717227931710.tar.gz'"},{"packageName":"Postman","eID":"Postman-1717227931710","downloadURL":"https://dl.pstmn.io/download/version/11.1.14/linux_64","downloadDirectory":"/opt/postman","downloadInfo":{"status":"DOWNLOAD_ERROR","error":{"errno":-13,"code":"EACCES","syscall":"open","path":"/opt/postman/Postman-1717227931710.tar.gz"},"downloadDirectory":"/opt/postman"}}]
[95056][1717227931747][main][info]["UpdateHandler~app-update-events - Received event",{"name":"electronAppUpdateError","namespace":"appUpdate","data":{"error":{"errno":-13,"code":"EACCES","syscall":"open","path":"/opt/postman/Postman-1717227931710.tar.gz","name":"Error","message":"EACCES: permission denied, open '/opt/postman/Postman-1717227931710.tar.gz'","stack":"Error: EACCES: permission denied, open '/opt/postman/Postman-1717227931710.tar.gz'"},"updateData":{"packageName":"Postman","eID":"Postman-1717227931710","downloadURL":"https://dl.pstmn.io/download/version/11.1.14/linux_64","downloadDirectory":"/opt/postman","downloadInfo":{"status":"DOWNLOAD_ERROR","error":{"errno":-13,"code":"EACCES","syscall":"open","path":"/opt/postman/Postman-1717227931710.tar.gz"},"downloadDirectory":"/opt/postman"}}}}]
[95056][1717269087787][main][info]["WindowManager~closeHandler - Closed Window (id: 6 )"]
[95056][1717269087795][main][error]["Main~handleUncaughtError - Uncaught errors",{"name":"TypeError","message":"Cannot read properties of undefined (reading 'send')","stack":"TypeError: Cannot read properties of undefined (reading 'send')\n    at Object.sendMessageToInterceptor (/opt/postman/app/resources/app/services/websocketServer.js:144:10)\n    at Object.requesterWindowHandler (/opt/postman/app/resources/app/services/websocketServer.js:389:14)\n    at EventEmitter.emit (node:events:539:35)\n    at EventEmitter.emit (node:domain:475:12)\n    at _dispatch (/opt/postman/app/resources/app/common/_event-bus.js:256:14)\n    at EventBus._publish (/opt/postman/app/resources/app/common/_event-bus.js:207:9)\n    at Object.closedHandler (/opt/postman/app/resources/app/services/windowManager.js:1090:18)\n    at BrowserWindow.emit (node:events:527:28)\n    at BrowserWindow.emit (node:domain:475:12)"}]
[2292][1717338323450][main][info]["Booting Postman 11.0.4, linux-6.6.32-1-lts on x64"]
[2292][1717338323454][main][info]["EventBus~initialize - Success"]
[2292][1717338323458][main][info]["Proxy configuration has not been setup"]
[2292][1717338323458][main][info]["CloudProxyManager~init - Success"]
[2292][1717338323487][main][info]["performShellDataMigration: Migration has already been done. Bailing out"]
[2292][1717338323496][main][info]["UpdateHandler~init - Success"]
[2292][1717338323499][main][info]["LeaderSelection: Initialized successfully"]
[2292][1717338323500][main][info]["VersionDependencyService: Initialized successfully"]
[2292][1717338323510][main][info]["LinuxAutoUpdater~Cleanup - Initial cleanup successful"]
[2292][1717338323549][main][info]["GPU detected VID 32902 DID 358 ACTIVE true"]
[2292][1717338323555][main][info]["newAccountRegionPreferenceService~getPreferenceWithFallback - Preference not found in storage."]
[2292][1717338323556][main][info]["newAccountRegionPreferenceService~getToggleMenuTemplate - Using preference:","useUSRegion"]
[2292][1717338323581][main][info]["shellController~init: Success"]
[2292][1717338323596][main][info]["shellMeta~init: Success"]
[2292][1717338323596][main][info]["partitionMigrationService: State of V7 partition:"]
[2292][1717338323597][main][info]["partitionMigrationService: V7 partitions",[]]
[2292][1717338323597][main][info]["partitionMigrationService~rectifyNamespaceOfScratchPadPartition: There is no partition with scratchpad namespace"]
[2292][1717338323597][main][info]["partitionMigrationService~rectifyNamespaceOfScratchPadPartition: There is no transit partition which could have been used for scratchpad"]
[2292][1717338323598][main][info]["partitionMigrationService~init: Success"]
[2292][1717338323622][main][info]["partitionMigrationService~runV8PartitionsIntegrity: Two way migration~ removing the following partitions from v8",[]]
[2292][1717338323629][main][info]["userPartitionService~getRecentV8UserPartition: recent v8 user context partition ","f5a19e25-8390-4121-bdf4-acc82eedadd5"]
[2292][1717338323630][main][info]["userPartitionService~_rectifyTheActivePartitionOfApplication: Setting the active partition to ","f5a19e25-8390-4121-bdf4-acc82eedadd5"]
[2292][1717338323640][main][info]["userPartitionService~init: Success"]
[2292][1717338323663][main][info]["userPartitionService: State of v8 partition system:"]
[2292][1717338323667][main][info]["shell~init~getPartitionToLoad: loading active partition"]
[2292][1717338323670][main][info]["userPartitionService: List of partitions:",[{"partitionId":"f5a19e25-8390-4121-bdf4-acc82eedadd5","namespace":"users","userId":"20695737","teamId":"0","lastUpdated":"2024-06-01T07:45:09.457Z"},{"partitionId":"bd3359dc-50e5-4f45-90b9-3c0974861616","namespace":"scratchPad","userId":0,"teamId":0,"isDirty":false}]]
[2292][1717338323670][main][info]["userPartitionService: users global meta:",{}]
[2292][1717338323676][main][info]["Main:windowManager~newRequesterWindow: Fetch and update runtime config: us"]
[2292][1717338326074][main][info]["RuntimeIPCAgent~started: Success"]
[2292][1717338328603][main][info]["Main~getRemoteInitPath:: "]
[2292][1717338329708][main][info]["UpdateHandler~app-update-events - Received event",{"name":"checkForElectronVersionUpdated","namespace":"appUpdate"}]
[2292][1717338329740][main][info]["windowManager: First requester booted successfully."]
[2292][1717338329740][main][info]["windowManager~restoreWindows: Restoring requester windows"]
[2292][1717338329741][main][info]["Main~AppEvents - Received booted event for process requester.Version 11.0.6 UI Version: 11.0.6-ui-240502-1530 Desktop Platform Version: 11.0.4"]
[2292][1717338329980][main][info]["Main~getRemoteInitPath:: "]
[2292][1717338330252][main][info]["INTERCEPTOR CONNECTIVITY: Attempting to start websocket server on port 15611"]
[2292][1717338332260][main][info]["Main~getPlatformLaunchPerfMetrics"]
[2292][1717338333585][main][error]["Error while retrieving user key from keychain",{"name":"Error","message":"The name is not activatable","stack":"Error: The name is not activatable"}]
[2292][1717338335359][main][info]["Main - model-events~user - (user, bootstrapUser) received"]
[2292][1717338335359][main][info]["model-events~user - bootstrapUser received"]
[2292][1717338340166][main][info]["UpdateHandler~app-update-events - Received event",{"name":"updateElectron","namespace":"appUpdate","data":{"channel":"stable","version":"11.0.4","downloadVersion":"11.1.14","appId":"72f77c30-8eb4-47e3-b511-efcc1bf59a10","userAgent":"Mozilla/5.0 (X11; Linux x86_64) AppleWebKit/537.36 (KHTML, like Gecko) Postman/11.0.4 Electron/20.3.11 Safari/537.36","platform":"LINUX","arch":"64","downloadURL":"https://dl.pstmn.io/download/version/11.1.14/linux_64","updateServerDomain":"https://dl.pstmn.io/","additionalParamsString":"installationId=72f77c30-8eb4-47e3-b511-efcc1bf59a10&userId=20695737&syncEnabled=true&teamPlan=&teamId=0","userId":"20695737"}}]
[2292][1717338340167][main][info]["LinuxUpdater~downloadUpdate - UpdateInfo received",{"channel":"stable","version":"11.0.4","downloadVersion":"11.1.14","appId":"72f77c30-8eb4-47e3-b511-efcc1bf59a10","userAgent":"Mozilla/5.0 (X11; Linux x86_64) AppleWebKit/537.36 (KHTML, like Gecko) Postman/11.0.4 Electron/20.3.11 Safari/537.36","platform":"LINUX","arch":"64","downloadURL":"https://dl.pstmn.io/download/version/11.1.14/linux_64","updateServerDomain":"https://dl.pstmn.io/","additionalParamsString":"installationId=72f77c30-8eb4-47e3-b511-efcc1bf59a10&userId=20695737&syncEnabled=true&teamPlan=&teamId=0","userId":"20695737"}]
[2292][1717338340196][main][info]["@postman/app-updater: error",{"errno":-13,"code":"EACCES","syscall":"open","path":"/opt/postman/Postman-1717338340167.tar.gz","name":"Error","message":"EACCES: permission denied, open '/opt/postman/Postman-1717338340167.tar.gz'","stack":"Error: EACCES: permission denied, open '/opt/postman/Postman-1717338340167.tar.gz'"},{"packageName":"Postman","eID":"Postman-1717338340167","downloadURL":"https://dl.pstmn.io/download/version/11.1.14/linux_64","downloadDirectory":"/opt/postman","downloadInfo":{"status":"DOWNLOAD_ERROR","error":{"errno":-13,"code":"EACCES","syscall":"open","path":"/opt/postman/Postman-1717338340167.tar.gz"},"downloadDirectory":"/opt/postman"}}]
[2292][1717338340198][main][info]["UpdateHandler~app-update-events - Received event",{"name":"electronAppUpdateError","namespace":"appUpdate","data":{"error":{"errno":-13,"code":"EACCES","syscall":"open","path":"/opt/postman/Postman-1717338340167.tar.gz","name":"Error","message":"EACCES: permission denied, open '/opt/postman/Postman-1717338340167.tar.gz'","stack":"Error: EACCES: permission denied, open '/opt/postman/Postman-1717338340167.tar.gz'"},"updateData":{"packageName":"Postman","eID":"Postman-1717338340167","downloadURL":"https://dl.pstmn.io/download/version/11.1.14/linux_64","downloadDirectory":"/opt/postman","downloadInfo":{"status":"DOWNLOAD_ERROR","error":{"errno":-13,"code":"EACCES","syscall":"open","path":"/opt/postman/Postman-1717338340167.tar.gz"},"downloadDirectory":"/opt/postman"}}}}]
[2292][1717360161627][main][info]["WindowManager~closeHandler - Closed Window (id: 1 )"]
[2292][1717360161647][main][error]["Main~handleUncaughtError - Uncaught errors",{"name":"TypeError","message":"Cannot read properties of undefined (reading 'send')","stack":"TypeError: Cannot read properties of undefined (reading 'send')\n    at Object.sendMessageToInterceptor (/opt/postman/app/resources/app/services/websocketServer.js:144:10)\n    at Object.requesterWindowHandler (/opt/postman/app/resources/app/services/websocketServer.js:389:14)\n    at EventEmitter.emit (node:events:539:35)\n    at EventEmitter.emit (node:domain:475:12)\n    at _dispatch (/opt/postman/app/resources/app/common/_event-bus.js:256:14)\n    at EventBus._publish (/opt/postman/app/resources/app/common/_event-bus.js:207:9)\n    at Object.closedHandler (/opt/postman/app/resources/app/services/windowManager.js:1090:18)\n    at BrowserWindow.emit (node:events:527:28)\n    at BrowserWindow.emit (node:domain:475:12)"}]
