2024-06-10 17:58:57.729 [info] Log level: Info
2024-06-10 17:58:57.729 [info] Validating found git in: "git"
2024-06-10 17:58:57.729 [info] Using git "2.45.1" from "git"
2024-06-10 17:58:57.729 [info] > git rev-parse --show-toplevel [10ms]
2024-06-10 17:58:57.729 [info] > git rev-parse --git-dir --git-common-dir [2ms]
2024-06-10 17:58:57.729 [info] Open repository: /home/peter/Documents/elte/bead2
2024-06-10 17:58:57.730 [info] > git rev-parse --show-toplevel [3ms]
2024-06-10 17:58:57.731 [info] > git config --get commit.template [8ms]
2024-06-10 17:58:57.750 [info] > git rev-parse --show-toplevel [9ms]
2024-06-10 17:58:57.757 [info] > git rev-parse --show-toplevel [1ms]
2024-06-10 17:58:57.759 [info] > git for-each-ref --format=%(refname)%00%(upstream:short)%00%(objectname)%00%(upstream:track)%00%(upstream:remotename)%00%(upstream:remoteref) refs/heads/main refs/remotes/main [11ms]
2024-06-10 17:58:57.802 [info] > git status -z -uall [37ms]
2024-06-10 17:58:57.826 [info] > git merge-base refs/heads/main refs/remotes/origin/main [16ms]
2024-06-10 17:58:57.835 [info] > git config --get commit.template [11ms]
2024-06-10 17:58:57.838 [info] > git rev-list --count --left-right refs/heads/main...refs/remotes/origin/main [5ms]
2024-06-10 17:58:57.868 [info] > git for-each-ref --format=%(refname)%00%(upstream:short)%00%(objectname)%00%(upstream:track)%00%(upstream:remotename)%00%(upstream:remoteref) refs/heads/main refs/remotes/main [17ms]
2024-06-10 17:58:57.869 [info] > git diff --name-status -z --diff-filter=ADMR c8fb2423acd786bb9c6245af8fd7e4a4ef551142...refs/remotes/origin/main [24ms]
2024-06-10 17:58:57.896 [info] > git status -z -uall [19ms]
2024-06-10 17:58:58.249 [info] > git check-ignore -v -z --stdin [3ms]
2024-06-10 17:59:24.491 [info] > git show --textconv :README.md [14ms]
2024-06-10 17:59:24.494 [info] > git ls-files --stage -- /home/peter/Documents/elte/bead2/README.md [5ms]
2024-06-10 17:59:24.502 [info] > git cat-file -s 08a4d26eb67c5f47caaa4f5f8bd822ae684d05c5 [2ms]
2024-06-10 18:00:18.328 [info] > git check-ignore -v -z --stdin [2ms]
2024-06-10 18:00:20.153 [info] > git show --textconv :rest-api/readme.md [10ms]
2024-06-10 18:00:20.155 [info] > git ls-files --stage -- /home/peter/Documents/elte/bead2/rest-api/readme.md [3ms]
2024-06-10 18:00:20.168 [info] > git cat-file -s edff5828f905fe41855986bda10f6f9611aa25dd [3ms]
2024-06-10 18:00:26.096 [info] > git check-ignore -v -z --stdin [3ms]
2024-06-10 18:00:53.507 [info] > git check-ignore -v -z --stdin [2ms]
2024-06-10 18:01:16.745 [info] > git check-ignore -v -z --stdin [2ms]
2024-06-10 18:01:21.826 [info] > git config --get commit.template [8ms]
2024-06-10 18:01:21.827 [info] > git for-each-ref --format=%(refname)%00%(upstream:short)%00%(objectname)%00%(upstream:track)%00%(upstream:remotename)%00%(upstream:remoteref) refs/heads/main refs/remotes/main [3ms]
2024-06-10 18:01:21.856 [info] > git status -z -uall [21ms]
2024-06-10 18:01:30.356 [info] > git config --get commit.template [10ms]
2024-06-10 18:01:30.357 [info] > git for-each-ref --format=%(refname)%00%(upstream:short)%00%(objectname)%00%(upstream:track)%00%(upstream:remotename)%00%(upstream:remoteref) refs/heads/main refs/remotes/main [3ms]
2024-06-10 18:01:30.385 [info] > git status -z -uall [20ms]
