2024-06-02 15:35:37.338 [info] Reading sessions from keychain...
2024-06-02 15:35:37.338 [info] Getting sessions for all scopes...
2024-06-02 15:35:37.374 [info] Got 0 sessions for ...
2024-06-02 15:35:37.407 [info] Getting sessions for read:user,repo,user:email,workflow...
2024-06-02 15:35:37.407 [info] Got 0 sessions for read:user,repo,user:email,workflow...
2024-06-02 15:35:37.583 [info] Getting sessions for all scopes...
2024-06-02 15:35:37.583 [info] Got 0 sessions for ...
2024-06-02 22:31:22.694 [info] Getting sessions for read:user,repo,user:email,workflow...
2024-06-02 22:31:22.695 [info] Got 0 sessions for read:user,repo,user:email,workflow...
2024-06-02 22:31:27.573 [info] Logging in for the following scopes: read:user repo user:email workflow
2024-06-02 22:31:27.596 [info] Trying device code flow... (read:user repo user:email workflow)
2024-06-02 22:32:00.596 [info] Getting user info...
2024-06-02 22:32:01.004 [info] Got account info!
2024-06-02 22:32:01.005 [info] Storing 1 sessions...
2024-06-02 22:32:07.453 [info] Reading sessions from keychain...
2024-06-02 22:32:07.453 [info] Stored 1 sessions!
2024-06-02 22:32:07.453 [info] Login success!
2024-06-02 22:32:07.531 [info] Got stored sessions!
2024-06-02 22:32:07.531 [info] Got 1 verified sessions.
2024-06-02 22:32:07.813 [info] Getting sessions for read:user,repo,user:email,workflow...
2024-06-02 22:32:07.813 [info] Got 1 sessions for read:user,repo,user:email,workflow...
2024-06-02 22:34:26.799 [info] Getting sessions for read:user,repo,user:email,workflow...
2024-06-02 22:34:26.799 [info] Got 1 sessions for read:user,repo,user:email,workflow...
