2024-07-07T13:00:37.932Z 0: 

----------------------------------------------
2024-07-07T13:00:37.979Z 1: Discord starting: {"releaseChannel":"stable","version":"0.0.58"}, modulepath: /home/peter/.config/discord/0.0.58/modules
2024-07-07T13:00:38.057Z 2: ✅ webContents.created web1 ""
2024-07-07T13:00:38.074Z 3: ✅ window.created win1 "discord"
2024-07-07T13:00:38.617Z 4: ✅ webContents.did-finish-load web1
2024-07-07T13:00:53.121Z 5: ✅ webContents.created web2 ""
2024-07-07T13:00:53.149Z 6: ✅ window.created win2 "Discord"
2024-07-07T13:00:58.555Z 7: ✅ webContents.did-finish-load web2
2024-07-07T13:00:58.641Z 8: window.close win1
2024-07-07T13:00:58.719Z 9: webContents.destroyed web1
2024-07-07T13:00:58.733Z 10: window.closed win1
2024-07-07T13:02:33.358Z 11: ✅ webContents.did-finish-load web2
2024-07-07T13:13:28.259Z 12: window.close win2
2024-07-07T13:13:30.912Z 13: before-quit
2024-07-07T13:13:30.928Z 14: window.close win2
2024-07-07T13:13:31.044Z 15: webContents.destroyed web2
2024-07-07T13:13:33.961Z 0: 

----------------------------------------------
2024-07-07T13:13:33.978Z 1: Discord starting: {"releaseChannel":"stable","version":"0.0.58"}, modulepath: /home/peter/.config/discord/0.0.58/modules
2024-07-07T13:13:34.005Z 2: ✅ webContents.created web1 ""
2024-07-07T13:13:34.012Z 3: ✅ window.created win1 "discord"
2024-07-07T13:13:34.243Z 4: ✅ webContents.did-finish-load web1
2024-07-07T13:13:34.564Z 5: ✅ webContents.created web2 ""
2024-07-07T13:13:34.580Z 6: ✅ window.created win2 "Discord"
2024-07-07T13:13:37.313Z 7: ✅ webContents.did-finish-load web2
2024-07-07T13:13:37.414Z 8: window.close win1
2024-07-07T13:13:37.502Z 9: webContents.destroyed web1
2024-07-07T13:13:37.511Z 10: window.closed win1
2024-07-07T13:13:38.817Z 11: ✅ webContents.did-finish-load web2
2024-07-09T07:44:41.742Z 12: before-quit
