2024-05-30 16:55:44.949 [info] Deleted uninstalled extension from disk dart-code.flutter /home/peter/.vscode-oss/extensions/dart-code.flutter-3.88.0-universal
2024-05-30 16:55:44.955 [info] Deleted uninstalled extension from disk dart-code.dart-code /home/peter/.vscode-oss/extensions/dart-code.dart-code-3.88.1-universal
2024-05-30 16:55:45.045 [info] Deleted uninstalled extension from disk shan.code-settings-sync /home/peter/.vscode-oss/extensions/shan.code-settings-sync-3.4.3-universal
2024-05-30 16:57:49.785 [info] Getting Manifest... pinage404.git-extension-pack
2024-05-30 16:57:49.982 [info] Installing extension: pinage404.git-extension-pack
2024-05-30 16:57:50.293 [info] Getting Manifest... felipecaputo.git-project-manager
2024-05-30 16:57:50.490 [info] Getting Manifest... mhutchie.git-graph
2024-05-30 16:57:50.695 [info] Getting Manifest... eamodio.gitlens
2024-05-30 16:57:51.174 [info] Installing extension: felipecaputo.git-project-manager
2024-05-30 16:57:51.175 [info] Installing extension: mhutchie.git-graph
2024-05-30 16:57:51.175 [info] Installing extension: eamodio.gitlens
2024-05-30 16:57:52.042 [error] Could not load vsce-sign module Cannot find module '@vscode/vsce-sign'
Require stack:
- /usr/lib/code/out/bootstrap-amd.js
- /usr/lib/code/out/bootstrap-fork.js
2024-05-30 16:57:52.043 [info] Extension signature verification is not done: pinage404.git-extension-pack
2024-05-30 16:57:52.091 [info] Extracted extension to file:///home/peter/.vscode-oss/extensions/pinage404.git-extension-pack-2.0.0-universal: pinage404.git-extension-pack
2024-05-30 16:57:52.096 [info] Renamed to /home/peter/.vscode-oss/extensions/pinage404.git-extension-pack-2.0.0-universal
2024-05-30 16:57:52.099 [info] Extracting extension completed. pinage404.git-extension-pack
2024-05-30 16:57:52.193 [error] [uncaught exception in sharedProcess]: Error: ENOENT: no such file or directory, stat '/home/peter/.vscode-oss/extensions/extensions.json.vsctmp': EntryNotFound (FileSystemError): Error: ENOENT: no such file or directory, stat '/home/peter/.vscode-oss/extensions/extensions.json.vsctmp'
    at a.create (/usr/lib/code/out/vs/code/node/sharedProcess/sharedProcessMain.js:53:30019)
    at b (/usr/lib/code/out/vs/code/node/sharedProcess/sharedProcessMain.js:53:30130)
    at t.hb (/usr/lib/code/out/vs/code/node/sharedProcess/sharedProcessMain.js:58:36600)
    at t.stat (/usr/lib/code/out/vs/code/node/sharedProcess/sharedProcessMain.js:58:29040)
    at async $.stat (/usr/lib/code/out/vs/code/node/sharedProcess/sharedProcessMain.js:58:16186)
    at async J.sb (/usr/lib/code/out/vs/code/node/sharedProcess/sharedProcessMain.js:104:109501)
2024-05-30 16:57:52.207 [error] Could not load vsce-sign module Cannot find module '@vscode/vsce-sign'
Require stack:
- /usr/lib/code/out/bootstrap-amd.js
- /usr/lib/code/out/bootstrap-fork.js
2024-05-30 16:57:52.207 [info] Extension signature verification is not done: mhutchie.git-graph
2024-05-30 16:57:52.274 [error] Could not load vsce-sign module Cannot find module '@vscode/vsce-sign'
Require stack:
- /usr/lib/code/out/bootstrap-amd.js
- /usr/lib/code/out/bootstrap-fork.js
2024-05-30 16:57:52.274 [info] Extension signature verification is not done: felipecaputo.git-project-manager
2024-05-30 16:57:52.340 [info] Extracted extension to file:///home/peter/.vscode-oss/extensions/mhutchie.git-graph-1.30.0-universal: mhutchie.git-graph
2024-05-30 16:57:52.349 [info] Renamed to /home/peter/.vscode-oss/extensions/mhutchie.git-graph-1.30.0-universal
2024-05-30 16:57:52.357 [info] Extracting extension completed. mhutchie.git-graph
2024-05-30 16:57:52.390 [error] [uncaught exception in sharedProcess]: Error: ENOENT: no such file or directory, stat '/home/peter/.vscode-oss/extensions/extensions.json.vsctmp': EntryNotFound (FileSystemError): Error: ENOENT: no such file or directory, stat '/home/peter/.vscode-oss/extensions/extensions.json.vsctmp'
    at a.create (/usr/lib/code/out/vs/code/node/sharedProcess/sharedProcessMain.js:53:30019)
    at b (/usr/lib/code/out/vs/code/node/sharedProcess/sharedProcessMain.js:53:30130)
    at t.hb (/usr/lib/code/out/vs/code/node/sharedProcess/sharedProcessMain.js:58:36600)
    at t.stat (/usr/lib/code/out/vs/code/node/sharedProcess/sharedProcessMain.js:58:29040)
    at async $.stat (/usr/lib/code/out/vs/code/node/sharedProcess/sharedProcessMain.js:58:16186)
    at async J.sb (/usr/lib/code/out/vs/code/node/sharedProcess/sharedProcessMain.js:104:109501)
2024-05-30 16:57:52.421 [info] Extracted extension to file:///home/peter/.vscode-oss/extensions/felipecaputo.git-project-manager-1.8.2-universal: felipecaputo.git-project-manager
2024-05-30 16:57:52.426 [info] Renamed to /home/peter/.vscode-oss/extensions/felipecaputo.git-project-manager-1.8.2-universal
2024-05-30 16:57:52.428 [info] Extracting extension completed. felipecaputo.git-project-manager
2024-05-30 16:57:54.027 [error] Could not load vsce-sign module Cannot find module '@vscode/vsce-sign'
Require stack:
- /usr/lib/code/out/bootstrap-amd.js
- /usr/lib/code/out/bootstrap-fork.js
2024-05-30 16:57:54.027 [info] Extension signature verification is not done: eamodio.gitlens
2024-05-30 16:57:54.635 [info] Extracted extension to file:///home/peter/.vscode-oss/extensions/eamodio.gitlens-15.0.4-universal: eamodio.gitlens
2024-05-30 16:57:54.661 [info] Renamed to /home/peter/.vscode-oss/extensions/eamodio.gitlens-15.0.4-universal
2024-05-30 16:57:54.670 [info] Extracting extension completed. eamodio.gitlens
2024-05-30 16:57:54.690 [info] Extension installed successfully: pinage404.git-extension-pack
2024-05-30 16:57:54.690 [info] Extension installed successfully: mhutchie.git-graph
2024-05-30 16:57:54.690 [info] Extension installed successfully: felipecaputo.git-project-manager
2024-05-30 16:57:54.691 [info] Extension installed successfully: eamodio.gitlens
2024-05-30 16:57:54.758 [error] [uncaught exception in sharedProcess]: Error: ENOENT: no such file or directory, stat '/home/peter/.vscode-oss/extensions/extensions.json.vsctmp': EntryNotFound (FileSystemError): Error: ENOENT: no such file or directory, stat '/home/peter/.vscode-oss/extensions/extensions.json.vsctmp'
    at a.create (/usr/lib/code/out/vs/code/node/sharedProcess/sharedProcessMain.js:53:30019)
    at b (/usr/lib/code/out/vs/code/node/sharedProcess/sharedProcessMain.js:53:30130)
    at t.hb (/usr/lib/code/out/vs/code/node/sharedProcess/sharedProcessMain.js:58:36600)
    at t.stat (/usr/lib/code/out/vs/code/node/sharedProcess/sharedProcessMain.js:58:29040)
    at async $.stat (/usr/lib/code/out/vs/code/node/sharedProcess/sharedProcessMain.js:58:16186)
    at async J.sb (/usr/lib/code/out/vs/code/node/sharedProcess/sharedProcessMain.js:104:109501)
2024-05-30 16:58:35.899 [info] Uninstalling extension from the profile: pinage404.git-extension-pack@2.0.0 vscode-userdata:/home/peter/.vscode-oss/extensions/extensions.json
2024-05-30 16:58:35.924 [info] Uninstalling extension from the profile: eamodio.gitlens@15.0.4 vscode-userdata:/home/peter/.vscode-oss/extensions/extensions.json
2024-05-30 16:58:35.924 [info] Uninstalling extension from the profile: felipecaputo.git-project-manager@1.8.2 vscode-userdata:/home/peter/.vscode-oss/extensions/extensions.json
2024-05-30 16:58:35.925 [info] Uninstalling extension from the profile: mhutchie.git-graph@1.30.0 vscode-userdata:/home/peter/.vscode-oss/extensions/extensions.json
2024-05-30 16:58:35.959 [info] Marked extension as uninstalled pinage404.git-extension-pack-2.0.0-universal
2024-05-30 16:58:35.982 [info] Marked extension as uninstalled eamodio.gitlens-15.0.4-universal
2024-05-30 16:58:35.994 [info] Marked extension as uninstalled felipecaputo.git-project-manager-1.8.2-universal
2024-05-30 16:58:36.007 [info] Marked extension as uninstalled mhutchie.git-graph-1.30.0-universal
2024-05-30 16:58:36.012 [error] [uncaught exception in sharedProcess]: Error: ENOENT: no such file or directory, stat '/home/peter/.vscode-oss/extensions/extensions.json.vsctmp': EntryNotFound (FileSystemError): Error: ENOENT: no such file or directory, stat '/home/peter/.vscode-oss/extensions/extensions.json.vsctmp'
    at a.create (/usr/lib/code/out/vs/code/node/sharedProcess/sharedProcessMain.js:53:30019)
    at b (/usr/lib/code/out/vs/code/node/sharedProcess/sharedProcessMain.js:53:30130)
    at t.hb (/usr/lib/code/out/vs/code/node/sharedProcess/sharedProcessMain.js:58:36600)
    at t.stat (/usr/lib/code/out/vs/code/node/sharedProcess/sharedProcessMain.js:58:29040)
    at async $.stat (/usr/lib/code/out/vs/code/node/sharedProcess/sharedProcessMain.js:58:16186)
    at async J.sb (/usr/lib/code/out/vs/code/node/sharedProcess/sharedProcessMain.js:104:109501)
2024-05-30 16:58:36.189 [info] Successfully uninstalled extension from the profile pinage404.git-extension-pack@2.0.0 vscode-userdata:/home/peter/.vscode-oss/extensions/extensions.json
2024-05-30 16:58:36.191 [info] Successfully uninstalled extension from the profile eamodio.gitlens@15.0.4 vscode-userdata:/home/peter/.vscode-oss/extensions/extensions.json
2024-05-30 16:58:36.193 [info] Successfully uninstalled extension from the profile felipecaputo.git-project-manager@1.8.2 vscode-userdata:/home/peter/.vscode-oss/extensions/extensions.json
2024-05-30 16:58:36.195 [info] Successfully uninstalled extension from the profile mhutchie.git-graph@1.30.0 vscode-userdata:/home/peter/.vscode-oss/extensions/extensions.json
